[ 2019-07-05T00:00:03+08:00 ] 127.0.0.1 /bsys/index.php/Home/Index/upload?title=123131&content=%E5%BD%93%E5%89%8D2%E4%BA%BA2%E9%A2%9D%E9%A2%9D2%E9%A2%9D
INFO: [ app_init ] --START--
INFO: Run Behavior\BuildLiteBehavior [ RunTime:0.000009s ]
INFO: [ app_init ] --END-- [ RunTime:0.000750s ]
INFO: [ app_begin ] --START--
INFO: Run Behavior\ReadHtmlCacheBehavior [ RunTime:0.001030s ]
INFO: [ app_begin ] --END-- [ RunTime:0.001062s ]
NOTIC: [8] Undefined index: content D:\xampp\htdocs\bsys\Application\Home\Controller\IndexController.class.php 第 22 行.
NOTIC: [8] Undefined index: content D:\xampp\htdocs\bsys\Application\Home\Controller\IndexController.class.php 第 22 行.
NOTIC: [2] sizeof(): Parameter must be an array or an object that implements Countable D:\xampp\htdocs\bsys\Application\Home\Controller\IndexController.class.php 第 22 行.
INFO: [ app_end ] --START--
INFO: Run Behavior\ShowPageTraceBehavior [ RunTime:0.001125s ]
INFO: [ app_end ] --END-- [ RunTime:0.001157s ]

[ 2019-07-05T00:00:37+08:00 ] 127.0.0.1 /bsys/index.php/Home/Index/upload?title=123131&content=%E5%BD%93%E5%89%8D2%E4%BA%BA2%E9%A2%9D%E9%A2%9D2%E9%A2%9D
INFO: [ app_init ] --START--
INFO: Run Behavior\BuildLiteBehavior [ RunTime:0.000009s ]
INFO: [ app_init ] --END-- [ RunTime:0.000969s ]
INFO: [ app_begin ] --START--
INFO: Run Behavior\ReadHtmlCacheBehavior [ RunTime:0.001483s ]
INFO: [ app_begin ] --END-- [ RunTime:0.001516s ]
NOTIC: [8] Undefined index: content D:\xampp\htdocs\bsys\Application\Home\Controller\IndexController.class.php 第 22 行.
NOTIC: [8] Undefined index: content D:\xampp\htdocs\bsys\Application\Home\Controller\IndexController.class.php 第 22 行.
NOTIC: [2] sizeof(): Parameter must be an array or an object that implements Countable D:\xampp\htdocs\bsys\Application\Home\Controller\IndexController.class.php 第 22 行.
INFO: [ app_end ] --START--
INFO: Run Behavior\ShowPageTraceBehavior [ RunTime:0.001471s ]
INFO: [ app_end ] --END-- [ RunTime:0.001502s ]

[ 2019-07-05T00:01:14+08:00 ] 127.0.0.1 /bsys/index.php/Home/Index/index/
INFO: [ app_init ] --START--
INFO: Run Behavior\BuildLiteBehavior [ RunTime:0.000009s ]
INFO: [ app_init ] --END-- [ RunTime:0.000937s ]
INFO: [ app_begin ] --START--
INFO: Run Behavior\ReadHtmlCacheBehavior [ RunTime:0.001457s ]
INFO: [ app_begin ] --END-- [ RunTime:0.001493s ]
INFO: [ view_parse ] --START--
INFO: [ template_filter ] --START--
INFO: Run Behavior\ContentReplaceBehavior [ RunTime:0.000028s ]
INFO: [ template_filter ] --END-- [ RunTime:0.000062s ]
INFO: Run Behavior\ParseTemplateBehavior [ RunTime:0.009255s ]
INFO: [ view_parse ] --END-- [ RunTime:0.009292s ]
INFO: [ view_filter ] --START--
INFO: Run Behavior\WriteHtmlCacheBehavior [ RunTime:0.001238s ]
INFO: [ view_filter ] --END-- [ RunTime:0.001265s ]
INFO: [ app_end ] --START--
INFO: Run Behavior\ShowPageTraceBehavior [ RunTime:0.001582s ]
INFO: [ app_end ] --END-- [ RunTime:0.001609s ]

[ 2019-07-05T00:01:17+08:00 ] 127.0.0.1 /bsys/index.php/Home/Index/upload?title=121%E9%A2%9D&content=21%E8%AE%A91
INFO: [ app_init ] --START--
INFO: Run Behavior\BuildLiteBehavior [ RunTime:0.000008s ]
INFO: [ app_init ] --END-- [ RunTime:0.000786s ]
INFO: [ app_begin ] --START--
INFO: Run Behavior\ReadHtmlCacheBehavior [ RunTime:0.001087s ]
INFO: [ app_begin ] --END-- [ RunTime:0.001125s ]
NOTIC: [8] Undefined index: content D:\xampp\htdocs\bsys\Application\Home\Controller\IndexController.class.php 第 22 行.
NOTIC: [8] Undefined index: content D:\xampp\htdocs\bsys\Application\Home\Controller\IndexController.class.php 第 22 行.
NOTIC: [2] sizeof(): Parameter must be an array or an object that implements Countable D:\xampp\htdocs\bsys\Application\Home\Controller\IndexController.class.php 第 22 行.
INFO: [ app_end ] --START--
INFO: Run Behavior\ShowPageTraceBehavior [ RunTime:0.001115s ]
INFO: [ app_end ] --END-- [ RunTime:0.001147s ]

[ 2019-07-05T00:02:01+08:00 ] 127.0.0.1 /bsys/index.php/Home/Index/upload?title=121%E9%A2%9D&content=21%E8%AE%A91
INFO: [ app_init ] --START--
INFO: Run Behavior\BuildLiteBehavior [ RunTime:0.000009s ]
INFO: [ app_init ] --END-- [ RunTime:0.000732s ]
INFO: [ app_begin ] --START--
INFO: Run Behavior\ReadHtmlCacheBehavior [ RunTime:0.001064s ]
INFO: [ app_begin ] --END-- [ RunTime:0.001100s ]
NOTIC: [8] Undefined index: content D:\xampp\htdocs\bsys\Application\Home\Controller\IndexController.class.php 第 22 行.
NOTIC: [8] Undefined index: content D:\xampp\htdocs\bsys\Application\Home\Controller\IndexController.class.php 第 22 行.
NOTIC: [2] sizeof(): Parameter must be an array or an object that implements Countable D:\xampp\htdocs\bsys\Application\Home\Controller\IndexController.class.php 第 22 行.
INFO: [ app_end ] --START--
INFO: Run Behavior\ShowPageTraceBehavior [ RunTime:0.001551s ]
INFO: [ app_end ] --END-- [ RunTime:0.001600s ]

[ 2019-07-05T00:02:04+08:00 ] 127.0.0.1 /bsys/index.php/Home/Index/upload?title=121%E9%A2%9D&content=21%E8%AE%A91
INFO: [ app_init ] --START--
INFO: Run Behavior\BuildLiteBehavior [ RunTime:0.000009s ]
INFO: [ app_init ] --END-- [ RunTime:0.000782s ]
INFO: [ app_begin ] --START--
INFO: Run Behavior\ReadHtmlCacheBehavior [ RunTime:0.001097s ]
INFO: [ app_begin ] --END-- [ RunTime:0.001132s ]
NOTIC: [8] Undefined index: content D:\xampp\htdocs\bsys\Application\Home\Controller\IndexController.class.php 第 22 行.
NOTIC: [8] Undefined index: content D:\xampp\htdocs\bsys\Application\Home\Controller\IndexController.class.php 第 22 行.
NOTIC: [2] sizeof(): Parameter must be an array or an object that implements Countable D:\xampp\htdocs\bsys\Application\Home\Controller\IndexController.class.php 第 22 行.
INFO: [ app_end ] --START--
INFO: Run Behavior\ShowPageTraceBehavior [ RunTime:0.001147s ]
INFO: [ app_end ] --END-- [ RunTime:0.001181s ]

[ 2019-07-05T00:02:05+08:00 ] 127.0.0.1 /bsys/index.php/Home/Index/index/
INFO: [ app_init ] --START--
INFO: Run Behavior\BuildLiteBehavior [ RunTime:0.000010s ]
INFO: [ app_init ] --END-- [ RunTime:0.000705s ]
INFO: [ app_begin ] --START--
INFO: Run Behavior\ReadHtmlCacheBehavior [ RunTime:0.001208s ]
INFO: [ app_begin ] --END-- [ RunTime:0.001248s ]
INFO: [ view_parse ] --START--
INFO: [ template_filter ] --START--
INFO: Run Behavior\ContentReplaceBehavior [ RunTime:0.000028s ]
INFO: [ template_filter ] --END-- [ RunTime:0.000058s ]
INFO: Run Behavior\ParseTemplateBehavior [ RunTime:0.009218s ]
INFO: [ view_parse ] --END-- [ RunTime:0.009256s ]
INFO: [ view_filter ] --START--
INFO: Run Behavior\WriteHtmlCacheBehavior [ RunTime:0.001244s ]
INFO: [ view_filter ] --END-- [ RunTime:0.001270s ]
INFO: [ app_end ] --START--
INFO: Run Behavior\ShowPageTraceBehavior [ RunTime:0.001150s ]
INFO: [ app_end ] --END-- [ RunTime:0.001176s ]

[ 2019-07-05T00:02:09+08:00 ] 127.0.0.1 /bsys/index.php/Home/Index/upload
INFO: [ app_init ] --START--
INFO: Run Behavior\BuildLiteBehavior [ RunTime:0.000009s ]
INFO: [ app_init ] --END-- [ RunTime:0.000737s ]
INFO: [ app_begin ] --START--
INFO: Run Behavior\ReadHtmlCacheBehavior [ RunTime:0.001018s ]
INFO: [ app_begin ] --END-- [ RunTime:0.001050s ]
NOTIC: [2] sizeof(): Parameter must be an array or an object that implements Countable D:\xampp\htdocs\bsys\Application\Home\Controller\IndexController.class.php 第 22 行.
INFO: [ app_end ] --START--
INFO: Run Behavior\ShowPageTraceBehavior [ RunTime:0.001112s ]
INFO: [ app_end ] --END-- [ RunTime:0.001147s ]

[ 2019-07-05T00:02:24+08:00 ] 127.0.0.1 /bsys/index.php/Home/Index/upload
INFO: [ app_init ] --START--
INFO: Run Behavior\BuildLiteBehavior [ RunTime:0.000009s ]
INFO: [ app_init ] --END-- [ RunTime:0.000736s ]
INFO: [ app_begin ] --START--
INFO: Run Behavior\ReadHtmlCacheBehavior [ RunTime:0.001032s ]
INFO: [ app_begin ] --END-- [ RunTime:0.001068s ]
NOTIC: [2] sizeof(): Parameter must be an array or an object that implements Countable D:\xampp\htdocs\bsys\Application\Home\Controller\IndexController.class.php 第 22 行.
INFO: [ app_end ] --START--
INFO: Run Behavior\ShowPageTraceBehavior [ RunTime:0.001202s ]
INFO: [ app_end ] --END-- [ RunTime:0.001241s ]

[ 2019-07-05T00:02:42+08:00 ] 127.0.0.1 /bsys/index.php/Home/Index/index/
INFO: [ app_init ] --START--
INFO: Run Behavior\BuildLiteBehavior [ RunTime:0.000009s ]
INFO: [ app_init ] --END-- [ RunTime:0.000916s ]
INFO: [ app_begin ] --START--
INFO: Run Behavior\ReadHtmlCacheBehavior [ RunTime:0.001486s ]
INFO: [ app_begin ] --END-- [ RunTime:0.001522s ]
INFO: [ view_parse ] --START--
INFO: [ template_filter ] --START--
INFO: Run Behavior\ContentReplaceBehavior [ RunTime:0.000025s ]
INFO: [ template_filter ] --END-- [ RunTime:0.000056s ]
INFO: Run Behavior\ParseTemplateBehavior [ RunTime:0.007793s ]
INFO: [ view_parse ] --END-- [ RunTime:0.007837s ]
INFO: [ view_filter ] --START--
INFO: Run Behavior\WriteHtmlCacheBehavior [ RunTime:0.000759s ]
INFO: [ view_filter ] --END-- [ RunTime:0.000784s ]
INFO: [ app_end ] --START--
INFO: Run Behavior\ShowPageTraceBehavior [ RunTime:0.001504s ]
INFO: [ app_end ] --END-- [ RunTime:0.001530s ]

[ 2019-07-05T00:02:47+08:00 ] 127.0.0.1 /bsys/index.php/Home/Index/upload
INFO: [ app_init ] --START--
INFO: Run Behavior\BuildLiteBehavior [ RunTime:0.000009s ]
INFO: [ app_init ] --END-- [ RunTime:0.000747s ]
INFO: [ app_begin ] --START--
INFO: Run Behavior\ReadHtmlCacheBehavior [ RunTime:0.001000s ]
INFO: [ app_begin ] --END-- [ RunTime:0.001036s ]
NOTIC: [2] sizeof(): Parameter must be an array or an object that implements Countable D:\xampp\htdocs\bsys\Application\Home\Controller\IndexController.class.php 第 22 行.
INFO: [ app_end ] --START--
INFO: Run Behavior\ShowPageTraceBehavior [ RunTime:0.001100s ]
INFO: [ app_end ] --END-- [ RunTime:0.001135s ]

[ 2019-07-05T00:03:07+08:00 ] 127.0.0.1 /bsys/index.php/Home/Index/upload
INFO: [ app_init ] --START--
INFO: Run Behavior\BuildLiteBehavior [ RunTime:0.000009s ]
INFO: [ app_init ] --END-- [ RunTime:0.000747s ]
INFO: [ app_begin ] --START--
INFO: Run Behavior\ReadHtmlCacheBehavior [ RunTime:0.001017s ]
INFO: [ app_begin ] --END-- [ RunTime:0.001054s ]
NOTIC: [2] sizeof(): Parameter must be an array or an object that implements Countable D:\xampp\htdocs\bsys\Application\Home\Controller\IndexController.class.php 第 22 行.
INFO: [ app_end ] --START--
INFO: Run Behavior\ShowPageTraceBehavior [ RunTime:0.001184s ]
INFO: [ app_end ] --END-- [ RunTime:0.001223s ]

[ 2019-07-05T00:04:42+08:00 ] 127.0.0.1 /bsys/index.php/Home/Index/index/
INFO: [ app_init ] --START--
INFO: Run Behavior\BuildLiteBehavior [ RunTime:0.000009s ]
INFO: [ app_init ] --END-- [ RunTime:0.000767s ]
INFO: [ app_begin ] --START--
INFO: Run Behavior\ReadHtmlCacheBehavior [ RunTime:0.001045s ]
INFO: [ app_begin ] --END-- [ RunTime:0.001076s ]
INFO: [ view_parse ] --START--
INFO: [ template_filter ] --START--
INFO: Run Behavior\ContentReplaceBehavior [ RunTime:0.000040s ]
INFO: [ template_filter ] --END-- [ RunTime:0.000087s ]
INFO: Run Behavior\ParseTemplateBehavior [ RunTime:0.011873s ]
INFO: [ view_parse ] --END-- [ RunTime:0.011914s ]
INFO: [ view_filter ] --START--
INFO: Run Behavior\WriteHtmlCacheBehavior [ RunTime:0.001297s ]
INFO: [ view_filter ] --END-- [ RunTime:0.001324s ]
INFO: [ app_end ] --START--
INFO: Run Behavior\ShowPageTraceBehavior [ RunTime:0.001183s ]
INFO: [ app_end ] --END-- [ RunTime:0.001214s ]

[ 2019-07-05T00:04:45+08:00 ] 127.0.0.1 /bsys/index.php/Home/Index/upload
INFO: [ app_init ] --START--
INFO: Run Behavior\BuildLiteBehavior [ RunTime:0.000009s ]
INFO: [ app_init ] --END-- [ RunTime:0.000941s ]
INFO: [ app_begin ] --START--
INFO: Run Behavior\ReadHtmlCacheBehavior [ RunTime:0.001419s ]
INFO: [ app_begin ] --END-- [ RunTime:0.001455s ]
NOTIC: [2] sizeof(): Parameter must be an array or an object that implements Countable D:\xampp\htdocs\bsys\Application\Home\Controller\IndexController.class.php 第 22 行.
NOTIC: [2] sizeof(): Parameter must be an array or an object that implements Countable D:\xampp\htdocs\bsys\Application\Home\Controller\IndexController.class.php 第 23 行.
INFO: [ app_end ] --START--
INFO: Run Behavior\ShowPageTraceBehavior [ RunTime:0.001763s ]
INFO: [ app_end ] --END-- [ RunTime:0.001804s ]

[ 2019-07-05T00:04:57+08:00 ] 127.0.0.1 /bsys/index.php/Home/Index/index/
INFO: [ app_init ] --START--
INFO: Run Behavior\BuildLiteBehavior [ RunTime:0.000020s ]
INFO: [ app_init ] --END-- [ RunTime:0.001312s ]
INFO: [ app_begin ] --START--
INFO: Run Behavior\ReadHtmlCacheBehavior [ RunTime:0.001471s ]
INFO: [ app_begin ] --END-- [ RunTime:0.001509s ]
INFO: [ view_parse ] --START--
INFO: [ template_filter ] --START--
INFO: Run Behavior\ContentReplaceBehavior [ RunTime:0.000026s ]
INFO: [ template_filter ] --END-- [ RunTime:0.000060s ]
INFO: Run Behavior\ParseTemplateBehavior [ RunTime:0.010204s ]
INFO: [ view_parse ] --END-- [ RunTime:0.010241s ]
INFO: [ view_filter ] --START--
INFO: Run Behavior\WriteHtmlCacheBehavior [ RunTime:0.001183s ]
INFO: [ view_filter ] --END-- [ RunTime:0.001209s ]
INFO: [ app_end ] --START--
INFO: Run Behavior\ShowPageTraceBehavior [ RunTime:0.001525s ]
INFO: [ app_end ] --END-- [ RunTime:0.001552s ]

[ 2019-07-05T00:05:02+08:00 ] 127.0.0.1 /bsys/index.php/Home/Index/upload
INFO: [ app_init ] --START--
INFO: Run Behavior\BuildLiteBehavior [ RunTime:0.000008s ]
INFO: [ app_init ] --END-- [ RunTime:0.000750s ]
INFO: [ app_begin ] --START--
INFO: Run Behavior\ReadHtmlCacheBehavior [ RunTime:0.001028s ]
INFO: [ app_begin ] --END-- [ RunTime:0.001060s ]
NOTIC: [2] sizeof(): Parameter must be an array or an object that implements Countable D:\xampp\htdocs\bsys\Application\Home\Controller\IndexController.class.php 第 22 行.
NOTIC: [8] Undefined index: content  D:\xampp\htdocs\bsys\Application\Home\Controller\IndexController.class.php 第 23 行.
NOTIC: [2] sizeof(): Parameter must be an array or an object that implements Countable D:\xampp\htdocs\bsys\Application\Home\Controller\IndexController.class.php 第 23 行.
INFO: [ app_end ] --START--
INFO: Run Behavior\ShowPageTraceBehavior [ RunTime:0.001050s ]
INFO: [ app_end ] --END-- [ RunTime:0.001080s ]

[ 2019-07-05T00:05:50+08:00 ] 127.0.0.1 /bsys/index.php/Home/Index/index/
INFO: [ app_init ] --START--
INFO: Run Behavior\BuildLiteBehavior [ RunTime:0.000010s ]
INFO: [ app_init ] --END-- [ RunTime:0.000786s ]
INFO: [ app_begin ] --START--
INFO: Run Behavior\ReadHtmlCacheBehavior [ RunTime:0.001076s ]
INFO: [ app_begin ] --END-- [ RunTime:0.001110s ]
INFO: [ view_parse ] --START--
INFO: [ template_filter ] --START--
INFO: Run Behavior\ContentReplaceBehavior [ RunTime:0.000038s ]
INFO: [ template_filter ] --END-- [ RunTime:0.000089s ]
INFO: Run Behavior\ParseTemplateBehavior [ RunTime:0.008725s ]
INFO: [ view_parse ] --END-- [ RunTime:0.008786s ]
INFO: [ view_filter ] --START--
INFO: Run Behavior\WriteHtmlCacheBehavior [ RunTime:0.000884s ]
INFO: [ view_filter ] --END-- [ RunTime:0.000910s ]
INFO: [ app_end ] --START--
INFO: Run Behavior\ShowPageTraceBehavior [ RunTime:0.001086s ]
INFO: [ app_end ] --END-- [ RunTime:0.001112s ]

[ 2019-07-05T00:05:53+08:00 ] 127.0.0.1 /bsys/index.php/Home/Index/upload
INFO: [ app_init ] --START--
INFO: Run Behavior\BuildLiteBehavior [ RunTime:0.000014s ]
INFO: [ app_init ] --END-- [ RunTime:0.000764s ]
INFO: [ app_begin ] --START--
INFO: Run Behavior\ReadHtmlCacheBehavior [ RunTime:0.001064s ]
INFO: [ app_begin ] --END-- [ RunTime:0.001098s ]
NOTIC: [2] sizeof(): Parameter must be an array or an object that implements Countable D:\xampp\htdocs\bsys\Application\Home\Controller\IndexController.class.php 第 22 行.
NOTIC: [8] Undefined index: content  D:\xampp\htdocs\bsys\Application\Home\Controller\IndexController.class.php 第 23 行.
INFO: [ app_end ] --START--
INFO: Run Behavior\ShowPageTraceBehavior [ RunTime:0.001164s ]
INFO: [ app_end ] --END-- [ RunTime:0.001196s ]

[ 2019-07-05T00:06:05+08:00 ] 127.0.0.1 /bsys/index.php/Home/Index/index/
INFO: [ app_init ] --START--
INFO: Run Behavior\BuildLiteBehavior [ RunTime:0.000009s ]
INFO: [ app_init ] --END-- [ RunTime:0.000734s ]
INFO: [ app_begin ] --START--
INFO: Run Behavior\ReadHtmlCacheBehavior [ RunTime:0.001026s ]
INFO: [ app_begin ] --END-- [ RunTime:0.001069s ]
INFO: [ view_parse ] --START--
INFO: [ template_filter ] --START--
INFO: Run Behavior\ContentReplaceBehavior [ RunTime:0.000027s ]
INFO: [ template_filter ] --END-- [ RunTime:0.000062s ]
INFO: Run Behavior\ParseTemplateBehavior [ RunTime:0.008043s ]
INFO: [ view_parse ] --END-- [ RunTime:0.008081s ]
INFO: [ view_filter ] --START--
INFO: Run Behavior\WriteHtmlCacheBehavior [ RunTime:0.000814s ]
INFO: [ view_filter ] --END-- [ RunTime:0.000839s ]
INFO: [ app_end ] --START--
INFO: Run Behavior\ShowPageTraceBehavior [ RunTime:0.001159s ]
INFO: [ app_end ] --END-- [ RunTime:0.001186s ]

[ 2019-07-05T00:06:09+08:00 ] 127.0.0.1 /bsys/index.php/Home/Index/upload
INFO: [ app_init ] --START--
INFO: Run Behavior\BuildLiteBehavior [ RunTime:0.000009s ]
INFO: [ app_init ] --END-- [ RunTime:0.000779s ]
INFO: [ app_begin ] --START--
INFO: Run Behavior\ReadHtmlCacheBehavior [ RunTime:0.001034s ]
INFO: [ app_begin ] --END-- [ RunTime:0.001067s ]
NOTIC: [2] sizeof(): Parameter must be an array or an object that implements Countable D:\xampp\htdocs\bsys\Application\Home\Controller\IndexController.class.php 第 22 行.
INFO: [ app_end ] --START--
INFO: Run Behavior\ShowPageTraceBehavior [ RunTime:0.001089s ]
INFO: [ app_end ] --END-- [ RunTime:0.001120s ]

[ 2019-07-05T00:06:23+08:00 ] 127.0.0.1 /bsys/index.php/Home/Index/index/
INFO: [ app_init ] --START--
INFO: Run Behavior\BuildLiteBehavior [ RunTime:0.000010s ]
INFO: [ app_init ] --END-- [ RunTime:0.000768s ]
INFO: [ app_begin ] --START--
INFO: Run Behavior\ReadHtmlCacheBehavior [ RunTime:0.001312s ]
INFO: [ app_begin ] --END-- [ RunTime:0.001350s ]
INFO: [ view_parse ] --START--
INFO: [ template_filter ] --START--
INFO: Run Behavior\ContentReplaceBehavior [ RunTime:0.000033s ]
INFO: [ template_filter ] --END-- [ RunTime:0.000083s ]
INFO: Run Behavior\ParseTemplateBehavior [ RunTime:0.008044s ]
INFO: [ view_parse ] --END-- [ RunTime:0.008085s ]
INFO: [ view_filter ] --START--
INFO: Run Behavior\WriteHtmlCacheBehavior [ RunTime:0.000802s ]
INFO: [ view_filter ] --END-- [ RunTime:0.000829s ]
INFO: [ app_end ] --START--
INFO: Run Behavior\ShowPageTraceBehavior [ RunTime:0.001283s ]
INFO: [ app_end ] --END-- [ RunTime:0.001322s ]

[ 2019-07-05T00:06:26+08:00 ] 127.0.0.1 /bsys/index.php/Home/Index/upload
INFO: [ app_init ] --START--
INFO: Run Behavior\BuildLiteBehavior [ RunTime:0.000008s ]
INFO: [ app_init ] --END-- [ RunTime:0.000786s ]
INFO: [ app_begin ] --START--
INFO: Run Behavior\ReadHtmlCacheBehavior [ RunTime:0.001056s ]
INFO: [ app_begin ] --END-- [ RunTime:0.001090s ]
NOTIC: [2] sizeof(): Parameter must be an array or an object that implements Countable D:\xampp\htdocs\bsys\Application\Home\Controller\IndexController.class.php 第 22 行.
NOTIC: [2] sizeof(): Parameter must be an array or an object that implements Countable D:\xampp\htdocs\bsys\Application\Home\Controller\IndexController.class.php 第 23 行.
INFO: [ app_end ] --START--
INFO: Run Behavior\ShowPageTraceBehavior [ RunTime:0.001105s ]
INFO: [ app_end ] --END-- [ RunTime:0.001135s ]

[ 2019-07-05T00:07:10+08:00 ] 127.0.0.1 /bsys/index.php/Home/Index/index/
INFO: [ app_init ] --START--
INFO: Run Behavior\BuildLiteBehavior [ RunTime:0.000011s ]
INFO: [ app_init ] --END-- [ RunTime:0.001116s ]
INFO: [ app_begin ] --START--
INFO: Run Behavior\ReadHtmlCacheBehavior [ RunTime:0.001538s ]
INFO: [ app_begin ] --END-- [ RunTime:0.001569s ]
INFO: [ view_parse ] --START--
INFO: [ template_filter ] --START--
INFO: Run Behavior\ContentReplaceBehavior [ RunTime:0.000029s ]
INFO: [ template_filter ] --END-- [ RunTime:0.000063s ]
INFO: Run Behavior\ParseTemplateBehavior [ RunTime:0.009141s ]
INFO: [ view_parse ] --END-- [ RunTime:0.009176s ]
INFO: [ view_filter ] --START--
INFO: Run Behavior\WriteHtmlCacheBehavior [ RunTime:0.001206s ]
INFO: [ view_filter ] --END-- [ RunTime:0.001232s ]
INFO: [ app_end ] --START--
INFO: Run Behavior\ShowPageTraceBehavior [ RunTime:0.001469s ]
INFO: [ app_end ] --END-- [ RunTime:0.001495s ]

[ 2019-07-05T00:07:15+08:00 ] 127.0.0.1 /bsys/index.php/Home/Index/upload
INFO: [ app_init ] --START--
INFO: Run Behavior\BuildLiteBehavior [ RunTime:0.000008s ]
INFO: [ app_init ] --END-- [ RunTime:0.000872s ]
INFO: [ app_begin ] --START--
INFO: Run Behavior\ReadHtmlCacheBehavior [ RunTime:0.001646s ]
INFO: [ app_begin ] --END-- [ RunTime:0.001695s ]
INFO: [ app_end ] --START--
INFO: Run Behavior\ShowPageTraceBehavior [ RunTime:0.001555s ]
INFO: [ app_end ] --END-- [ RunTime:0.001596s ]

[ 2019-07-05T00:32:09+08:00 ] 127.0.0.1 /bsys/index.php/Home/Index/index/
INFO: [ app_init ] --START--
INFO: Run Behavior\BuildLiteBehavior [ RunTime:0.000010s ]
INFO: [ app_init ] --END-- [ RunTime:0.000946s ]
INFO: [ app_begin ] --START--
INFO: Run Behavior\ReadHtmlCacheBehavior [ RunTime:0.001487s ]
INFO: [ app_begin ] --END-- [ RunTime:0.001521s ]
INFO: [ view_parse ] --START--
INFO: [ template_filter ] --START--
INFO: Run Behavior\ContentReplaceBehavior [ RunTime:0.000038s ]
INFO: [ template_filter ] --END-- [ RunTime:0.000083s ]
INFO: Run Behavior\ParseTemplateBehavior [ RunTime:0.009627s ]
INFO: [ view_parse ] --END-- [ RunTime:0.009670s ]
INFO: [ view_filter ] --START--
INFO: Run Behavior\WriteHtmlCacheBehavior [ RunTime:0.001255s ]
INFO: [ view_filter ] --END-- [ RunTime:0.001281s ]
INFO: [ app_end ] --START--
INFO: Run Behavior\ShowPageTraceBehavior [ RunTime:0.001604s ]
INFO: [ app_end ] --END-- [ RunTime:0.001630s ]

[ 2019-07-05T00:32:16+08:00 ] 127.0.0.1 /bsys/index.php/Home/Index/upload
INFO: [ app_init ] --START--
INFO: Run Behavior\BuildLiteBehavior [ RunTime:0.000014s ]
INFO: [ app_init ] --END-- [ RunTime:0.001046s ]
INFO: [ app_begin ] --START--
INFO: Run Behavior\ReadHtmlCacheBehavior [ RunTime:0.001409s ]
INFO: [ app_begin ] --END-- [ RunTime:0.001445s ]
INFO: [ app_end ] --START--
INFO: Run Behavior\ShowPageTraceBehavior [ RunTime:0.001514s ]
INFO: [ app_end ] --END-- [ RunTime:0.001549s ]

[ 2019-07-05T00:53:49+08:00 ] 127.0.0.1 /bsys/index.php/Home/Index/upload
INFO: [ app_init ] --START--
INFO: Run Behavior\BuildLiteBehavior [ RunTime:0.000008s ]
INFO: [ app_init ] --END-- [ RunTime:0.000898s ]
INFO: [ app_begin ] --START--
INFO: Run Behavior\ReadHtmlCacheBehavior [ RunTime:0.001405s ]
INFO: [ app_begin ] --END-- [ RunTime:0.001438s ]
INFO: [ app_end ] --START--
INFO: Run Behavior\ShowPageTraceBehavior [ RunTime:0.001662s ]
INFO: [ app_end ] --END-- [ RunTime:0.001701s ]

[ 2019-07-05T19:22:19+08:00 ] 127.0.0.1 /bsys/index.php/Home/Index/index
INFO: [ app_init ] --START--
INFO: Run Behavior\BuildLiteBehavior [ RunTime:0.000023s ]
INFO: [ app_init ] --END-- [ RunTime:0.001158s ]
INFO: [ app_begin ] --START--
INFO: Run Behavior\ReadHtmlCacheBehavior [ RunTime:0.001482s ]
INFO: [ app_begin ] --END-- [ RunTime:0.001518s ]
INFO: [ view_parse ] --START--
INFO: [ template_filter ] --START--
INFO: Run Behavior\ContentReplaceBehavior [ RunTime:0.000031s ]
INFO: [ template_filter ] --END-- [ RunTime:0.000063s ]
INFO: Run Behavior\ParseTemplateBehavior [ RunTime:0.009077s ]
INFO: [ view_parse ] --END-- [ RunTime:0.009112s ]
INFO: [ view_filter ] --START--
INFO: Run Behavior\WriteHtmlCacheBehavior [ RunTime:0.001196s ]
INFO: [ view_filter ] --END-- [ RunTime:0.001220s ]
INFO: [ app_end ] --START--
INFO: Run Behavior\ShowPageTraceBehavior [ RunTime:0.001433s ]
INFO: [ app_end ] --END-- [ RunTime:0.001457s ]

[ 2019-07-05T19:22:54+08:00 ] 127.0.0.1 /bsys/index.php/Home/Index/index
INFO: [ app_init ] --START--
INFO: Run Behavior\BuildLiteBehavior [ RunTime:0.000009s ]
INFO: [ app_init ] --END-- [ RunTime:0.000922s ]
INFO: [ app_begin ] --START--
INFO: Run Behavior\ReadHtmlCacheBehavior [ RunTime:0.001442s ]
INFO: [ app_begin ] --END-- [ RunTime:0.001472s ]
INFO: [ view_parse ] --START--
INFO: [ template_filter ] --START--
INFO: Run Behavior\ContentReplaceBehavior [ RunTime:0.000025s ]
INFO: [ template_filter ] --END-- [ RunTime:0.000056s ]
INFO: Run Behavior\ParseTemplateBehavior [ RunTime:0.008853s ]
INFO: [ view_parse ] --END-- [ RunTime:0.008887s ]
INFO: [ view_filter ] --START--
INFO: Run Behavior\WriteHtmlCacheBehavior [ RunTime:0.001135s ]
INFO: [ view_filter ] --END-- [ RunTime:0.001160s ]
INFO: [ app_end ] --START--
INFO: Run Behavior\ShowPageTraceBehavior [ RunTime:0.001452s ]
INFO: [ app_end ] --END-- [ RunTime:0.001476s ]

[ 2019-07-05T19:23:24+08:00 ] 127.0.0.1 /bsys/index.php/Home/Index/index
INFO: [ app_init ] --START--
INFO: Run Behavior\BuildLiteBehavior [ RunTime:0.000007s ]
INFO: [ app_init ] --END-- [ RunTime:0.000700s ]
INFO: [ app_begin ] --START--
INFO: Run Behavior\ReadHtmlCacheBehavior [ RunTime:0.001025s ]
INFO: [ app_begin ] --END-- [ RunTime:0.001056s ]
INFO: [ view_parse ] --START--
INFO: [ template_filter ] --START--
INFO: Run Behavior\ContentReplaceBehavior [ RunTime:0.000025s ]
INFO: [ template_filter ] --END-- [ RunTime:0.000056s ]
INFO: Run Behavior\ParseTemplateBehavior [ RunTime:0.007319s ]
INFO: [ view_parse ] --END-- [ RunTime:0.007350s ]
INFO: [ view_filter ] --START--
INFO: Run Behavior\WriteHtmlCacheBehavior [ RunTime:0.000746s ]
INFO: [ view_filter ] --END-- [ RunTime:0.000769s ]
INFO: [ app_end ] --START--
INFO: Run Behavior\ShowPageTraceBehavior [ RunTime:0.001084s ]
INFO: [ app_end ] --END-- [ RunTime:0.001109s ]

[ 2019-07-05T19:23:26+08:00 ] 127.0.0.1 /bsys/index.php/Home/Index/index
INFO: [ app_init ] --START--
INFO: Run Behavior\BuildLiteBehavior [ RunTime:0.000009s ]
INFO: [ app_init ] --END-- [ RunTime:0.000732s ]
INFO: [ app_begin ] --START--
INFO: Run Behavior\ReadHtmlCacheBehavior [ RunTime:0.001065s ]
INFO: [ app_begin ] --END-- [ RunTime:0.001094s ]
INFO: [ view_parse ] --START--
INFO: [ template_filter ] --START--
INFO: Run Behavior\ContentReplaceBehavior [ RunTime:0.000026s ]
INFO: [ template_filter ] --END-- [ RunTime:0.000057s ]
INFO: Run Behavior\ParseTemplateBehavior [ RunTime:0.007833s ]
INFO: [ view_parse ] --END-- [ RunTime:0.007874s ]
INFO: [ view_filter ] --START--
INFO: Run Behavior\WriteHtmlCacheBehavior [ RunTime:0.000827s ]
INFO: [ view_filter ] --END-- [ RunTime:0.000851s ]
INFO: [ app_end ] --START--
INFO: Run Behavior\ShowPageTraceBehavior [ RunTime:0.001105s ]
INFO: [ app_end ] --END-- [ RunTime:0.001131s ]

[ 2019-07-05T19:28:03+08:00 ] 127.0.0.1 /bsys/index.php/Home/Index/index
INFO: [ app_init ] --START--
INFO: Run Behavior\BuildLiteBehavior [ RunTime:0.000010s ]
INFO: [ app_init ] --END-- [ RunTime:0.001055s ]
INFO: [ app_begin ] --START--
INFO: Run Behavior\ReadHtmlCacheBehavior [ RunTime:0.001525s ]
INFO: [ app_begin ] --END-- [ RunTime:0.001555s ]
INFO: [ view_parse ] --START--
INFO: [ template_filter ] --START--
INFO: Run Behavior\ContentReplaceBehavior [ RunTime:0.000034s ]
INFO: [ template_filter ] --END-- [ RunTime:0.000071s ]
INFO: Run Behavior\ParseTemplateBehavior [ RunTime:0.009865s ]
INFO: [ view_parse ] --END-- [ RunTime:0.009903s ]
INFO: [ view_filter ] --START--
INFO: Run Behavior\WriteHtmlCacheBehavior [ RunTime:0.001355s ]
INFO: [ view_filter ] --END-- [ RunTime:0.001381s ]
INFO: [ app_end ] --START--
INFO: Run Behavior\ShowPageTraceBehavior [ RunTime:0.001625s ]
INFO: [ app_end ] --END-- [ RunTime:0.001655s ]

[ 2019-07-05T19:28:13+08:00 ] 127.0.0.1 /bsys/index.php/Home/Index/index
INFO: [ app_init ] --START--
INFO: Run Behavior\BuildLiteBehavior [ RunTime:0.000009s ]
INFO: [ app_init ] --END-- [ RunTime:0.000950s ]
INFO: [ app_begin ] --START--
INFO: Run Behavior\ReadHtmlCacheBehavior [ RunTime:0.001436s ]
INFO: [ app_begin ] --END-- [ RunTime:0.001465s ]
INFO: [ view_parse ] --START--
INFO: [ template_filter ] --START--
INFO: Run Behavior\ContentReplaceBehavior [ RunTime:0.000027s ]
INFO: [ template_filter ] --END-- [ RunTime:0.000061s ]
INFO: Run Behavior\ParseTemplateBehavior [ RunTime:0.009000s ]
INFO: [ view_parse ] --END-- [ RunTime:0.009033s ]
INFO: [ view_filter ] --START--
INFO: Run Behavior\WriteHtmlCacheBehavior [ RunTime:0.001239s ]
INFO: [ view_filter ] --END-- [ RunTime:0.001263s ]
INFO: [ app_end ] --START--
INFO: Run Behavior\ShowPageTraceBehavior [ RunTime:0.001524s ]
INFO: [ app_end ] --END-- [ RunTime:0.001549s ]

[ 2019-07-05T19:28:21+08:00 ] 127.0.0.1 /bsys/index.php/Home/Index/index
INFO: [ app_init ] --START--
INFO: Run Behavior\BuildLiteBehavior [ RunTime:0.000011s ]
INFO: [ app_init ] --END-- [ RunTime:0.001064s ]
INFO: [ app_begin ] --START--
INFO: Run Behavior\ReadHtmlCacheBehavior [ RunTime:0.001176s ]
INFO: [ app_begin ] --END-- [ RunTime:0.001214s ]
INFO: [ view_parse ] --START--
INFO: [ template_filter ] --START--
INFO: Run Behavior\ContentReplaceBehavior [ RunTime:0.000025s ]
INFO: [ template_filter ] --END-- [ RunTime:0.000052s ]
INFO: Run Behavior\ParseTemplateBehavior [ RunTime:0.007193s ]
INFO: [ view_parse ] --END-- [ RunTime:0.007224s ]
INFO: [ view_filter ] --START--
INFO: Run Behavior\WriteHtmlCacheBehavior [ RunTime:0.000801s ]
INFO: [ view_filter ] --END-- [ RunTime:0.000825s ]
INFO: [ app_end ] --START--
INFO: Run Behavior\ShowPageTraceBehavior [ RunTime:0.001101s ]
INFO: [ app_end ] --END-- [ RunTime:0.001126s ]

[ 2019-07-05T19:28:29+08:00 ] 127.0.0.1 /bsys/index.php/Home/Index/index
INFO: [ app_init ] --START--
INFO: Run Behavior\BuildLiteBehavior [ RunTime:0.000008s ]
INFO: [ app_init ] --END-- [ RunTime:0.000758s ]
INFO: [ app_begin ] --START--
INFO: Run Behavior\ReadHtmlCacheBehavior [ RunTime:0.001065s ]
INFO: [ app_begin ] --END-- [ RunTime:0.001099s ]
INFO: [ view_parse ] --START--
INFO: [ template_filter ] --START--
INFO: Run Behavior\ContentReplaceBehavior [ RunTime:0.000029s ]
INFO: [ template_filter ] --END-- [ RunTime:0.000058s ]
INFO: Run Behavior\ParseTemplateBehavior [ RunTime:0.007832s ]
INFO: [ view_parse ] --END-- [ RunTime:0.007866s ]
INFO: [ view_filter ] --START--
INFO: Run Behavior\WriteHtmlCacheBehavior [ RunTime:0.000821s ]
INFO: [ view_filter ] --END-- [ RunTime:0.000845s ]
INFO: [ app_end ] --START--
INFO: Run Behavior\ShowPageTraceBehavior [ RunTime:0.001101s ]
INFO: [ app_end ] --END-- [ RunTime:0.001126s ]

