[ 2019-06-11T20:03:01+08:00 ] 127.0.0.1 /bsys/Publicjquery-easyui-1.7.0/themes/default/easyui.css
INFO: [ app_init ] --START--
INFO: Run Behavior\BuildLiteBehavior [ RunTime:0.000013s ]
INFO: [ app_init ] --END-- [ RunTime:0.000866s ]
ERR: 无法加载模块:Publicjquery-easyui-1.7.0

[ 2019-06-11T20:03:01+08:00 ] 127.0.0.1 /bsys/Publicjquery-easyui-1.7.0/themes/color.css
INFO: [ app_init ] --START--
INFO: Run Behavior\BuildLiteBehavior [ RunTime:0.000014s ]
INFO: [ app_init ] --END-- [ RunTime:0.000998s ]
ERR: 无法加载模块:Publicjquery-easyui-1.7.0

[ 2019-06-11T20:03:01+08:00 ] 127.0.0.1 /bsys/Publicjquery-easyui-1.7.0/themes/icon.css
INFO: [ app_init ] --START--
INFO: Run Behavior\BuildLiteBehavior [ RunTime:0.000014s ]
INFO: [ app_init ] --END-- [ RunTime:0.001200s ]
ERR: 无法加载模块:Publicjquery-easyui-1.7.0

[ 2019-06-11T20:03:01+08:00 ] 127.0.0.1 /bsys/Publicjquery-easyui-1.7.0/jquery.easyui.min.js
INFO: [ app_init ] --START--
INFO: Run Behavior\BuildLiteBehavior [ RunTime:0.000013s ]
INFO: [ app_init ] --END-- [ RunTime:0.001221s ]
ERR: 无法加载模块:Publicjquery-easyui-1.7.0

[ 2019-06-11T20:03:01+08:00 ] 127.0.0.1 /bsys/Publicjquery-easyui-1.7.0/jquery.min.js
INFO: [ app_init ] --START--
INFO: Run Behavior\BuildLiteBehavior [ RunTime:0.000014s ]
INFO: [ app_init ] --END-- [ RunTime:0.000914s ]
ERR: 无法加载模块:Publicjquery-easyui-1.7.0

[ 2019-06-11T20:03:01+08:00 ] 127.0.0.1 /bsys/Publicjquery-easyui-1.7.0/jquery.easyui.min.js
INFO: [ app_init ] --START--
INFO: Run Behavior\BuildLiteBehavior [ RunTime:0.000007s ]
INFO: [ app_init ] --END-- [ RunTime:0.000601s ]
ERR: 无法加载模块:Publicjquery-easyui-1.7.0

