[ 2019-07-07T09:55:07+08:00 ] 127.0.0.1 /bsys/index.php/themes/default/easyui.css
INFO: [ app_init ] --START--
INFO: Run Behavior\BuildLiteBehavior [ RunTime:0.000015s ]
INFO: [ app_init ] --END-- [ RunTime:0.001230s ]
ERR: 无法加载模块:Themes

[ 2019-07-07T09:55:07+08:00 ] 127.0.0.1 /bsys/index.php/jquery.min.js
INFO: [ app_init ] --START--
INFO: Run Behavior\BuildLiteBehavior [ RunTime:0.000025s ]
INFO: [ app_init ] --END-- [ RunTime:0.001158s ]
ERR: 无法加载模块:Jquery.min

[ 2019-07-07T09:55:07+08:00 ] 127.0.0.1 /bsys/index.php/themes/icon.css
INFO: [ app_init ] --START--
INFO: Run Behavior\BuildLiteBehavior [ RunTime:0.000017s ]
INFO: [ app_init ] --END-- [ RunTime:0.001327s ]
ERR: 无法加载模块:Themes

[ 2019-07-07T09:55:07+08:00 ] 127.0.0.1 /bsys/index.php/jquery.easyui.min.js
INFO: [ app_init ] --START--
INFO: Run Behavior\BuildLiteBehavior [ RunTime:0.000014s ]
INFO: [ app_init ] --END-- [ RunTime:0.001069s ]
ERR: 无法加载模块:Jquery.easyui.min

[ 2019-07-07T13:33:51+08:00 ] 127.0.0.1 /bsys/Publicstaticimglogin.jpg
INFO: [ app_init ] --START--
INFO: Run Behavior\BuildLiteBehavior [ RunTime:0.000008s ]
INFO: [ app_init ] --END-- [ RunTime:0.000375s ]
ERR: 无法加载模块:Publicstaticimglogin

