[ 2019-07-03T04:48:28+08:00 ] 180.163.220.4 /bsys/index.php/123
INFO: [ app_init ] --START--
INFO: Run Behavior\BuildLiteBehavior [ RunTime:0.000006s ]
INFO: [ app_init ] --END-- [ RunTime:0.000060s ]
ERR: 无法加载模块:123

[ 2019-07-03T04:48:31+08:00 ] 180.163.220.4 /bsys/index.php/123
INFO: [ app_init ] --START--
INFO: Run Behavior\BuildLiteBehavior [ RunTime:0.000008s ]
INFO: [ app_init ] --END-- [ RunTime:0.000066s ]
ERR: 无法加载模块:123

[ 2019-07-03T04:48:50+08:00 ] 42.236.10.125 /bsys/index.php/123
INFO: [ app_init ] --START--
INFO: Run Behavior\BuildLiteBehavior [ RunTime:0.000006s ]
INFO: [ app_init ] --END-- [ RunTime:0.000042s ]
ERR: 无法加载模块:123

[ 2019-07-03T04:48:56+08:00 ] 42.236.10.117 /bsys/index.php/123
INFO: [ app_init ] --START--
INFO: Run Behavior\BuildLiteBehavior [ RunTime:0.000006s ]
INFO: [ app_init ] --END-- [ RunTime:0.000055s ]
ERR: 无法加载模块:123

[ 2019-07-03T09:01:43+08:00 ] 58.251.121.185 /bsys/index.php/123
INFO: [ app_init ] --START--
INFO: Run Behavior\BuildLiteBehavior [ RunTime:0.000007s ]
INFO: [ app_init ] --END-- [ RunTime:0.000045s ]
ERR: 无法加载模块:123

