[ 2019-10-26T00:32:41+08:00 ] 127.0.0.1 /bsys/upload/series/av15712999231461188290.jpg
INFO: [ app_init ] --START--
INFO: Run Behavior\BuildLiteBehavior [ RunTime:0.000010s ]
INFO: [ app_init ] --END-- [ RunTime:0.000867s ]
ERR: 无法加载模块:Upload

[ 2019-10-26T00:32:48+08:00 ] 127.0.0.1 /bsys/upload/hotspot/av1571158997247866034.mp4
INFO: [ app_init ] --START--
INFO: Run Behavior\BuildLiteBehavior [ RunTime:0.000024s ]
INFO: [ app_init ] --END-- [ RunTime:0.000799s ]
ERR: 无法加载模块:Upload

[ 2019-10-26T00:33:10+08:00 ] 127.0.0.1 /bsys/upload/series/av15712999231461188290.jpg
INFO: [ app_init ] --START--
INFO: Run Behavior\BuildLiteBehavior [ RunTime:0.000013s ]
INFO: [ app_init ] --END-- [ RunTime:0.000896s ]
ERR: 无法加载模块:Upload

[ 2019-10-26T00:33:13+08:00 ] 127.0.0.1 /bsys/upload/series/av15712999231461188290.jpg
INFO: [ app_init ] --START--
INFO: Run Behavior\BuildLiteBehavior [ RunTime:0.000010s ]
INFO: [ app_init ] --END-- [ RunTime:0.000789s ]
ERR: 无法加载模块:Upload

[ 2019-10-26T00:42:35+08:00 ] 127.0.0.1 /bsys/upload/series/av15712999231461188290.jpg
INFO: [ app_init ] --START--
INFO: Run Behavior\BuildLiteBehavior [ RunTime:0.000010s ]
INFO: [ app_init ] --END-- [ RunTime:0.000686s ]
ERR: 无法加载模块:Upload

[ 2019-10-26T00:43:09+08:00 ] 127.0.0.1 /bsys/upload/series/av15712999231461188290.jpg
INFO: [ app_init ] --START--
INFO: Run Behavior\BuildLiteBehavior [ RunTime:0.000008s ]
INFO: [ app_init ] --END-- [ RunTime:0.000690s ]
ERR: 无法加载模块:Upload

[ 2019-10-26T01:05:14+08:00 ] 127.0.0.1 /bsys/upload/series/av15712999231461188290.jpg
INFO: [ app_init ] --START--
INFO: Run Behavior\BuildLiteBehavior [ RunTime:0.000015s ]
INFO: [ app_init ] --END-- [ RunTime:0.000777s ]
ERR: 无法加载模块:Upload

[ 2019-10-26T01:05:21+08:00 ] 127.0.0.1 /bsys/upload/series/av15712999231461188290.jpg
INFO: [ app_init ] --START--
INFO: Run Behavior\BuildLiteBehavior [ RunTime:0.000008s ]
INFO: [ app_init ] --END-- [ RunTime:0.000672s ]
ERR: 无法加载模块:Upload

[ 2019-10-26T01:06:46+08:00 ] 127.0.0.1 /bsys/upload/series/av15712999231461188290.jpg
INFO: [ app_init ] --START--
INFO: Run Behavior\BuildLiteBehavior [ RunTime:0.000018s ]
INFO: [ app_init ] --END-- [ RunTime:0.000796s ]
ERR: 无法加载模块:Upload

[ 2019-10-26T01:07:33+08:00 ] 127.0.0.1 /bsys/upload/series/av15712999231461188290.jpg
INFO: [ app_init ] --START--
INFO: Run Behavior\BuildLiteBehavior [ RunTime:0.000023s ]
INFO: [ app_init ] --END-- [ RunTime:0.000979s ]
ERR: 无法加载模块:Upload

[ 2019-10-26T01:10:02+08:00 ] 127.0.0.1 /bsys/upload/series/av15712999231461188290.jpg
INFO: [ app_init ] --START--
INFO: Run Behavior\BuildLiteBehavior [ RunTime:0.000015s ]
INFO: [ app_init ] --END-- [ RunTime:0.001077s ]
ERR: 无法加载模块:Upload

[ 2019-10-26T01:10:57+08:00 ] 127.0.0.1 /bsys/upload/series/av15712999231461188290.jpg
INFO: [ app_init ] --START--
INFO: Run Behavior\BuildLiteBehavior [ RunTime:0.000009s ]
INFO: [ app_init ] --END-- [ RunTime:0.000858s ]
ERR: 无法加载模块:Upload

[ 2019-10-26T01:11:25+08:00 ] 127.0.0.1 /bsys/upload/series/av15712999231461188290.jpg
INFO: [ app_init ] --START--
INFO: Run Behavior\BuildLiteBehavior [ RunTime:0.000007s ]
INFO: [ app_init ] --END-- [ RunTime:0.000658s ]
ERR: 无法加载模块:Upload

[ 2019-10-26T01:12:24+08:00 ] 127.0.0.1 /bsys/upload/series/av15712999231461188290.jpg
INFO: [ app_init ] --START--
INFO: Run Behavior\BuildLiteBehavior [ RunTime:0.000008s ]
INFO: [ app_init ] --END-- [ RunTime:0.000748s ]
ERR: 无法加载模块:Upload

[ 2019-10-26T01:13:28+08:00 ] 127.0.0.1 /bsys/upload/series/av15712999231461188290.jpg
INFO: [ app_init ] --START--
INFO: Run Behavior\BuildLiteBehavior [ RunTime:0.000008s ]
INFO: [ app_init ] --END-- [ RunTime:0.000728s ]
ERR: 无法加载模块:Upload

[ 2019-10-26T01:15:21+08:00 ] 127.0.0.1 /bsys/upload/series/av15712999231461188290.jpg
INFO: [ app_init ] --START--
INFO: Run Behavior\BuildLiteBehavior [ RunTime:0.000010s ]
INFO: [ app_init ] --END-- [ RunTime:0.000900s ]
ERR: 无法加载模块:Upload

[ 2019-10-26T01:15:38+08:00 ] 127.0.0.1 /bsys/upload/series/av15712999231461188290.jpg
INFO: [ app_init ] --START--
INFO: Run Behavior\BuildLiteBehavior [ RunTime:0.000012s ]
INFO: [ app_init ] --END-- [ RunTime:0.000912s ]
ERR: 无法加载模块:Upload

[ 2019-10-26T01:16:05+08:00 ] 127.0.0.1 /bsys/upload/series/av15712999231461188290.jpg
INFO: [ app_init ] --START--
INFO: Run Behavior\BuildLiteBehavior [ RunTime:0.000009s ]
INFO: [ app_init ] --END-- [ RunTime:0.000736s ]
ERR: 无法加载模块:Upload

[ 2019-10-26T01:16:54+08:00 ] 127.0.0.1 /bsys/upload/series/av15712999231461188290.jpg
INFO: [ app_init ] --START--
INFO: Run Behavior\BuildLiteBehavior [ RunTime:0.000011s ]
INFO: [ app_init ] --END-- [ RunTime:0.000837s ]
ERR: 无法加载模块:Upload

[ 2019-10-26T01:17:10+08:00 ] 127.0.0.1 /bsys/upload/series/av15712999231461188290.jpg
INFO: [ app_init ] --START--
INFO: Run Behavior\BuildLiteBehavior [ RunTime:0.000017s ]
INFO: [ app_init ] --END-- [ RunTime:0.001086s ]
ERR: 无法加载模块:Upload

[ 2019-10-26T01:17:30+08:00 ] 127.0.0.1 /bsys/upload/series/av15712999231461188290.jpg
INFO: [ app_init ] --START--
INFO: Run Behavior\BuildLiteBehavior [ RunTime:0.000013s ]
INFO: [ app_init ] --END-- [ RunTime:0.000846s ]
ERR: 无法加载模块:Upload

[ 2019-10-26T01:18:32+08:00 ] 127.0.0.1 /bsys/upload/series/av15712999231461188290.jpg
INFO: [ app_init ] --START--
INFO: Run Behavior\BuildLiteBehavior [ RunTime:0.000011s ]
INFO: [ app_init ] --END-- [ RunTime:0.000890s ]
ERR: 无法加载模块:Upload

[ 2019-10-26T01:18:49+08:00 ] 127.0.0.1 /bsys/upload/series/av15712999231461188290.jpg
INFO: [ app_init ] --START--
INFO: Run Behavior\BuildLiteBehavior [ RunTime:0.000013s ]
INFO: [ app_init ] --END-- [ RunTime:0.000870s ]
ERR: 无法加载模块:Upload

[ 2019-10-26T01:20:20+08:00 ] 127.0.0.1 /bsys/upload/series/av15712999231461188290.jpg
INFO: [ app_init ] --START--
INFO: Run Behavior\BuildLiteBehavior [ RunTime:0.000018s ]
INFO: [ app_init ] --END-- [ RunTime:0.001038s ]
ERR: 无法加载模块:Upload

[ 2019-10-26T01:30:25+08:00 ] 127.0.0.1 /bsys/upload/series/av15712999231461188290.jpg
INFO: [ app_init ] --START--
INFO: Run Behavior\BuildLiteBehavior [ RunTime:0.000014s ]
INFO: [ app_init ] --END-- [ RunTime:0.001219s ]
ERR: 无法加载模块:Upload

[ 2019-10-26T01:30:56+08:00 ] 127.0.0.1 /bsys/upload/series/av15712999231461188290.jpg
INFO: [ app_init ] --START--
INFO: Run Behavior\BuildLiteBehavior [ RunTime:0.000028s ]
INFO: [ app_init ] --END-- [ RunTime:0.001288s ]
ERR: 无法加载模块:Upload

[ 2019-10-26T01:44:34+08:00 ] 127.0.0.1 /bsys/upload/series/av15712999231461188290.jpg
INFO: [ app_init ] --START--
INFO: Run Behavior\BuildLiteBehavior [ RunTime:0.000010s ]
INFO: [ app_init ] --END-- [ RunTime:0.000889s ]
ERR: 无法加载模块:Upload

[ 2019-10-26T01:45:11+08:00 ] 127.0.0.1 /bsys/upload/series/av15712999231461188290.jpg
INFO: [ app_init ] --START--
INFO: Run Behavior\BuildLiteBehavior [ RunTime:0.000016s ]
INFO: [ app_init ] --END-- [ RunTime:0.001224s ]
ERR: 无法加载模块:Upload

[ 2019-10-26T01:46:12+08:00 ] 127.0.0.1 /bsys/upload/series/av15712999231461188290.jpg
INFO: [ app_init ] --START--
INFO: Run Behavior\BuildLiteBehavior [ RunTime:0.000009s ]
INFO: [ app_init ] --END-- [ RunTime:0.000777s ]
ERR: 无法加载模块:Upload

[ 2019-10-26T01:48:24+08:00 ] 127.0.0.1 /bsys/upload/series/av15712999231461188290.jpg
INFO: [ app_init ] --START--
INFO: Run Behavior\BuildLiteBehavior [ RunTime:0.000015s ]
INFO: [ app_init ] --END-- [ RunTime:0.001247s ]
ERR: 无法加载模块:Upload

[ 2019-10-26T01:49:32+08:00 ] 127.0.0.1 /bsys/upload/series/av15712999231461188290.jpg
INFO: [ app_init ] --START--
INFO: Run Behavior\BuildLiteBehavior [ RunTime:0.000009s ]
INFO: [ app_init ] --END-- [ RunTime:0.000701s ]
ERR: 无法加载模块:Upload

[ 2019-10-26T01:49:34+08:00 ] 127.0.0.1 /bsys/upload/series/av15712999231461188290.jpg
INFO: [ app_init ] --START--
INFO: Run Behavior\BuildLiteBehavior [ RunTime:0.000010s ]
INFO: [ app_init ] --END-- [ RunTime:0.001006s ]
ERR: 无法加载模块:Upload

[ 2019-10-26T01:49:40+08:00 ] 127.0.0.1 /bsys/upload/series/av15712999231461188290.jpg
INFO: [ app_init ] --START--
INFO: Run Behavior\BuildLiteBehavior [ RunTime:0.000012s ]
INFO: [ app_init ] --END-- [ RunTime:0.000734s ]
ERR: 无法加载模块:Upload

[ 2019-10-26T01:51:29+08:00 ] 127.0.0.1 /bsys/upload/series/av15712999231461188290.jpg
INFO: [ app_init ] --START--
INFO: Run Behavior\BuildLiteBehavior [ RunTime:0.000017s ]
INFO: [ app_init ] --END-- [ RunTime:0.000796s ]
ERR: 无法加载模块:Upload

[ 2019-10-26T01:52:11+08:00 ] 127.0.0.1 /bsys/upload/series/av15712999231461188290.jpg
INFO: [ app_init ] --START--
INFO: Run Behavior\BuildLiteBehavior [ RunTime:0.000015s ]
INFO: [ app_init ] --END-- [ RunTime:0.001062s ]
ERR: 无法加载模块:Upload

[ 2019-10-26T01:53:35+08:00 ] 127.0.0.1 /bsys/upload/series/av15712999231461188290.jpg
INFO: [ app_init ] --START--
INFO: Run Behavior\BuildLiteBehavior [ RunTime:0.000054s ]
INFO: [ app_init ] --END-- [ RunTime:0.001337s ]
ERR: 无法加载模块:Upload

[ 2019-10-26T01:53:56+08:00 ] 127.0.0.1 /bsys/upload/series/av15712999231461188290.jpg
INFO: [ app_init ] --START--
INFO: Run Behavior\BuildLiteBehavior [ RunTime:0.000010s ]
INFO: [ app_init ] --END-- [ RunTime:0.000857s ]
ERR: 无法加载模块:Upload

[ 2019-10-26T01:54:40+08:00 ] 127.0.0.1 /bsys/upload/series/av15712999231461188290.jpg
INFO: [ app_init ] --START--
INFO: Run Behavior\BuildLiteBehavior [ RunTime:0.000014s ]
INFO: [ app_init ] --END-- [ RunTime:0.001060s ]
ERR: 无法加载模块:Upload

[ 2019-10-26T01:54:45+08:00 ] 127.0.0.1 /bsys/upload/series/av15712999231461188290.jpg
INFO: [ app_init ] --START--
INFO: Run Behavior\BuildLiteBehavior [ RunTime:0.000015s ]
INFO: [ app_init ] --END-- [ RunTime:0.001162s ]
ERR: 无法加载模块:Upload

[ 2019-10-26T01:55:01+08:00 ] 127.0.0.1 /bsys/upload/series/av15712999231461188290.jpg
INFO: [ app_init ] --START--
INFO: Run Behavior\BuildLiteBehavior [ RunTime:0.000014s ]
INFO: [ app_init ] --END-- [ RunTime:0.001046s ]
ERR: 无法加载模块:Upload

[ 2019-10-26T08:19:26+08:00 ] 127.0.0.1 /bsys/upload/series/av15712999231461188290.jpg
INFO: [ app_init ] --START--
INFO: Run Behavior\BuildLiteBehavior [ RunTime:0.000026s ]
INFO: [ app_init ] --END-- [ RunTime:0.001180s ]
ERR: 无法加载模块:Upload

[ 2019-10-26T08:19:52+08:00 ] 127.0.0.1 /bsys/upload/series/av15712999231461188290.jpg
INFO: [ app_init ] --START--
INFO: Run Behavior\BuildLiteBehavior [ RunTime:0.000008s ]
INFO: [ app_init ] --END-- [ RunTime:0.000741s ]
ERR: 无法加载模块:Upload

[ 2019-10-26T08:20:05+08:00 ] 127.0.0.1 /bsys/upload/series/av15712999231461188290.jpg
INFO: [ app_init ] --START--
INFO: Run Behavior\BuildLiteBehavior [ RunTime:0.000007s ]
INFO: [ app_init ] --END-- [ RunTime:0.000642s ]
ERR: 无法加载模块:Upload

[ 2019-10-26T08:21:05+08:00 ] 127.0.0.1 /bsys/upload/series/av15712999231461188290.jpg
INFO: [ app_init ] --START--
INFO: Run Behavior\BuildLiteBehavior [ RunTime:0.000008s ]
INFO: [ app_init ] --END-- [ RunTime:0.000576s ]
ERR: 无法加载模块:Upload

[ 2019-10-26T08:23:04+08:00 ] 127.0.0.1 /bsys/upload/series/av15712999231461188290.jpg
INFO: [ app_init ] --START--
INFO: Run Behavior\BuildLiteBehavior [ RunTime:0.000008s ]
INFO: [ app_init ] --END-- [ RunTime:0.000922s ]
ERR: 无法加载模块:Upload

[ 2019-10-26T08:24:16+08:00 ] 127.0.0.1 /bsys/upload/series/av15712999231461188290.jpg
INFO: [ app_init ] --START--
INFO: Run Behavior\BuildLiteBehavior [ RunTime:0.000012s ]
INFO: [ app_init ] --END-- [ RunTime:0.000826s ]
ERR: 无法加载模块:Upload

[ 2019-10-26T08:24:30+08:00 ] 127.0.0.1 /bsys/upload/series/av15712999231461188290.jpg
INFO: [ app_init ] --START--
INFO: Run Behavior\BuildLiteBehavior [ RunTime:0.000008s ]
INFO: [ app_init ] --END-- [ RunTime:0.000812s ]
ERR: 无法加载模块:Upload

[ 2019-10-26T08:24:37+08:00 ] 127.0.0.1 /bsys/upload/series/av15712999231461188290.jpg
INFO: [ app_init ] --START--
INFO: Run Behavior\BuildLiteBehavior [ RunTime:0.000015s ]
INFO: [ app_init ] --END-- [ RunTime:0.000871s ]
ERR: 无法加载模块:Upload

[ 2019-10-26T08:24:57+08:00 ] 127.0.0.1 /bsys/upload/series/av15712999231461188290.jpg
INFO: [ app_init ] --START--
INFO: Run Behavior\BuildLiteBehavior [ RunTime:0.000011s ]
INFO: [ app_init ] --END-- [ RunTime:0.000983s ]
ERR: 无法加载模块:Upload

[ 2019-10-26T08:25:46+08:00 ] 127.0.0.1 /bsys/upload/series/av15712999231461188290.jpg
INFO: [ app_init ] --START--
INFO: Run Behavior\BuildLiteBehavior [ RunTime:0.000011s ]
INFO: [ app_init ] --END-- [ RunTime:0.000840s ]
ERR: 无法加载模块:Upload

[ 2019-10-26T08:32:06+08:00 ] 127.0.0.1 /bsys/upload/series/av15712999231461188290.jpg
INFO: [ app_init ] --START--
INFO: Run Behavior\BuildLiteBehavior [ RunTime:0.000008s ]
INFO: [ app_init ] --END-- [ RunTime:0.000644s ]
ERR: 无法加载模块:Upload

[ 2019-10-26T09:12:25+08:00 ] 127.0.0.1 /bsys/upload/series/av15712999231461188290.jpg
INFO: [ app_init ] --START--
INFO: Run Behavior\BuildLiteBehavior [ RunTime:0.000010s ]
INFO: [ app_init ] --END-- [ RunTime:0.000706s ]
ERR: 无法加载模块:Upload

[ 2019-10-26T09:15:43+08:00 ] 127.0.0.1 /bsys/upload/series/av15712999231461188290.jpg
INFO: [ app_init ] --START--
INFO: Run Behavior\BuildLiteBehavior [ RunTime:0.000009s ]
INFO: [ app_init ] --END-- [ RunTime:0.000730s ]
ERR: 无法加载模块:Upload

[ 2019-10-26T09:16:27+08:00 ] 127.0.0.1 /bsys/upload/series/av15712999231461188290.jpg
INFO: [ app_init ] --START--
INFO: Run Behavior\BuildLiteBehavior [ RunTime:0.000009s ]
INFO: [ app_init ] --END-- [ RunTime:0.000703s ]
ERR: 无法加载模块:Upload

[ 2019-10-26T09:16:40+08:00 ] 127.0.0.1 /bsys/upload/series/av15712999231461188290.jpg
INFO: [ app_init ] --START--
INFO: Run Behavior\BuildLiteBehavior [ RunTime:0.000009s ]
INFO: [ app_init ] --END-- [ RunTime:0.000705s ]
ERR: 无法加载模块:Upload

[ 2019-10-26T09:17:46+08:00 ] 127.0.0.1 /bsys/upload/series/av15712999231461188290.jpg
INFO: [ app_init ] --START--
INFO: Run Behavior\BuildLiteBehavior [ RunTime:0.000009s ]
INFO: [ app_init ] --END-- [ RunTime:0.000725s ]
ERR: 无法加载模块:Upload

[ 2019-10-26T09:17:58+08:00 ] 127.0.0.1 /bsys/upload/series/av15712999231461188290.jpg
INFO: [ app_init ] --START--
INFO: Run Behavior\BuildLiteBehavior [ RunTime:0.000007s ]
INFO: [ app_init ] --END-- [ RunTime:0.000620s ]
ERR: 无法加载模块:Upload

[ 2019-10-26T09:22:54+08:00 ] 127.0.0.1 /bsys/upload/series/av15712999231461188290.jpg
INFO: [ app_init ] --START--
INFO: Run Behavior\BuildLiteBehavior [ RunTime:0.000008s ]
INFO: [ app_init ] --END-- [ RunTime:0.000681s ]
ERR: 无法加载模块:Upload

[ 2019-10-26T09:23:12+08:00 ] 127.0.0.1 /bsys/upload/series/av15712999231461188290.jpg
INFO: [ app_init ] --START--
INFO: Run Behavior\BuildLiteBehavior [ RunTime:0.000016s ]
INFO: [ app_init ] --END-- [ RunTime:0.000811s ]
ERR: 无法加载模块:Upload

[ 2019-10-26T09:25:19+08:00 ] 127.0.0.1 /bsys/upload/series/av15712999231461188290.jpg
INFO: [ app_init ] --START--
INFO: Run Behavior\BuildLiteBehavior [ RunTime:0.000008s ]
INFO: [ app_init ] --END-- [ RunTime:0.000725s ]
ERR: 无法加载模块:Upload

[ 2019-10-26T09:26:40+08:00 ] 127.0.0.1 /bsys/upload/series/av15712999231461188290.jpg
INFO: [ app_init ] --START--
INFO: Run Behavior\BuildLiteBehavior [ RunTime:0.000009s ]
INFO: [ app_init ] --END-- [ RunTime:0.000673s ]
ERR: 无法加载模块:Upload

[ 2019-10-26T09:27:48+08:00 ] 127.0.0.1 /bsys/upload/series/av15712999231461188290.jpg
INFO: [ app_init ] --START--
INFO: Run Behavior\BuildLiteBehavior [ RunTime:0.000009s ]
INFO: [ app_init ] --END-- [ RunTime:0.000720s ]
ERR: 无法加载模块:Upload

[ 2019-10-26T09:28:13+08:00 ] 127.0.0.1 /bsys/upload/series/av15712999231461188290.jpg
INFO: [ app_init ] --START--
INFO: Run Behavior\BuildLiteBehavior [ RunTime:0.000008s ]
INFO: [ app_init ] --END-- [ RunTime:0.000665s ]
ERR: 无法加载模块:Upload

[ 2019-10-26T09:29:11+08:00 ] 127.0.0.1 /bsys/upload/series/av15712999231461188290.jpg
INFO: [ app_init ] --START--
INFO: Run Behavior\BuildLiteBehavior [ RunTime:0.000014s ]
INFO: [ app_init ] --END-- [ RunTime:0.000955s ]
ERR: 无法加载模块:Upload

[ 2019-10-26T09:29:33+08:00 ] 127.0.0.1 /bsys/upload/series/av15712999231461188290.jpg
INFO: [ app_init ] --START--
INFO: Run Behavior\BuildLiteBehavior [ RunTime:0.000010s ]
INFO: [ app_init ] --END-- [ RunTime:0.000852s ]
ERR: 无法加载模块:Upload

[ 2019-10-26T09:29:59+08:00 ] 127.0.0.1 /bsys/upload/series/av15712999231461188290.jpg
INFO: [ app_init ] --START--
INFO: Run Behavior\BuildLiteBehavior [ RunTime:0.000010s ]
INFO: [ app_init ] --END-- [ RunTime:0.000735s ]
ERR: 无法加载模块:Upload

[ 2019-10-26T09:30:46+08:00 ] 127.0.0.1 /bsys/upload/series/av15712999231461188290.jpg
INFO: [ app_init ] --START--
INFO: Run Behavior\BuildLiteBehavior [ RunTime:0.000012s ]
INFO: [ app_init ] --END-- [ RunTime:0.000824s ]
ERR: 无法加载模块:Upload

[ 2019-10-26T10:17:26+08:00 ] 127.0.0.1 /bsys/upload/hotspot/av1571158997247866034.mp4
INFO: [ app_init ] --START--
INFO: Run Behavior\BuildLiteBehavior [ RunTime:0.000009s ]
INFO: [ app_init ] --END-- [ RunTime:0.000800s ]
ERR: 无法加载模块:Upload

[ 2019-10-26T10:17:26+08:00 ] 127.0.0.1 /bsys/upload/hotspot/av1571158997247866034.mp4
INFO: [ app_init ] --START--
INFO: Run Behavior\BuildLiteBehavior [ RunTime:0.000010s ]
INFO: [ app_init ] --END-- [ RunTime:0.000744s ]
ERR: 无法加载模块:Upload

[ 2019-10-26T10:21:09+08:00 ] 127.0.0.1 /bsys/upload/hotspot/av1571158997247866034.mp4
INFO: [ app_init ] --START--
INFO: Run Behavior\BuildLiteBehavior [ RunTime:0.000014s ]
INFO: [ app_init ] --END-- [ RunTime:0.000922s ]
ERR: 无法加载模块:Upload

[ 2019-10-26T10:21:09+08:00 ] 127.0.0.1 /bsys/upload/hotspot/av1571158997247866034.mp4
INFO: [ app_init ] --START--
INFO: Run Behavior\BuildLiteBehavior [ RunTime:0.000008s ]
INFO: [ app_init ] --END-- [ RunTime:0.000609s ]
ERR: 无法加载模块:Upload

[ 2019-10-26T19:45:52+08:00 ] 127.0.0.1 /bsys/uploadcovers/pic1571931745412830465.jpg
INFO: [ app_init ] --START--
INFO: Run Behavior\BuildLiteBehavior [ RunTime:0.000010s ]
INFO: [ app_init ] --END-- [ RunTime:0.000911s ]
ERR: 无法加载模块:Uploadcovers

[ 2019-10-26T19:51:50+08:00 ] 127.0.0.1 /bsys/upload/[object%20Object]
INFO: [ app_init ] --START--
INFO: Run Behavior\BuildLiteBehavior [ RunTime:0.000013s ]
INFO: [ app_init ] --END-- [ RunTime:0.001012s ]
ERR: 无法加载模块:Upload

[ 2019-10-26T19:55:33+08:00 ] 127.0.0.1 /bsys/upload/undefined
INFO: [ app_init ] --START--
INFO: Run Behavior\BuildLiteBehavior [ RunTime:0.000008s ]
INFO: [ app_init ] --END-- [ RunTime:0.000670s ]
ERR: 无法加载模块:Upload

[ 2019-10-26T19:55:47+08:00 ] 127.0.0.1 /bsys/upload/[object%20Object]
INFO: [ app_init ] --START--
INFO: Run Behavior\BuildLiteBehavior [ RunTime:0.000008s ]
INFO: [ app_init ] --END-- [ RunTime:0.000631s ]
ERR: 无法加载模块:Upload

[ 2019-10-26T20:05:31+08:00 ] 127.0.0.1 /bsys/upload/[object%20Object]
INFO: [ app_init ] --START--
INFO: Run Behavior\BuildLiteBehavior [ RunTime:0.000012s ]
INFO: [ app_init ] --END-- [ RunTime:0.000829s ]
ERR: 无法加载模块:Upload

[ 2019-10-26T20:06:13+08:00 ] 127.0.0.1 /bsys/upload/[object%20Object]
INFO: [ app_init ] --START--
INFO: Run Behavior\BuildLiteBehavior [ RunTime:0.000010s ]
INFO: [ app_init ] --END-- [ RunTime:0.000746s ]
ERR: 无法加载模块:Upload

[ 2019-10-26T20:07:09+08:00 ] 127.0.0.1 /bsys/upload/[object%20Object]
INFO: [ app_init ] --START--
INFO: Run Behavior\BuildLiteBehavior [ RunTime:0.000007s ]
INFO: [ app_init ] --END-- [ RunTime:0.000651s ]
ERR: 无法加载模块:Upload

[ 2019-10-26T20:07:40+08:00 ] 127.0.0.1 /bsys/upload/[object%20Object]
INFO: [ app_init ] --START--
INFO: Run Behavior\BuildLiteBehavior [ RunTime:0.000010s ]
INFO: [ app_init ] --END-- [ RunTime:0.000845s ]
ERR: 无法加载模块:Upload

[ 2019-10-26T20:08:31+08:00 ] 127.0.0.1 /bsys/upload/[object%20Object]
INFO: [ app_init ] --START--
INFO: Run Behavior\BuildLiteBehavior [ RunTime:0.000011s ]
INFO: [ app_init ] --END-- [ RunTime:0.000944s ]
ERR: 无法加载模块:Upload

[ 2019-10-26T20:08:54+08:00 ] 127.0.0.1 /bsys/upload/[object%20Object]
INFO: [ app_init ] --START--
INFO: Run Behavior\BuildLiteBehavior [ RunTime:0.000010s ]
INFO: [ app_init ] --END-- [ RunTime:0.000900s ]
ERR: 无法加载模块:Upload

[ 2019-10-26T20:09:27+08:00 ] 127.0.0.1 /bsys/upload/[object%20Object]
INFO: [ app_init ] --START--
INFO: Run Behavior\BuildLiteBehavior [ RunTime:0.000009s ]
INFO: [ app_init ] --END-- [ RunTime:0.000955s ]
ERR: 无法加载模块:Upload

[ 2019-10-26T20:11:20+08:00 ] 127.0.0.1 /bsys/upload/undefined
INFO: [ app_init ] --START--
INFO: Run Behavior\BuildLiteBehavior [ RunTime:0.000011s ]
INFO: [ app_init ] --END-- [ RunTime:0.001113s ]
ERR: 无法加载模块:Upload

