[ 2019-10-21T00:14:19+08:00 ] 127.0.0.1 /bsys/upload/series/av15712999231461188290.jpg
INFO: [ app_init ] --START--
INFO: Run Behavior\BuildLiteBehavior [ RunTime:0.000007s ]
INFO: [ app_init ] --END-- [ RunTime:0.000676s ]
ERR: 无法加载模块:Upload

[ 2019-10-21T00:21:10+08:00 ] 127.0.0.1 /bsys/upload/series/av15712999231461188290.jpg
INFO: [ app_init ] --START--
INFO: Run Behavior\BuildLiteBehavior [ RunTime:0.000007s ]
INFO: [ app_init ] --END-- [ RunTime:0.000635s ]
ERR: 无法加载模块:Upload

[ 2019-10-21T11:45:10+08:00 ] 127.0.0.1 /bsys/index.phpcovers/av1571625333153706407.jpg
INFO: [ app_init ] --START--
INFO: Run Behavior\BuildLiteBehavior [ RunTime:0.000012s ]
INFO: [ app_init ] --END-- [ RunTime:0.000913s ]
ERR: 无法加载模块:Index.phpcovers

[ 2019-10-21T11:45:10+08:00 ] 127.0.0.1 /bsys/index.phpcovers/av15716264352023086403.jpg
INFO: [ app_init ] --START--
INFO: Run Behavior\BuildLiteBehavior [ RunTime:0.000009s ]
INFO: [ app_init ] --END-- [ RunTime:0.001393s ]
ERR: 无法加载模块:Index.phpcovers

[ 2019-10-21T11:45:30+08:00 ] 127.0.0.1 /bsys/index.php/covers/av15716264352023086403.jpg
INFO: [ app_init ] --START--
INFO: Run Behavior\BuildLiteBehavior [ RunTime:0.000008s ]
INFO: [ app_init ] --END-- [ RunTime:0.000695s ]
ERR: 无法加载模块:Covers

[ 2019-10-21T11:45:30+08:00 ] 127.0.0.1 /bsys/index.php/covers/av1571625333153706407.jpg
INFO: [ app_init ] --START--
INFO: Run Behavior\BuildLiteBehavior [ RunTime:0.000049s ]
INFO: [ app_init ] --END-- [ RunTime:0.000799s ]
ERR: 无法加载模块:Covers

[ 2019-10-21T11:45:54+08:00 ] 127.0.0.1 /bsys/index.php/covers/av15716264352023086403.jpg
INFO: [ app_init ] --START--
INFO: Run Behavior\BuildLiteBehavior [ RunTime:0.000014s ]
INFO: [ app_init ] --END-- [ RunTime:0.000875s ]
ERR: 无法加载模块:Covers

[ 2019-10-21T11:46:26+08:00 ] 127.0.0.1 /bsys/uploadcovers/av15716264352023086403.jpg
INFO: [ app_init ] --START--
INFO: Run Behavior\BuildLiteBehavior [ RunTime:0.000010s ]
INFO: [ app_init ] --END-- [ RunTime:0.000875s ]
ERR: 无法加载模块:Uploadcovers

[ 2019-10-21T11:46:26+08:00 ] 127.0.0.1 /bsys/uploadcovers/av1571625333153706407.jpg
INFO: [ app_init ] --START--
INFO: Run Behavior\BuildLiteBehavior [ RunTime:0.000007s ]
INFO: [ app_init ] --END-- [ RunTime:0.000752s ]
ERR: 无法加载模块:Uploadcovers

