[ 2019-08-07T03:17:52+08:00 ] 103.122.92.174 /bsys/index.php/Admin/Login/index
INFO: [ app_init ] --START--
INFO: Run Behavior\BuildLiteBehavior [ RunTime:0.000007s ]
INFO: [ app_init ] --END-- [ RunTime:0.000059s ]
INFO: [ app_begin ] --START--
INFO: Run Behavior\ReadHtmlCacheBehavior [ RunTime:0.000021s ]
INFO: [ app_begin ] --END-- [ RunTime:0.000037s ]
NOTIC: [8] Undefined index: userName /var/www/html/bsys/Application/Admin/Controller/LoginController.class.php 第 28 行.
NOTIC: [8] Undefined index: userName /var/www/html/bsys/Application/Admin/Controller/LoginController.class.php 第 29 行.
NOTIC: [8] Undefined index: userName /var/www/html/bsys/Application/Admin/Controller/LoginController.class.php 第 32 行.
INFO: [ view_parse ] --START--
INFO: [ template_filter ] --START--
INFO: Run Behavior\ContentReplaceBehavior [ RunTime:0.000046s ]
INFO: [ template_filter ] --END-- [ RunTime:0.000066s ]
INFO: Run Behavior\ParseTemplateBehavior [ RunTime:0.001109s ]
INFO: [ view_parse ] --END-- [ RunTime:0.001130s ]
INFO: [ view_filter ] --START--
INFO: Run Behavior\WriteHtmlCacheBehavior [ RunTime:0.000029s ]
INFO: [ view_filter ] --END-- [ RunTime:0.000043s ]
INFO: [ app_end ] --START--
INFO: Run Behavior\ShowPageTraceBehavior [ RunTime:0.000018s ]
INFO: [ app_end ] --END-- [ RunTime:0.000028s ]

[ 2019-08-07T05:33:33+08:00 ] 54.166.88.194 /bsys/index.php/Admin/Login/index
INFO: [ app_init ] --START--
INFO: Run Behavior\BuildLiteBehavior [ RunTime:0.000006s ]
INFO: [ app_init ] --END-- [ RunTime:0.000044s ]
INFO: [ app_begin ] --START--
INFO: Run Behavior\ReadHtmlCacheBehavior [ RunTime:0.000016s ]
INFO: [ app_begin ] --END-- [ RunTime:0.000028s ]
NOTIC: [8] Undefined index: userName /var/www/html/bsys/Application/Admin/Controller/LoginController.class.php 第 28 行.
NOTIC: [8] Undefined index: userName /var/www/html/bsys/Application/Admin/Controller/LoginController.class.php 第 29 行.
NOTIC: [8] Undefined index: userName /var/www/html/bsys/Application/Admin/Controller/LoginController.class.php 第 32 行.
INFO: [ view_parse ] --START--
INFO: [ template_filter ] --START--
INFO: Run Behavior\ContentReplaceBehavior [ RunTime:0.000043s ]
INFO: [ template_filter ] --END-- [ RunTime:0.000056s ]
INFO: Run Behavior\ParseTemplateBehavior [ RunTime:0.000911s ]
INFO: [ view_parse ] --END-- [ RunTime:0.000923s ]
INFO: [ view_filter ] --START--
INFO: Run Behavior\WriteHtmlCacheBehavior [ RunTime:0.000019s ]
INFO: [ view_filter ] --END-- [ RunTime:0.000027s ]
INFO: [ app_end ] --START--
INFO: Run Behavior\ShowPageTraceBehavior [ RunTime:0.000013s ]
INFO: [ app_end ] --END-- [ RunTime:0.000020s ]

[ 2019-08-07T06:33:53+08:00 ] 173.212.225.214 /bsys/index.php/Admin/Login/index
INFO: [ app_init ] --START--
INFO: Run Behavior\BuildLiteBehavior [ RunTime:0.000006s ]
INFO: [ app_init ] --END-- [ RunTime:0.000045s ]
INFO: [ app_begin ] --START--
INFO: Run Behavior\ReadHtmlCacheBehavior [ RunTime:0.000026s ]
INFO: [ app_begin ] --END-- [ RunTime:0.000046s ]
NOTIC: [8] Undefined index: userName /var/www/html/bsys/Application/Admin/Controller/LoginController.class.php 第 28 行.
NOTIC: [8] Undefined index: userName /var/www/html/bsys/Application/Admin/Controller/LoginController.class.php 第 29 行.
NOTIC: [8] Undefined index: userName /var/www/html/bsys/Application/Admin/Controller/LoginController.class.php 第 32 行.
INFO: [ view_parse ] --START--
INFO: [ template_filter ] --START--
INFO: Run Behavior\ContentReplaceBehavior [ RunTime:0.000049s ]
INFO: [ template_filter ] --END-- [ RunTime:0.000070s ]
INFO: Run Behavior\ParseTemplateBehavior [ RunTime:0.001081s ]
INFO: [ view_parse ] --END-- [ RunTime:0.001095s ]
INFO: [ view_filter ] --START--
INFO: Run Behavior\WriteHtmlCacheBehavior [ RunTime:0.000025s ]
INFO: [ view_filter ] --END-- [ RunTime:0.000036s ]
INFO: [ app_end ] --START--
INFO: Run Behavior\ShowPageTraceBehavior [ RunTime:0.000017s ]
INFO: [ app_end ] --END-- [ RunTime:0.000027s ]

[ 2019-08-07T11:31:20+08:00 ] 58.251.121.186 /bsys/index.php/Admin/Login/index
INFO: [ app_init ] --START--
INFO: Run Behavior\BuildLiteBehavior [ RunTime:0.000008s ]
INFO: [ app_init ] --END-- [ RunTime:0.000066s ]
INFO: [ app_begin ] --START--
INFO: Run Behavior\ReadHtmlCacheBehavior [ RunTime:0.000027s ]
INFO: [ app_begin ] --END-- [ RunTime:0.000046s ]
NOTIC: [8] Undefined index: userName /var/www/html/bsys/Application/Admin/Controller/LoginController.class.php 第 28 行.
NOTIC: [8] Undefined index: userName /var/www/html/bsys/Application/Admin/Controller/LoginController.class.php 第 29 行.
NOTIC: [8] Undefined index: userName /var/www/html/bsys/Application/Admin/Controller/LoginController.class.php 第 32 行.
INFO: [ view_parse ] --START--
INFO: [ template_filter ] --START--
INFO: Run Behavior\ContentReplaceBehavior [ RunTime:0.000050s ]
INFO: [ template_filter ] --END-- [ RunTime:0.000072s ]
INFO: Run Behavior\ParseTemplateBehavior [ RunTime:0.001134s ]
INFO: [ view_parse ] --END-- [ RunTime:0.001160s ]
INFO: [ view_filter ] --START--
INFO: Run Behavior\WriteHtmlCacheBehavior [ RunTime:0.000027s ]
INFO: [ view_filter ] --END-- [ RunTime:0.000039s ]
INFO: [ app_end ] --START--
INFO: Run Behavior\ShowPageTraceBehavior [ RunTime:0.000017s ]
INFO: [ app_end ] --END-- [ RunTime:0.000026s ]

[ 2019-08-07T17:43:24+08:00 ] 27.115.124.70 /bsys/index.php/Admin/Login/index
INFO: [ app_init ] --START--
INFO: Run Behavior\BuildLiteBehavior [ RunTime:0.000008s ]
INFO: [ app_init ] --END-- [ RunTime:0.000061s ]
INFO: [ app_begin ] --START--
INFO: Run Behavior\ReadHtmlCacheBehavior [ RunTime:0.000022s ]
INFO: [ app_begin ] --END-- [ RunTime:0.000035s ]
NOTIC: [8] Undefined index: userName /var/www/html/bsys/Application/Admin/Controller/LoginController.class.php 第 28 行.
NOTIC: [8] Undefined index: userName /var/www/html/bsys/Application/Admin/Controller/LoginController.class.php 第 29 行.
NOTIC: [8] Undefined index: userName /var/www/html/bsys/Application/Admin/Controller/LoginController.class.php 第 32 行.
INFO: [ view_parse ] --START--
INFO: [ template_filter ] --START--
INFO: Run Behavior\ContentReplaceBehavior [ RunTime:0.000051s ]
INFO: [ template_filter ] --END-- [ RunTime:0.000073s ]
INFO: Run Behavior\ParseTemplateBehavior [ RunTime:0.001096s ]
INFO: [ view_parse ] --END-- [ RunTime:0.001115s ]
INFO: [ view_filter ] --START--
INFO: Run Behavior\WriteHtmlCacheBehavior [ RunTime:0.000027s ]
INFO: [ view_filter ] --END-- [ RunTime:0.000039s ]
INFO: [ app_end ] --START--
INFO: Run Behavior\ShowPageTraceBehavior [ RunTime:0.000018s ]
INFO: [ app_end ] --END-- [ RunTime:0.000025s ]

[ 2019-08-07T17:43:24+08:00 ] 27.115.124.6 /bsys/index.php/Admin/Login/index
INFO: [ app_init ] --START--
INFO: Run Behavior\BuildLiteBehavior [ RunTime:0.000008s ]
INFO: [ app_init ] --END-- [ RunTime:0.000053s ]
INFO: [ app_begin ] --START--
INFO: Run Behavior\ReadHtmlCacheBehavior [ RunTime:0.000021s ]
INFO: [ app_begin ] --END-- [ RunTime:0.000039s ]
NOTIC: [8] Undefined index: userName /var/www/html/bsys/Application/Admin/Controller/LoginController.class.php 第 28 行.
NOTIC: [8] Undefined index: userName /var/www/html/bsys/Application/Admin/Controller/LoginController.class.php 第 29 行.
NOTIC: [8] Undefined index: userName /var/www/html/bsys/Application/Admin/Controller/LoginController.class.php 第 32 行.
INFO: [ view_parse ] --START--
INFO: [ template_filter ] --START--
INFO: Run Behavior\ContentReplaceBehavior [ RunTime:0.000043s ]
INFO: [ template_filter ] --END-- [ RunTime:0.000059s ]
INFO: Run Behavior\ParseTemplateBehavior [ RunTime:0.001004s ]
INFO: [ view_parse ] --END-- [ RunTime:0.001023s ]
INFO: [ view_filter ] --START--
INFO: Run Behavior\WriteHtmlCacheBehavior [ RunTime:0.000016s ]
INFO: [ view_filter ] --END-- [ RunTime:0.000025s ]
INFO: [ app_end ] --START--
INFO: Run Behavior\ShowPageTraceBehavior [ RunTime:0.000012s ]
INFO: [ app_end ] --END-- [ RunTime:0.000020s ]

