[ 2019-09-11T20:10:32+08:00 ] 127.0.0.1 /bsys/index.php/Admin/Login/index
INFO: [ app_init ] --START--
INFO: Run Behavior\BuildLiteBehavior [ RunTime:0.000014s ]
INFO: [ app_init ] --END-- [ RunTime:0.001094s ]
INFO: [ app_begin ] --START--
INFO: Run Behavior\ReadHtmlCacheBehavior [ RunTime:0.002484s ]
INFO: [ app_begin ] --END-- [ RunTime:0.002538s ]
NOTIC: [8] Undefined index: userName D:\xampp\htdocs\bsys\Application\Admin\Controller\LoginController.class.php 第 28 行.
NOTIC: [8] Undefined index: userName D:\xampp\htdocs\bsys\Application\Admin\Controller\LoginController.class.php 第 29 行.
NOTIC: [8] Undefined index: userName D:\xampp\htdocs\bsys\Application\Admin\Controller\LoginController.class.php 第 32 行.
INFO: [ view_parse ] --START--
INFO: [ template_filter ] --START--
INFO: Run Behavior\ContentReplaceBehavior [ RunTime:0.000096s ]
INFO: [ template_filter ] --END-- [ RunTime:0.000156s ]
INFO: Run Behavior\ParseTemplateBehavior [ RunTime:0.040070s ]
INFO: [ view_parse ] --END-- [ RunTime:0.040156s ]
INFO: [ view_filter ] --START--
INFO: Run Behavior\WriteHtmlCacheBehavior [ RunTime:0.002750s ]
INFO: [ view_filter ] --END-- [ RunTime:0.002820s ]
INFO: [ app_end ] --START--
INFO: Run Behavior\ShowPageTraceBehavior [ RunTime:0.002514s ]
INFO: [ app_end ] --END-- [ RunTime:0.002577s ]

[ 2019-09-11T20:10:46+08:00 ] 127.0.0.1 /bsys/index.php/Admin/Login/index
INFO: [ app_init ] --START--
INFO: Run Behavior\BuildLiteBehavior [ RunTime:0.000025s ]
INFO: [ app_init ] --END-- [ RunTime:0.001522s ]
INFO: [ app_begin ] --START--
INFO: Run Behavior\ReadHtmlCacheBehavior [ RunTime:0.001686s ]
INFO: [ app_begin ] --END-- [ RunTime:0.001724s ]
NOTIC: [8] Undefined index: userName D:\xampp\htdocs\bsys\Application\Admin\Controller\LoginController.class.php 第 28 行.
NOTIC: [8] Undefined index: userName D:\xampp\htdocs\bsys\Application\Admin\Controller\LoginController.class.php 第 29 行.
NOTIC: [8] Undefined index: userName D:\xampp\htdocs\bsys\Application\Admin\Controller\LoginController.class.php 第 32 行.
INFO: [ view_parse ] --START--
INFO: [ template_filter ] --START--
INFO: Run Behavior\ContentReplaceBehavior [ RunTime:0.000049s ]
INFO: [ template_filter ] --END-- [ RunTime:0.000079s ]
INFO: Run Behavior\ParseTemplateBehavior [ RunTime:0.009908s ]
INFO: [ view_parse ] --END-- [ RunTime:0.009946s ]
INFO: [ view_filter ] --START--
INFO: Run Behavior\WriteHtmlCacheBehavior [ RunTime:0.001229s ]
INFO: [ view_filter ] --END-- [ RunTime:0.001255s ]
INFO: [ app_end ] --START--
INFO: Run Behavior\ShowPageTraceBehavior [ RunTime:0.001339s ]
INFO: [ app_end ] --END-- [ RunTime:0.001366s ]

[ 2019-09-11T20:10:53+08:00 ] 127.0.0.1 /bsys/index.php/Admin/Login/loginVerify
INFO: [ app_init ] --START--
INFO: Run Behavior\BuildLiteBehavior [ RunTime:0.000008s ]
INFO: [ app_init ] --END-- [ RunTime:0.000646s ]
INFO: [ app_begin ] --START--
INFO: Run Behavior\ReadHtmlCacheBehavior [ RunTime:0.000898s ]
INFO: [ app_begin ] --END-- [ RunTime:0.000925s ]
NOTIC: [8] Undefined index: validate D:\xampp\htdocs\bsys\ThinkPHP\Library\Think\Model.class.php 第 1185 行.
NOTIC: [8] Undefined index: auto D:\xampp\htdocs\bsys\ThinkPHP\Library\Think\Model.class.php 第 1128 行.
SQL: SELECT * FROM `users_easyui` WHERE `userName` = '11111111' AND `password` = 'aaaaaaaa' AND `status` = 0  [ RunTime:0.0931s ]

[ 2019-09-11T20:10:59+08:00 ] 127.0.0.1 /bsys/index.php/Admin/Login/loginVerify
INFO: [ app_init ] --START--
INFO: Run Behavior\BuildLiteBehavior [ RunTime:0.000007s ]
INFO: [ app_init ] --END-- [ RunTime:0.000688s ]
INFO: [ app_begin ] --START--
INFO: Run Behavior\ReadHtmlCacheBehavior [ RunTime:0.000959s ]
INFO: [ app_begin ] --END-- [ RunTime:0.000985s ]
NOTIC: [8] Undefined index: validate D:\xampp\htdocs\bsys\ThinkPHP\Library\Think\Model.class.php 第 1185 行.
NOTIC: [8] Undefined index: auto D:\xampp\htdocs\bsys\ThinkPHP\Library\Think\Model.class.php 第 1128 行.
SQL: SELECT * FROM `users_easyui` WHERE `userName` = '11111111' AND `password` = 'aaaaaaaa' AND `status` = 0  [ RunTime:0.0004s ]

[ 2019-09-11T20:11:11+08:00 ] 127.0.0.1 /bsys/index.php/Admin/Login/loginVerify
INFO: [ app_init ] --START--
INFO: Run Behavior\BuildLiteBehavior [ RunTime:0.000007s ]
INFO: [ app_init ] --END-- [ RunTime:0.000654s ]
INFO: [ app_begin ] --START--
INFO: Run Behavior\ReadHtmlCacheBehavior [ RunTime:0.000899s ]
INFO: [ app_begin ] --END-- [ RunTime:0.000925s ]
NOTIC: [8] Undefined index: validate D:\xampp\htdocs\bsys\ThinkPHP\Library\Think\Model.class.php 第 1185 行.
NOTIC: [8] Undefined index: auto D:\xampp\htdocs\bsys\ThinkPHP\Library\Think\Model.class.php 第 1128 行.
SQL: SELECT * FROM `users_easyui` WHERE `userName` = '22222222' AND `password` = 'bbbbbbbb' AND `status` = 0  [ RunTime:0.0004s ]
NOTIC: [2] session_cache_expire(): Cannot change cache expire when session is active D:\xampp\htdocs\bsys\Application\Admin\Controller\LoginController.class.php 第 180 行.
NOTIC: [8] session_start(): A session had already been started - ignoring D:\xampp\htdocs\bsys\Application\Admin\Controller\LoginController.class.php 第 181 行.

[ 2019-09-11T20:11:12+08:00 ] 127.0.0.1 /bsys/index.php/Admin/Login/index
INFO: [ app_init ] --START--
INFO: Run Behavior\BuildLiteBehavior [ RunTime:0.000008s ]
INFO: [ app_init ] --END-- [ RunTime:0.000886s ]
INFO: [ app_begin ] --START--
INFO: Run Behavior\ReadHtmlCacheBehavior [ RunTime:0.001334s ]
INFO: [ app_begin ] --END-- [ RunTime:0.001373s ]
INFO: [ view_parse ] --START--
INFO: [ template_filter ] --START--
INFO: Run Behavior\ContentReplaceBehavior [ RunTime:0.000090s ]
INFO: [ template_filter ] --END-- [ RunTime:0.000123s ]
INFO: Run Behavior\ParseTemplateBehavior [ RunTime:0.009413s ]
INFO: [ view_parse ] --END-- [ RunTime:0.009445s ]
INFO: [ view_filter ] --START--
INFO: Run Behavior\WriteHtmlCacheBehavior [ RunTime:0.000769s ]
INFO: [ view_filter ] --END-- [ RunTime:0.000791s ]
INFO: [ app_end ] --START--
INFO: Run Behavior\ShowPageTraceBehavior [ RunTime:0.000989s ]
INFO: [ app_end ] --END-- [ RunTime:0.001015s ]

[ 2019-09-11T20:11:12+08:00 ] 127.0.0.1 /bsys/index.php/Admin/Manage/main
INFO: [ app_init ] --START--
INFO: Run Behavior\BuildLiteBehavior [ RunTime:0.000012s ]
INFO: [ app_init ] --END-- [ RunTime:0.000933s ]
INFO: [ app_begin ] --START--
INFO: Run Behavior\ReadHtmlCacheBehavior [ RunTime:0.001342s ]
INFO: [ app_begin ] --END-- [ RunTime:0.001372s ]
INFO: [ view_parse ] --START--
INFO: [ template_filter ] --START--
INFO: Run Behavior\ContentReplaceBehavior [ RunTime:0.000026s ]
INFO: [ template_filter ] --END-- [ RunTime:0.000062s ]
INFO: Run Behavior\ParseTemplateBehavior [ RunTime:0.025890s ]
INFO: [ view_parse ] --END-- [ RunTime:0.025951s ]
INFO: [ view_filter ] --START--
INFO: Run Behavior\WriteHtmlCacheBehavior [ RunTime:0.002094s ]
INFO: [ view_filter ] --END-- [ RunTime:0.002132s ]
INFO: [ app_end ] --START--
INFO: Run Behavior\ShowPageTraceBehavior [ RunTime:0.001571s ]
INFO: [ app_end ] --END-- [ RunTime:0.001598s ]

[ 2019-09-11T20:11:21+08:00 ] 127.0.0.1 /bsys/index.php/Admin/Login/login
INFO: [ app_init ] --START--
INFO: Run Behavior\BuildLiteBehavior [ RunTime:0.000008s ]
INFO: [ app_init ] --END-- [ RunTime:0.000638s ]
INFO: [ app_begin ] --START--
INFO: Run Behavior\ReadHtmlCacheBehavior [ RunTime:0.000948s ]
INFO: [ app_begin ] --END-- [ RunTime:0.000979s ]
INFO: [ view_parse ] --START--
INFO: [ template_filter ] --START--
INFO: Run Behavior\ContentReplaceBehavior [ RunTime:0.000044s ]
INFO: [ template_filter ] --END-- [ RunTime:0.000071s ]
INFO: Run Behavior\ParseTemplateBehavior [ RunTime:0.006600s ]
INFO: [ view_parse ] --END-- [ RunTime:0.006631s ]
INFO: [ view_filter ] --START--
INFO: Run Behavior\WriteHtmlCacheBehavior [ RunTime:0.000755s ]
INFO: [ view_filter ] --END-- [ RunTime:0.000777s ]
INFO: [ app_end ] --START--
INFO: Run Behavior\ShowPageTraceBehavior [ RunTime:0.001002s ]
INFO: [ app_end ] --END-- [ RunTime:0.001025s ]

