[ 2019-10-27T08:28:30+08:00 ] 127.0.0.1 /bsys/index.php/Admin/Login/index
INFO: [ app_init ] --START--
INFO: Run Behavior\BuildLiteBehavior [ RunTime:0.000009s ]
INFO: [ app_init ] --END-- [ RunTime:0.001069s ]
INFO: [ app_begin ] --START--
INFO: Run Behavior\ReadHtmlCacheBehavior [ RunTime:0.001493s ]
INFO: [ app_begin ] --END-- [ RunTime:0.001529s ]
NOTIC: [8] Undefined index: userName D:\xampp2\htdocs\bsys\Application\Admin\Controller\LoginController.class.php 第 28 行.
NOTIC: [8] Undefined index: userName D:\xampp2\htdocs\bsys\Application\Admin\Controller\LoginController.class.php 第 29 行.
NOTIC: [8] Undefined index: userName D:\xampp2\htdocs\bsys\Application\Admin\Controller\LoginController.class.php 第 32 行.
INFO: [ view_parse ] --START--
INFO: [ template_filter ] --START--
INFO: Run Behavior\ContentReplaceBehavior [ RunTime:0.000092s ]
INFO: [ template_filter ] --END-- [ RunTime:0.000136s ]
INFO: Run Behavior\ParseTemplateBehavior [ RunTime:0.011021s ]
INFO: [ view_parse ] --END-- [ RunTime:0.011060s ]
INFO: [ view_filter ] --START--
INFO: Run Behavior\WriteHtmlCacheBehavior [ RunTime:0.001250s ]
INFO: [ view_filter ] --END-- [ RunTime:0.001277s ]
INFO: [ app_end ] --START--
INFO: Run Behavior\ShowPageTraceBehavior [ RunTime:0.001474s ]
INFO: [ app_end ] --END-- [ RunTime:0.001500s ]

[ 2019-10-27T08:28:49+08:00 ] 127.0.0.1 /bsys/index.php/Admin/Login/loginVerify
INFO: [ app_init ] --START--
INFO: Run Behavior\BuildLiteBehavior [ RunTime:0.000016s ]
INFO: [ app_init ] --END-- [ RunTime:0.001166s ]
INFO: [ app_begin ] --START--
INFO: Run Behavior\ReadHtmlCacheBehavior [ RunTime:0.001457s ]
INFO: [ app_begin ] --END-- [ RunTime:0.001488s ]
SQL: SELECT * FROM `ysq_users` WHERE `userName` = '11111111' AND `password` = '11111111' AND `status` = 1  [ RunTime:0.0713s ]
NOTIC: [2] session_cache_expire(): Cannot change cache expire when session is active D:\xampp2\htdocs\bsys\Application\Admin\Controller\LoginController.class.php 第 181 行.
NOTIC: [8] session_start(): A session had already been started - ignoring D:\xampp2\htdocs\bsys\Application\Admin\Controller\LoginController.class.php 第 182 行.

[ 2019-10-27T08:28:49+08:00 ] 127.0.0.1 /bsys/index.php/Admin/Login/index
INFO: [ app_init ] --START--
INFO: Run Behavior\BuildLiteBehavior [ RunTime:0.000014s ]
INFO: [ app_init ] --END-- [ RunTime:0.005952s ]
INFO: [ app_begin ] --START--
INFO: Run Behavior\ReadHtmlCacheBehavior [ RunTime:0.002240s ]
INFO: [ app_begin ] --END-- [ RunTime:0.002322s ]
INFO: [ view_parse ] --START--
INFO: [ template_filter ] --START--
INFO: Run Behavior\ContentReplaceBehavior [ RunTime:0.000101s ]
INFO: [ template_filter ] --END-- [ RunTime:0.000151s ]
INFO: Run Behavior\ParseTemplateBehavior [ RunTime:0.016527s ]
INFO: [ view_parse ] --END-- [ RunTime:0.016623s ]
INFO: [ view_filter ] --START--
INFO: Run Behavior\WriteHtmlCacheBehavior [ RunTime:0.001947s ]
INFO: [ view_filter ] --END-- [ RunTime:0.002004s ]
INFO: [ app_end ] --START--
INFO: Run Behavior\ShowPageTraceBehavior [ RunTime:0.002000s ]
INFO: [ app_end ] --END-- [ RunTime:0.002048s ]

[ 2019-10-27T08:28:50+08:00 ] 127.0.0.1 /bsys/index.php/Admin/Manage/main
INFO: [ app_init ] --START--
INFO: Run Behavior\BuildLiteBehavior [ RunTime:0.000011s ]
INFO: [ app_init ] --END-- [ RunTime:0.000908s ]
INFO: [ app_begin ] --START--
INFO: Run Behavior\ReadHtmlCacheBehavior [ RunTime:0.000982s ]
INFO: [ app_begin ] --END-- [ RunTime:0.001013s ]
INFO: [ view_parse ] --START--
INFO: [ template_filter ] --START--
INFO: Run Behavior\ContentReplaceBehavior [ RunTime:0.000027s ]
INFO: [ template_filter ] --END-- [ RunTime:0.000062s ]
INFO: Run Behavior\ParseTemplateBehavior [ RunTime:0.011559s ]
INFO: [ view_parse ] --END-- [ RunTime:0.011591s ]
INFO: [ view_filter ] --START--
INFO: Run Behavior\WriteHtmlCacheBehavior [ RunTime:0.000720s ]
INFO: [ view_filter ] --END-- [ RunTime:0.000743s ]
INFO: [ app_end ] --START--
INFO: Run Behavior\ShowPageTraceBehavior [ RunTime:0.000972s ]
INFO: [ app_end ] --END-- [ RunTime:0.000995s ]

[ 2019-10-27T08:28:52+08:00 ] 127.0.0.1 /bsys/index.php/Admin/Manage/seriesManage
INFO: [ app_init ] --START--
INFO: Run Behavior\BuildLiteBehavior [ RunTime:0.000008s ]
INFO: [ app_init ] --END-- [ RunTime:0.000671s ]
INFO: [ app_begin ] --START--
INFO: Run Behavior\ReadHtmlCacheBehavior [ RunTime:0.000964s ]
INFO: [ app_begin ] --END-- [ RunTime:0.001006s ]
INFO: [ view_parse ] --START--
INFO: [ template_filter ] --START--
INFO: Run Behavior\ContentReplaceBehavior [ RunTime:0.000262s ]
INFO: [ template_filter ] --END-- [ RunTime:0.000300s ]
INFO: Run Behavior\ParseTemplateBehavior [ RunTime:0.008065s ]
INFO: [ view_parse ] --END-- [ RunTime:0.008099s ]
INFO: [ view_filter ] --START--
INFO: Run Behavior\WriteHtmlCacheBehavior [ RunTime:0.000752s ]
INFO: [ view_filter ] --END-- [ RunTime:0.000776s ]
INFO: [ app_end ] --START--
INFO: Run Behavior\ShowPageTraceBehavior [ RunTime:0.000906s ]
INFO: [ app_end ] --END-- [ RunTime:0.000934s ]

[ 2019-10-27T08:28:53+08:00 ] 127.0.0.1 /bsys/index.php/Admin/Manage/getSeriesData
INFO: [ app_init ] --START--
INFO: Run Behavior\BuildLiteBehavior [ RunTime:0.000008s ]
INFO: [ app_init ] --END-- [ RunTime:0.000712s ]
INFO: [ app_begin ] --START--
INFO: Run Behavior\ReadHtmlCacheBehavior [ RunTime:0.001279s ]
INFO: [ app_begin ] --END-- [ RunTime:0.001318s ]
NOTIC: [8] Undefined index: startTime D:\xampp2\htdocs\bsys\Application\Admin\Controller\ManageController.class.php 第 65 行.
NOTIC: [8] Undefined index: endTime D:\xampp2\htdocs\bsys\Application\Admin\Controller\ManageController.class.php 第 66 行.
NOTIC: [8] Undefined index: search_title D:\xampp2\htdocs\bsys\Application\Admin\Controller\ManageController.class.php 第 67 行.
SQL: SHOW COLUMNS FROM `ysq_series` [ RunTime:0.0473s ]
NOTIC: [8] Undefined variable: map D:\xampp2\htdocs\bsys\Application\Admin\Controller\ManageController.class.php 第 84 行.
SQL: SELECT * FROM `ysq_series` WHERE ( series_status=1 )  [ RunTime:0.0004s ]
NOTIC: [8] Undefined variable: map D:\xampp2\htdocs\bsys\Application\Admin\Controller\ManageController.class.php 第 85 行.
SQL: SELECT COUNT(*) AS tp_count FROM `ysq_series` WHERE ( series_status=1 ) LIMIT 1   [ RunTime:0.0003s ]

[ 2019-10-27T08:29:18+08:00 ] 127.0.0.1 /bsys/index.php/Admin/Manage/create_series
INFO: [ app_init ] --START--
INFO: Run Behavior\BuildLiteBehavior [ RunTime:0.000009s ]
INFO: [ app_init ] --END-- [ RunTime:0.000653s ]
INFO: [ app_begin ] --START--
INFO: Run Behavior\ReadHtmlCacheBehavior [ RunTime:0.000912s ]
INFO: [ app_begin ] --END-- [ RunTime:0.000940s ]
NOTIC: [8] Undefined index: cover D:\xampp2\htdocs\bsys\Application\Admin\Controller\ManageController.class.php 第 116 行.
NOTIC: [8] Undefined index: partition D:\xampp2\htdocs\bsys\Application\Admin\Controller\ManageController.class.php 第 117 行.

[ 2019-10-27T08:33:40+08:00 ] 127.0.0.1 /bsys/index.php/Admin/Manage/seriesManage
INFO: [ app_init ] --START--
INFO: Run Behavior\BuildLiteBehavior [ RunTime:0.000012s ]
INFO: [ app_init ] --END-- [ RunTime:0.000931s ]
INFO: [ app_begin ] --START--
INFO: Run Behavior\ReadHtmlCacheBehavior [ RunTime:0.001549s ]
INFO: [ app_begin ] --END-- [ RunTime:0.001592s ]
INFO: [ view_parse ] --START--
INFO: [ template_filter ] --START--
INFO: Run Behavior\ContentReplaceBehavior [ RunTime:0.000170s ]
INFO: [ template_filter ] --END-- [ RunTime:0.000199s ]
INFO: Run Behavior\ParseTemplateBehavior [ RunTime:0.008807s ]
INFO: [ view_parse ] --END-- [ RunTime:0.008847s ]
INFO: [ view_filter ] --START--
INFO: Run Behavior\WriteHtmlCacheBehavior [ RunTime:0.001505s ]
INFO: [ view_filter ] --END-- [ RunTime:0.001552s ]
INFO: [ app_end ] --START--
INFO: Run Behavior\ShowPageTraceBehavior [ RunTime:0.001483s ]
INFO: [ app_end ] --END-- [ RunTime:0.001523s ]

[ 2019-10-27T08:33:40+08:00 ] 127.0.0.1 /bsys/index.php/Admin/Manage/getSeriesData
INFO: [ app_init ] --START--
INFO: Run Behavior\BuildLiteBehavior [ RunTime:0.000008s ]
INFO: [ app_init ] --END-- [ RunTime:0.000657s ]
INFO: [ app_begin ] --START--
INFO: Run Behavior\ReadHtmlCacheBehavior [ RunTime:0.001156s ]
INFO: [ app_begin ] --END-- [ RunTime:0.001197s ]
NOTIC: [8] Undefined index: startTime D:\xampp2\htdocs\bsys\Application\Admin\Controller\ManageController.class.php 第 65 行.
NOTIC: [8] Undefined index: endTime D:\xampp2\htdocs\bsys\Application\Admin\Controller\ManageController.class.php 第 66 行.
NOTIC: [8] Undefined index: search_title D:\xampp2\htdocs\bsys\Application\Admin\Controller\ManageController.class.php 第 67 行.
SQL: SHOW COLUMNS FROM `ysq_series` [ RunTime:0.0076s ]
NOTIC: [8] Undefined variable: map D:\xampp2\htdocs\bsys\Application\Admin\Controller\ManageController.class.php 第 84 行.
SQL: SELECT * FROM `ysq_series` WHERE ( series_status=1 )  [ RunTime:0.0004s ]
NOTIC: [8] Undefined variable: map D:\xampp2\htdocs\bsys\Application\Admin\Controller\ManageController.class.php 第 85 行.
SQL: SELECT COUNT(*) AS tp_count FROM `ysq_series` WHERE ( series_status=1 ) LIMIT 1   [ RunTime:0.0003s ]

[ 2019-10-27T08:34:23+08:00 ] 127.0.0.1 /bsys/index.php/Admin/Manage/create_series
INFO: [ app_init ] --START--
INFO: Run Behavior\BuildLiteBehavior [ RunTime:0.000007s ]
INFO: [ app_init ] --END-- [ RunTime:0.000688s ]
INFO: [ app_begin ] --START--
INFO: Run Behavior\ReadHtmlCacheBehavior [ RunTime:0.001060s ]
INFO: [ app_begin ] --END-- [ RunTime:0.001095s ]
SQL: SHOW COLUMNS FROM `ysq_series` [ RunTime:0.0069s ]
SQL: SELECT * FROM `ysq_series` WHERE `series_status` = 1 AND `series_title` = '忍者神龟2之变种时代'  [ RunTime:0.0004s ]
SQL: SELECT `id` FROM `ysq_users` WHERE ( userName='11111111' ) LIMIT 1   [ RunTime:0.0003s ]
NOTIC: [2] call_user_func() expects parameter 1 to be a valid callback, no array or string given D:\xampp2\htdocs\bsys\ThinkPHP\Library\Think\Upload.class.php 第 170 行.
SQL: SHOW COLUMNS FROM `ysq_series` [ RunTime:0.0077s ]
SQL: INSERT INTO `ysq_series` (`series_id`,`id`,`series_coverpath`,`series_tag`,`series_title`,`series_profile`,`series_partition`) VALUES (NULL,'1','covers/pic1572136458866959637.jpg','忍者','忍者神龟2之变种时代','《忍者神龟2：破影而出》是由美国派拉蒙影业公司出品的动作片，由戴夫·格林执导，梅根·福克斯、阿伦·瑞奇森、威尔·阿奈特、诺尔·费舍、皮特·普劳泽克、斯蒂芬·阿梅尔、泰勒·派瑞联合主演。该片根据漫画改编，讲述了城市在恢复平静后，大反派施莱德重新召集旧部卷土重来，并勾结外星恶势力试图称霸地球，而女记者奥尼尔与神龟达成阵线联盟共同抗敌的故事。该片于2016年6月3日在美国上映','movie') [ RunTime:0.1404s ]
INFO: [ app_end ] --START--
INFO: Run Behavior\ShowPageTraceBehavior [ RunTime:0.001632s ]
INFO: [ app_end ] --END-- [ RunTime:0.001676s ]

[ 2019-10-27T08:34:23+08:00 ] 127.0.0.1 /bsys/index.php/Admin/Manage/seriesManage
INFO: [ app_init ] --START--
INFO: Run Behavior\BuildLiteBehavior [ RunTime:0.000010s ]
INFO: [ app_init ] --END-- [ RunTime:0.001057s ]
INFO: [ app_begin ] --START--
INFO: Run Behavior\ReadHtmlCacheBehavior [ RunTime:0.001986s ]
INFO: [ app_begin ] --END-- [ RunTime:0.002060s ]
INFO: [ view_parse ] --START--
INFO: [ template_filter ] --START--
INFO: Run Behavior\ContentReplaceBehavior [ RunTime:0.000211s ]
INFO: [ template_filter ] --END-- [ RunTime:0.000262s ]
INFO: Run Behavior\ParseTemplateBehavior [ RunTime:0.012671s ]
INFO: [ view_parse ] --END-- [ RunTime:0.012728s ]
INFO: [ view_filter ] --START--
INFO: Run Behavior\WriteHtmlCacheBehavior [ RunTime:0.001260s ]
INFO: [ view_filter ] --END-- [ RunTime:0.001296s ]
INFO: [ app_end ] --START--
INFO: Run Behavior\ShowPageTraceBehavior [ RunTime:0.001368s ]
INFO: [ app_end ] --END-- [ RunTime:0.001561s ]

[ 2019-10-27T08:34:23+08:00 ] 127.0.0.1 /bsys/index.php/Admin/Manage/getSeriesData
INFO: [ app_init ] --START--
INFO: Run Behavior\BuildLiteBehavior [ RunTime:0.000008s ]
INFO: [ app_init ] --END-- [ RunTime:0.000659s ]
INFO: [ app_begin ] --START--
INFO: Run Behavior\ReadHtmlCacheBehavior [ RunTime:0.000927s ]
INFO: [ app_begin ] --END-- [ RunTime:0.000955s ]
NOTIC: [8] Undefined index: startTime D:\xampp2\htdocs\bsys\Application\Admin\Controller\ManageController.class.php 第 65 行.
NOTIC: [8] Undefined index: endTime D:\xampp2\htdocs\bsys\Application\Admin\Controller\ManageController.class.php 第 66 行.
NOTIC: [8] Undefined index: search_title D:\xampp2\htdocs\bsys\Application\Admin\Controller\ManageController.class.php 第 67 行.
SQL: SHOW COLUMNS FROM `ysq_series` [ RunTime:0.0081s ]
NOTIC: [8] Undefined variable: map D:\xampp2\htdocs\bsys\Application\Admin\Controller\ManageController.class.php 第 84 行.
SQL: SELECT * FROM `ysq_series` WHERE ( series_status=1 )  [ RunTime:0.0004s ]
NOTIC: [8] Undefined variable: map D:\xampp2\htdocs\bsys\Application\Admin\Controller\ManageController.class.php 第 85 行.
SQL: SELECT COUNT(*) AS tp_count FROM `ysq_series` WHERE ( series_status=1 ) LIMIT 1   [ RunTime:0.0003s ]

[ 2019-10-27T08:39:19+08:00 ] 127.0.0.1 /bsys/index.php/Admin/Manage/add_video
INFO: [ app_init ] --START--
INFO: Run Behavior\BuildLiteBehavior [ RunTime:0.000012s ]
INFO: [ app_init ] --END-- [ RunTime:0.016346s ]
INFO: [ app_begin ] --START--
INFO: Run Behavior\ReadHtmlCacheBehavior [ RunTime:0.008178s ]
INFO: [ app_begin ] --END-- [ RunTime:0.008215s ]
SQL: SELECT `id` FROM `ysq_users` WHERE ( userName=11111111 ) LIMIT 1   [ RunTime:0.0463s ]
NOTIC: [2] finfo_file(): Failed identify data 0:(null) D:\xampp2\htdocs\bsys\ThinkPHP\Library\Think\Upload.class.php 第 152 行.
INFO: [ view_parse ] --START--
INFO: [ template_filter ] --START--
INFO: Run Behavior\ContentReplaceBehavior [ RunTime:0.000030s ]
INFO: [ template_filter ] --END-- [ RunTime:0.000067s ]
INFO: Run Behavior\ParseTemplateBehavior [ RunTime:0.317121s ]
INFO: [ view_parse ] --END-- [ RunTime:0.317162s ]
INFO: [ view_filter ] --START--
INFO: Run Behavior\WriteHtmlCacheBehavior [ RunTime:0.045285s ]
INFO: [ view_filter ] --END-- [ RunTime:0.045319s ]

[ 2019-10-27T08:39:23+08:00 ] 127.0.0.1 /bsys/index.php/Admin/Manage/getSeriesData
INFO: [ app_init ] --START--
INFO: Run Behavior\BuildLiteBehavior [ RunTime:0.000018s ]
INFO: [ app_init ] --END-- [ RunTime:0.001105s ]
INFO: [ app_begin ] --START--
INFO: Run Behavior\ReadHtmlCacheBehavior [ RunTime:0.001355s ]
INFO: [ app_begin ] --END-- [ RunTime:0.001402s ]
NOTIC: [8] Undefined index: startTime D:\xampp2\htdocs\bsys\Application\Admin\Controller\ManageController.class.php 第 65 行.
NOTIC: [8] Undefined index: endTime D:\xampp2\htdocs\bsys\Application\Admin\Controller\ManageController.class.php 第 66 行.
NOTIC: [8] Undefined index: search_title D:\xampp2\htdocs\bsys\Application\Admin\Controller\ManageController.class.php 第 67 行.
SQL: SHOW COLUMNS FROM `ysq_series` [ RunTime:0.0073s ]
NOTIC: [8] Undefined variable: map D:\xampp2\htdocs\bsys\Application\Admin\Controller\ManageController.class.php 第 84 行.
SQL: SELECT * FROM `ysq_series` WHERE ( series_status=1 )  [ RunTime:0.0004s ]
NOTIC: [8] Undefined variable: map D:\xampp2\htdocs\bsys\Application\Admin\Controller\ManageController.class.php 第 85 行.
SQL: SELECT COUNT(*) AS tp_count FROM `ysq_series` WHERE ( series_status=1 ) LIMIT 1   [ RunTime:0.0003s ]

[ 2019-10-27T08:46:24+08:00 ] 127.0.0.1 /bsys/index.php/Admin/Manage/getVideosData
INFO: [ app_init ] --START--
INFO: Run Behavior\BuildLiteBehavior [ RunTime:0.000008s ]
INFO: [ app_init ] --END-- [ RunTime:0.000854s ]
INFO: [ app_begin ] --START--
INFO: Run Behavior\ReadHtmlCacheBehavior [ RunTime:0.001382s ]
INFO: [ app_begin ] --END-- [ RunTime:0.001421s ]
SQL: SHOW COLUMNS FROM `ysq_videos` [ RunTime:0.0164s ]
SQL: SHOW COLUMNS FROM `ysq_series` [ RunTime:0.0068s ]
SQL: SELECT `series_title` FROM `ysq_series` WHERE ( series_id=3 ) LIMIT 1   [ RunTime:0.0112s ]
SQL: SELECT * FROM `ysq_videos` WHERE `series_id` = 3 AND `video_status` = 1  [ RunTime:0.0005s ]
SQL: SELECT COUNT(*) AS tp_count FROM `ysq_videos` WHERE `series_id` = 3 AND `video_status` = 1 LIMIT 1   [ RunTime:0.0003s ]

[ 2019-10-27T08:47:03+08:00 ] 127.0.0.1 /bsys/index.php/Admin/Manage/add_video
INFO: [ app_init ] --START--
INFO: Run Behavior\BuildLiteBehavior [ RunTime:0.000007s ]
INFO: [ app_init ] --END-- [ RunTime:0.000693s ]
INFO: [ app_begin ] --START--
INFO: Run Behavior\ReadHtmlCacheBehavior [ RunTime:0.000987s ]
INFO: [ app_begin ] --END-- [ RunTime:0.001018s ]
SQL: SELECT `id` FROM `ysq_users` WHERE ( userName=11111111 ) LIMIT 1   [ RunTime:0.0004s ]
NOTIC: [2] call_user_func() expects parameter 1 to be a valid callback, no array or string given D:\xampp2\htdocs\bsys\ThinkPHP\Library\Think\Upload.class.php 第 170 行.
SQL: SHOW COLUMNS FROM `ysq_videos` [ RunTime:0.0068s ]
SQL: SHOW COLUMNS FROM `ysq_series` [ RunTime:0.0065s ]
SQL: INSERT INTO `ysq_videos` (`video_id`,`id`,`video_size`,`video_mime`,`video_filepath`,`video_ext`,`series_id`,`video_episode`,`video_title`) VALUES (NULL,'1','504840652','video/x-matroska','videos/av15721372171000180129.mkv','mkv','3','3','第三集') [ RunTime:0.1322s ]
SQL: SELECT COUNT(*) AS tp_count FROM `ysq_videos` WHERE `series_id` = 3 AND `video_status` = 1 LIMIT 1   [ RunTime:0.0004s ]
SQL: UPDATE `ysq_series` SET `series_total_episode`='3' WHERE ( series_id=3 ) [ RunTime:0.1554s ]
INFO: [ app_end ] --START--
INFO: Run Behavior\ShowPageTraceBehavior [ RunTime:0.015177s ]
INFO: [ app_end ] --END-- [ RunTime:0.015212s ]

[ 2019-10-27T08:47:03+08:00 ] 127.0.0.1 /bsys/index.php/Admin/Manage/seriesManage
INFO: [ app_init ] --START--
INFO: Run Behavior\BuildLiteBehavior [ RunTime:0.000007s ]
INFO: [ app_init ] --END-- [ RunTime:0.000672s ]
INFO: [ app_begin ] --START--
INFO: Run Behavior\ReadHtmlCacheBehavior [ RunTime:0.000931s ]
INFO: [ app_begin ] --END-- [ RunTime:0.000959s ]
INFO: [ view_parse ] --START--
INFO: [ template_filter ] --START--
INFO: Run Behavior\ContentReplaceBehavior [ RunTime:0.000188s ]
INFO: [ template_filter ] --END-- [ RunTime:0.000221s ]
INFO: Run Behavior\ParseTemplateBehavior [ RunTime:0.090202s ]
INFO: [ view_parse ] --END-- [ RunTime:0.090232s ]
INFO: [ view_filter ] --START--
INFO: Run Behavior\WriteHtmlCacheBehavior [ RunTime:0.001093s ]
INFO: [ view_filter ] --END-- [ RunTime:0.001117s ]
INFO: [ app_end ] --START--
INFO: Run Behavior\ShowPageTraceBehavior [ RunTime:0.000985s ]
INFO: [ app_end ] --END-- [ RunTime:0.001013s ]

[ 2019-10-27T08:47:03+08:00 ] 127.0.0.1 /bsys/index.php/Admin/Manage/getSeriesData
INFO: [ app_init ] --START--
INFO: Run Behavior\BuildLiteBehavior [ RunTime:0.000007s ]
INFO: [ app_init ] --END-- [ RunTime:0.000642s ]
INFO: [ app_begin ] --START--
INFO: Run Behavior\ReadHtmlCacheBehavior [ RunTime:0.000894s ]
INFO: [ app_begin ] --END-- [ RunTime:0.000920s ]
NOTIC: [8] Undefined index: startTime D:\xampp2\htdocs\bsys\Application\Admin\Controller\ManageController.class.php 第 65 行.
NOTIC: [8] Undefined index: endTime D:\xampp2\htdocs\bsys\Application\Admin\Controller\ManageController.class.php 第 66 行.
NOTIC: [8] Undefined index: search_title D:\xampp2\htdocs\bsys\Application\Admin\Controller\ManageController.class.php 第 67 行.
SQL: SHOW COLUMNS FROM `ysq_series` [ RunTime:0.0070s ]
NOTIC: [8] Undefined variable: map D:\xampp2\htdocs\bsys\Application\Admin\Controller\ManageController.class.php 第 84 行.
SQL: SELECT * FROM `ysq_series` WHERE ( series_status=1 )  [ RunTime:0.0004s ]
NOTIC: [8] Undefined variable: map D:\xampp2\htdocs\bsys\Application\Admin\Controller\ManageController.class.php 第 85 行.
SQL: SELECT COUNT(*) AS tp_count FROM `ysq_series` WHERE ( series_status=1 ) LIMIT 1   [ RunTime:0.0003s ]

[ 2019-10-27T08:47:10+08:00 ] 127.0.0.1 /bsys/index.php/Admin/Manage/getVideosData
INFO: [ app_init ] --START--
INFO: Run Behavior\BuildLiteBehavior [ RunTime:0.000007s ]
INFO: [ app_init ] --END-- [ RunTime:0.000674s ]
INFO: [ app_begin ] --START--
INFO: Run Behavior\ReadHtmlCacheBehavior [ RunTime:0.000931s ]
INFO: [ app_begin ] --END-- [ RunTime:0.000958s ]
SQL: SHOW COLUMNS FROM `ysq_videos` [ RunTime:0.0069s ]
SQL: SHOW COLUMNS FROM `ysq_series` [ RunTime:0.0067s ]
SQL: SELECT `series_title` FROM `ysq_series` WHERE ( series_id=3 ) LIMIT 1   [ RunTime:0.0003s ]
SQL: SELECT * FROM `ysq_videos` WHERE `series_id` = 3 AND `video_status` = 1  [ RunTime:0.0003s ]
SQL: SELECT COUNT(*) AS tp_count FROM `ysq_videos` WHERE `series_id` = 3 AND `video_status` = 1 LIMIT 1   [ RunTime:0.0003s ]

[ 2019-10-27T10:38:13+08:00 ] 127.0.0.1 /bsys/index.php/Admin/Login/index
INFO: [ app_init ] --START--
INFO: Run Behavior\BuildLiteBehavior [ RunTime:0.000009s ]
INFO: [ app_init ] --END-- [ RunTime:0.001008s ]
INFO: [ app_begin ] --START--
INFO: Run Behavior\ReadHtmlCacheBehavior [ RunTime:0.001210s ]
INFO: [ app_begin ] --END-- [ RunTime:0.001240s ]
INFO: [ view_parse ] --START--
INFO: [ template_filter ] --START--
INFO: Run Behavior\ContentReplaceBehavior [ RunTime:0.000097s ]
INFO: [ template_filter ] --END-- [ RunTime:0.000141s ]
INFO: Run Behavior\ParseTemplateBehavior [ RunTime:0.010994s ]
INFO: [ view_parse ] --END-- [ RunTime:0.011032s ]
INFO: [ view_filter ] --START--
INFO: Run Behavior\WriteHtmlCacheBehavior [ RunTime:0.001424s ]
INFO: [ view_filter ] --END-- [ RunTime:0.001452s ]
INFO: [ app_end ] --START--
INFO: Run Behavior\ShowPageTraceBehavior [ RunTime:0.001803s ]
INFO: [ app_end ] --END-- [ RunTime:0.001845s ]

[ 2019-10-27T10:38:13+08:00 ] 127.0.0.1 /bsys/index.php/Admin/Manage/main
INFO: [ app_init ] --START--
INFO: Run Behavior\BuildLiteBehavior [ RunTime:0.000012s ]
INFO: [ app_init ] --END-- [ RunTime:0.000892s ]
INFO: [ app_begin ] --START--
INFO: Run Behavior\ReadHtmlCacheBehavior [ RunTime:0.001930s ]
INFO: [ app_begin ] --END-- [ RunTime:0.001975s ]
INFO: [ view_parse ] --START--
INFO: [ template_filter ] --START--
INFO: Run Behavior\ContentReplaceBehavior [ RunTime:0.000026s ]
INFO: [ template_filter ] --END-- [ RunTime:0.000056s ]
INFO: Run Behavior\ParseTemplateBehavior [ RunTime:0.006957s ]
INFO: [ view_parse ] --END-- [ RunTime:0.006997s ]
INFO: [ view_filter ] --START--
INFO: Run Behavior\WriteHtmlCacheBehavior [ RunTime:0.000786s ]
INFO: [ view_filter ] --END-- [ RunTime:0.000810s ]
INFO: [ app_end ] --START--
INFO: Run Behavior\ShowPageTraceBehavior [ RunTime:0.000967s ]
INFO: [ app_end ] --END-- [ RunTime:0.000991s ]

[ 2019-10-27T10:38:15+08:00 ] 127.0.0.1 /bsys/index.php/Admin/Manage/seriesManage
INFO: [ app_init ] --START--
INFO: Run Behavior\BuildLiteBehavior [ RunTime:0.000007s ]
INFO: [ app_init ] --END-- [ RunTime:0.000654s ]
INFO: [ app_begin ] --START--
INFO: Run Behavior\ReadHtmlCacheBehavior [ RunTime:0.000936s ]
INFO: [ app_begin ] --END-- [ RunTime:0.000966s ]
INFO: [ view_parse ] --START--
INFO: [ template_filter ] --START--
INFO: Run Behavior\ContentReplaceBehavior [ RunTime:0.000183s ]
INFO: [ template_filter ] --END-- [ RunTime:0.000226s ]
INFO: Run Behavior\ParseTemplateBehavior [ RunTime:0.008342s ]
INFO: [ view_parse ] --END-- [ RunTime:0.008375s ]
INFO: [ view_filter ] --START--
INFO: Run Behavior\WriteHtmlCacheBehavior [ RunTime:0.000732s ]
INFO: [ view_filter ] --END-- [ RunTime:0.000758s ]
INFO: [ app_end ] --START--
INFO: Run Behavior\ShowPageTraceBehavior [ RunTime:0.000919s ]
INFO: [ app_end ] --END-- [ RunTime:0.000945s ]

[ 2019-10-27T10:38:15+08:00 ] 127.0.0.1 /bsys/index.php/Admin/Manage/getSeriesData
INFO: [ app_init ] --START--
INFO: Run Behavior\BuildLiteBehavior [ RunTime:0.000008s ]
INFO: [ app_init ] --END-- [ RunTime:0.000633s ]
INFO: [ app_begin ] --START--
INFO: Run Behavior\ReadHtmlCacheBehavior [ RunTime:0.000925s ]
INFO: [ app_begin ] --END-- [ RunTime:0.000950s ]
NOTIC: [8] Undefined index: startTime D:\xampp2\htdocs\bsys\Application\Admin\Controller\ManageController.class.php 第 65 行.
NOTIC: [8] Undefined index: endTime D:\xampp2\htdocs\bsys\Application\Admin\Controller\ManageController.class.php 第 66 行.
NOTIC: [8] Undefined index: search_title D:\xampp2\htdocs\bsys\Application\Admin\Controller\ManageController.class.php 第 67 行.
SQL: SHOW COLUMNS FROM `ysq_series` [ RunTime:0.0073s ]
NOTIC: [8] Undefined variable: map D:\xampp2\htdocs\bsys\Application\Admin\Controller\ManageController.class.php 第 84 行.
SQL: SELECT * FROM `ysq_series` WHERE ( series_status=1 )  [ RunTime:0.0004s ]
NOTIC: [8] Undefined variable: map D:\xampp2\htdocs\bsys\Application\Admin\Controller\ManageController.class.php 第 85 行.
SQL: SELECT COUNT(*) AS tp_count FROM `ysq_series` WHERE ( series_status=1 ) LIMIT 1   [ RunTime:0.0003s ]

[ 2019-10-27T10:38:38+08:00 ] 127.0.0.1 /bsys/index.php/Admin/Manage/change_shelves
INFO: [ app_init ] --START--
INFO: Run Behavior\BuildLiteBehavior [ RunTime:0.000008s ]
INFO: [ app_init ] --END-- [ RunTime:0.000842s ]
INFO: [ app_begin ] --START--
INFO: Run Behavior\ReadHtmlCacheBehavior [ RunTime:0.001408s ]
INFO: [ app_begin ] --END-- [ RunTime:0.001433s ]
SQL: SHOW COLUMNS FROM `ysq_series` [ RunTime:0.0067s ]
SQL: SELECT `is_on_shelves` FROM `ysq_series` WHERE ( series_id=3 ) LIMIT 1   [ RunTime:0.0003s ]
SQL: UPDATE `ysq_series` SET `is_on_shelves`='0' WHERE ( series_id=3 ) [ RunTime:0.1300s ]

[ 2019-10-27T10:38:38+08:00 ] 127.0.0.1 /bsys/index.php/Admin/Manage/seriesManage
INFO: [ app_init ] --START--
INFO: Run Behavior\BuildLiteBehavior [ RunTime:0.000007s ]
INFO: [ app_init ] --END-- [ RunTime:0.000625s ]
INFO: [ app_begin ] --START--
INFO: Run Behavior\ReadHtmlCacheBehavior [ RunTime:0.000884s ]
INFO: [ app_begin ] --END-- [ RunTime:0.000911s ]
INFO: [ view_parse ] --START--
INFO: [ template_filter ] --START--
INFO: Run Behavior\ContentReplaceBehavior [ RunTime:0.000176s ]
INFO: [ template_filter ] --END-- [ RunTime:0.000205s ]
INFO: Run Behavior\ParseTemplateBehavior [ RunTime:0.008722s ]
INFO: [ view_parse ] --END-- [ RunTime:0.008751s ]
INFO: [ view_filter ] --START--
INFO: Run Behavior\WriteHtmlCacheBehavior [ RunTime:0.001134s ]
INFO: [ view_filter ] --END-- [ RunTime:0.001157s ]
INFO: [ app_end ] --START--
INFO: Run Behavior\ShowPageTraceBehavior [ RunTime:0.001392s ]
INFO: [ app_end ] --END-- [ RunTime:0.001420s ]

[ 2019-10-27T10:38:38+08:00 ] 127.0.0.1 /bsys/index.php/Admin/Manage/getSeriesData
INFO: [ app_init ] --START--
INFO: Run Behavior\BuildLiteBehavior [ RunTime:0.000009s ]
INFO: [ app_init ] --END-- [ RunTime:0.000875s ]
INFO: [ app_begin ] --START--
INFO: Run Behavior\ReadHtmlCacheBehavior [ RunTime:0.001921s ]
INFO: [ app_begin ] --END-- [ RunTime:0.001967s ]
NOTIC: [8] Undefined index: startTime D:\xampp2\htdocs\bsys\Application\Admin\Controller\ManageController.class.php 第 65 行.
NOTIC: [8] Undefined index: endTime D:\xampp2\htdocs\bsys\Application\Admin\Controller\ManageController.class.php 第 66 行.
NOTIC: [8] Undefined index: search_title D:\xampp2\htdocs\bsys\Application\Admin\Controller\ManageController.class.php 第 67 行.
SQL: SHOW COLUMNS FROM `ysq_series` [ RunTime:0.0078s ]
NOTIC: [8] Undefined variable: map D:\xampp2\htdocs\bsys\Application\Admin\Controller\ManageController.class.php 第 84 行.
SQL: SELECT * FROM `ysq_series` WHERE ( series_status=1 )  [ RunTime:0.0004s ]
NOTIC: [8] Undefined variable: map D:\xampp2\htdocs\bsys\Application\Admin\Controller\ManageController.class.php 第 85 行.
SQL: SELECT COUNT(*) AS tp_count FROM `ysq_series` WHERE ( series_status=1 ) LIMIT 1   [ RunTime:0.0003s ]

[ 2019-10-27T10:38:47+08:00 ] 127.0.0.1 /bsys/index.php/Admin/Manage/main
INFO: [ app_init ] --START--
INFO: Run Behavior\BuildLiteBehavior [ RunTime:0.000013s ]
INFO: [ app_init ] --END-- [ RunTime:0.001073s ]
INFO: [ app_begin ] --START--
INFO: Run Behavior\ReadHtmlCacheBehavior [ RunTime:0.001236s ]
INFO: [ app_begin ] --END-- [ RunTime:0.001286s ]
INFO: [ view_parse ] --START--
INFO: [ template_filter ] --START--
INFO: Run Behavior\ContentReplaceBehavior [ RunTime:0.000067s ]
INFO: [ template_filter ] --END-- [ RunTime:0.000167s ]
INFO: Run Behavior\ParseTemplateBehavior [ RunTime:0.013352s ]
INFO: [ view_parse ] --END-- [ RunTime:0.013434s ]
INFO: [ view_filter ] --START--
INFO: Run Behavior\WriteHtmlCacheBehavior [ RunTime:0.001309s ]
INFO: [ view_filter ] --END-- [ RunTime:0.001370s ]
INFO: [ app_end ] --START--
INFO: Run Behavior\ShowPageTraceBehavior [ RunTime:0.001410s ]
INFO: [ app_end ] --END-- [ RunTime:0.001456s ]

[ 2019-10-27T10:38:48+08:00 ] 127.0.0.1 /bsys/index.php/Admin/Manage/seriesManage
INFO: [ app_init ] --START--
INFO: Run Behavior\BuildLiteBehavior [ RunTime:0.000008s ]
INFO: [ app_init ] --END-- [ RunTime:0.000651s ]
INFO: [ app_begin ] --START--
INFO: Run Behavior\ReadHtmlCacheBehavior [ RunTime:0.000903s ]
INFO: [ app_begin ] --END-- [ RunTime:0.000932s ]
INFO: [ view_parse ] --START--
INFO: [ template_filter ] --START--
INFO: Run Behavior\ContentReplaceBehavior [ RunTime:0.000167s ]
INFO: [ template_filter ] --END-- [ RunTime:0.000193s ]
INFO: Run Behavior\ParseTemplateBehavior [ RunTime:0.007271s ]
INFO: [ view_parse ] --END-- [ RunTime:0.007302s ]
INFO: [ view_filter ] --START--
INFO: Run Behavior\WriteHtmlCacheBehavior [ RunTime:0.000804s ]
INFO: [ view_filter ] --END-- [ RunTime:0.000838s ]
INFO: [ app_end ] --START--
INFO: Run Behavior\ShowPageTraceBehavior [ RunTime:0.001023s ]
INFO: [ app_end ] --END-- [ RunTime:0.001053s ]

[ 2019-10-27T10:38:48+08:00 ] 127.0.0.1 /bsys/index.php/Admin/Manage/getSeriesData
INFO: [ app_init ] --START--
INFO: Run Behavior\BuildLiteBehavior [ RunTime:0.000008s ]
INFO: [ app_init ] --END-- [ RunTime:0.000664s ]
INFO: [ app_begin ] --START--
INFO: Run Behavior\ReadHtmlCacheBehavior [ RunTime:0.000904s ]
INFO: [ app_begin ] --END-- [ RunTime:0.000932s ]
NOTIC: [8] Undefined index: startTime D:\xampp2\htdocs\bsys\Application\Admin\Controller\ManageController.class.php 第 65 行.
NOTIC: [8] Undefined index: endTime D:\xampp2\htdocs\bsys\Application\Admin\Controller\ManageController.class.php 第 66 行.
NOTIC: [8] Undefined index: search_title D:\xampp2\htdocs\bsys\Application\Admin\Controller\ManageController.class.php 第 67 行.
SQL: SHOW COLUMNS FROM `ysq_series` [ RunTime:0.0080s ]
NOTIC: [8] Undefined variable: map D:\xampp2\htdocs\bsys\Application\Admin\Controller\ManageController.class.php 第 84 行.
SQL: SELECT * FROM `ysq_series` WHERE ( series_status=1 )  [ RunTime:0.0005s ]
NOTIC: [8] Undefined variable: map D:\xampp2\htdocs\bsys\Application\Admin\Controller\ManageController.class.php 第 85 行.
SQL: SELECT COUNT(*) AS tp_count FROM `ysq_series` WHERE ( series_status=1 ) LIMIT 1   [ RunTime:0.0004s ]

[ 2019-10-27T10:38:50+08:00 ] 127.0.0.1 /bsys/index.php/Admin/Manage/change_shelves
INFO: [ app_init ] --START--
INFO: Run Behavior\BuildLiteBehavior [ RunTime:0.000010s ]
INFO: [ app_init ] --END-- [ RunTime:0.000747s ]
INFO: [ app_begin ] --START--
INFO: Run Behavior\ReadHtmlCacheBehavior [ RunTime:0.000933s ]
INFO: [ app_begin ] --END-- [ RunTime:0.000962s ]
SQL: SHOW COLUMNS FROM `ysq_series` [ RunTime:0.0069s ]
SQL: SELECT `is_on_shelves` FROM `ysq_series` WHERE ( series_id=3 ) LIMIT 1   [ RunTime:0.0003s ]
SQL: UPDATE `ysq_series` SET `is_on_shelves`='1' WHERE ( series_id=3 ) [ RunTime:0.0549s ]

[ 2019-10-27T10:38:50+08:00 ] 127.0.0.1 /bsys/index.php/Admin/Manage/seriesManage
INFO: [ app_init ] --START--
INFO: Run Behavior\BuildLiteBehavior [ RunTime:0.000007s ]
INFO: [ app_init ] --END-- [ RunTime:0.000640s ]
INFO: [ app_begin ] --START--
INFO: Run Behavior\ReadHtmlCacheBehavior [ RunTime:0.000862s ]
INFO: [ app_begin ] --END-- [ RunTime:0.000888s ]
INFO: [ view_parse ] --START--
INFO: [ template_filter ] --START--
INFO: Run Behavior\ContentReplaceBehavior [ RunTime:0.000166s ]
INFO: [ template_filter ] --END-- [ RunTime:0.000193s ]
INFO: Run Behavior\ParseTemplateBehavior [ RunTime:0.007422s ]
INFO: [ view_parse ] --END-- [ RunTime:0.007453s ]
INFO: [ view_filter ] --START--
INFO: Run Behavior\WriteHtmlCacheBehavior [ RunTime:0.000691s ]
INFO: [ view_filter ] --END-- [ RunTime:0.000715s ]
INFO: [ app_end ] --START--
INFO: Run Behavior\ShowPageTraceBehavior [ RunTime:0.000942s ]
INFO: [ app_end ] --END-- [ RunTime:0.000970s ]

[ 2019-10-27T10:38:50+08:00 ] 127.0.0.1 /bsys/index.php/Admin/Manage/getSeriesData
INFO: [ app_init ] --START--
INFO: Run Behavior\BuildLiteBehavior [ RunTime:0.000008s ]
INFO: [ app_init ] --END-- [ RunTime:0.000620s ]
INFO: [ app_begin ] --START--
INFO: Run Behavior\ReadHtmlCacheBehavior [ RunTime:0.000883s ]
INFO: [ app_begin ] --END-- [ RunTime:0.000909s ]
NOTIC: [8] Undefined index: startTime D:\xampp2\htdocs\bsys\Application\Admin\Controller\ManageController.class.php 第 65 行.
NOTIC: [8] Undefined index: endTime D:\xampp2\htdocs\bsys\Application\Admin\Controller\ManageController.class.php 第 66 行.
NOTIC: [8] Undefined index: search_title D:\xampp2\htdocs\bsys\Application\Admin\Controller\ManageController.class.php 第 67 行.
SQL: SHOW COLUMNS FROM `ysq_series` [ RunTime:0.0077s ]
NOTIC: [8] Undefined variable: map D:\xampp2\htdocs\bsys\Application\Admin\Controller\ManageController.class.php 第 84 行.
SQL: SELECT * FROM `ysq_series` WHERE ( series_status=1 )  [ RunTime:0.0005s ]
NOTIC: [8] Undefined variable: map D:\xampp2\htdocs\bsys\Application\Admin\Controller\ManageController.class.php 第 85 行.
SQL: SELECT COUNT(*) AS tp_count FROM `ysq_series` WHERE ( series_status=1 ) LIMIT 1   [ RunTime:0.0003s ]

[ 2019-10-27T11:12:33+08:00 ] 127.0.0.1 /bsys/index.php/Admin/Login/index
INFO: [ app_init ] --START--
INFO: Run Behavior\BuildLiteBehavior [ RunTime:0.000013s ]
INFO: [ app_init ] --END-- [ RunTime:0.001309s ]
INFO: [ app_begin ] --START--
INFO: Run Behavior\ReadHtmlCacheBehavior [ RunTime:0.005224s ]
INFO: [ app_begin ] --END-- [ RunTime:0.005616s ]
INFO: [ view_parse ] --START--
INFO: [ template_filter ] --START--
INFO: Run Behavior\ContentReplaceBehavior [ RunTime:0.000119s ]
INFO: [ template_filter ] --END-- [ RunTime:0.000169s ]
INFO: Run Behavior\ParseTemplateBehavior [ RunTime:0.016571s ]
INFO: [ view_parse ] --END-- [ RunTime:0.016676s ]
INFO: [ view_filter ] --START--
INFO: Run Behavior\WriteHtmlCacheBehavior [ RunTime:0.002278s ]
INFO: [ view_filter ] --END-- [ RunTime:0.002351s ]
INFO: [ app_end ] --START--
INFO: Run Behavior\ShowPageTraceBehavior [ RunTime:0.002464s ]
INFO: [ app_end ] --END-- [ RunTime:0.002532s ]

[ 2019-10-27T11:12:34+08:00 ] 127.0.0.1 /bsys/index.php/Admin/Manage/main
INFO: [ app_init ] --START--
INFO: Run Behavior\BuildLiteBehavior [ RunTime:0.000017s ]
INFO: [ app_init ] --END-- [ RunTime:0.000984s ]
INFO: [ app_begin ] --START--
INFO: Run Behavior\ReadHtmlCacheBehavior [ RunTime:0.001297s ]
INFO: [ app_begin ] --END-- [ RunTime:0.001359s ]
INFO: [ view_parse ] --START--
INFO: [ template_filter ] --START--
INFO: Run Behavior\ContentReplaceBehavior [ RunTime:0.000054s ]
INFO: [ template_filter ] --END-- [ RunTime:0.000110s ]
INFO: Run Behavior\ParseTemplateBehavior [ RunTime:0.010797s ]
INFO: [ view_parse ] --END-- [ RunTime:0.010848s ]
INFO: [ view_filter ] --START--
INFO: Run Behavior\WriteHtmlCacheBehavior [ RunTime:0.001012s ]
INFO: [ view_filter ] --END-- [ RunTime:0.001047s ]
INFO: [ app_end ] --START--
INFO: Run Behavior\ShowPageTraceBehavior [ RunTime:0.001625s ]
INFO: [ app_end ] --END-- [ RunTime:0.001672s ]

