[ 2019-11-19T11:44:22+08:00 ] 127.0.0.1 /bsys/index.php/Admin/Login/index
INFO: [ app_init ] --START--
INFO: Run Behavior\BuildLiteBehavior [ RunTime:0.000044s ]
INFO: [ app_init ] --END-- [ RunTime:0.010459s ]
INFO: [ app_begin ] --START--
INFO: Run Behavior\ReadHtmlCacheBehavior [ RunTime:0.001394s ]
INFO: [ app_begin ] --END-- [ RunTime:0.001427s ]
NOTIC: [8] Undefined index: userName D:\xampp2\htdocs\bsys\Application\Admin\Controller\LoginController.class.php 第 28 行.
NOTIC: [8] Undefined index: userName D:\xampp2\htdocs\bsys\Application\Admin\Controller\LoginController.class.php 第 29 行.
NOTIC: [8] Undefined index: userName D:\xampp2\htdocs\bsys\Application\Admin\Controller\LoginController.class.php 第 32 行.
INFO: [ view_parse ] --START--
INFO: [ template_filter ] --START--
INFO: Run Behavior\ContentReplaceBehavior [ RunTime:0.012403s ]
INFO: [ template_filter ] --END-- [ RunTime:0.012443s ]
INFO: Run Behavior\ParseTemplateBehavior [ RunTime:0.049330s ]
INFO: [ view_parse ] --END-- [ RunTime:0.049366s ]
INFO: [ view_filter ] --START--
INFO: Run Behavior\WriteHtmlCacheBehavior [ RunTime:0.001354s ]
INFO: [ view_filter ] --END-- [ RunTime:0.001381s ]
INFO: [ app_end ] --START--
INFO: Run Behavior\ShowPageTraceBehavior [ RunTime:0.001485s ]
INFO: [ app_end ] --END-- [ RunTime:0.001510s ]

