[ 2019-07-04T00:14:43+08:00 ] 127.0.0.1 /bsys/index.php/Index/Login/index
INFO: [ app_init ] --START--
INFO: Run Behavior\BuildLiteBehavior [ RunTime:0.000011s ]
INFO: [ app_init ] --END-- [ RunTime:0.024612s ]
INFO: [ app_begin ] --START--
INFO: Run Behavior\ReadHtmlCacheBehavior [ RunTime:0.033059s ]
INFO: [ app_begin ] --END-- [ RunTime:0.033118s ]
ERR: 无法加载控制器:Login

[ 2019-07-04T00:14:49+08:00 ] 127.0.0.1 /bsys/index.php/Index/Index/index
INFO: [ app_init ] --START--
INFO: Run Behavior\BuildLiteBehavior [ RunTime:0.000014s ]
INFO: [ app_init ] --END-- [ RunTime:0.000954s ]
INFO: [ app_begin ] --START--
INFO: Run Behavior\ReadHtmlCacheBehavior [ RunTime:0.001579s ]
INFO: [ app_begin ] --END-- [ RunTime:0.001616s ]
ERR: 无法加载控制器:Index

[ 2019-07-04T00:15:35+08:00 ] 127.0.0.1 /bsys/index.php/Index/Index/index
INFO: [ app_init ] --START--
INFO: Run Behavior\BuildLiteBehavior [ RunTime:0.000012s ]
INFO: [ app_init ] --END-- [ RunTime:0.000857s ]
INFO: [ app_begin ] --START--
INFO: Run Behavior\ReadHtmlCacheBehavior [ RunTime:0.001097s ]
INFO: [ app_begin ] --END-- [ RunTime:0.001136s ]
NOTIC: [8] Undefined index: userName D:\xampp\htdocs\bsys\Application\Index\Controller\IndexController.class.php 第 28 行.
NOTIC: [8] Undefined index: userName D:\xampp\htdocs\bsys\Application\Index\Controller\IndexController.class.php 第 29 行.
NOTIC: [8] Undefined index: userName D:\xampp\htdocs\bsys\Application\Index\Controller\IndexController.class.php 第 32 行.
INFO: [ view_parse ] --START--
INFO: [ template_filter ] --START--
INFO: Run Behavior\ContentReplaceBehavior [ RunTime:0.023015s ]
INFO: [ template_filter ] --END-- [ RunTime:0.023059s ]
INFO: Run Behavior\ParseTemplateBehavior [ RunTime:0.068812s ]
INFO: [ view_parse ] --END-- [ RunTime:0.068859s ]
INFO: [ view_filter ] --START--
INFO: Run Behavior\WriteHtmlCacheBehavior [ RunTime:0.012191s ]
INFO: [ view_filter ] --END-- [ RunTime:0.012225s ]
INFO: [ app_end ] --START--
INFO: Run Behavior\ShowPageTraceBehavior [ RunTime:0.013702s ]
INFO: [ app_end ] --END-- [ RunTime:0.013736s ]

[ 2019-07-04T00:16:17+08:00 ] 127.0.0.1 /bsys/index.php/Index/Index/index
INFO: [ app_init ] --START--
INFO: Run Behavior\BuildLiteBehavior [ RunTime:0.000009s ]
INFO: [ app_init ] --END-- [ RunTime:0.000748s ]
INFO: [ app_begin ] --START--
INFO: Run Behavior\ReadHtmlCacheBehavior [ RunTime:0.001032s ]
INFO: [ app_begin ] --END-- [ RunTime:0.001063s ]
NOTIC: [8] Undefined index: userName D:\xampp\htdocs\bsys\Application\Index\Controller\IndexController.class.php 第 28 行.
NOTIC: [8] Undefined index: userName D:\xampp\htdocs\bsys\Application\Index\Controller\IndexController.class.php 第 29 行.
NOTIC: [8] Undefined index: userName D:\xampp\htdocs\bsys\Application\Index\Controller\IndexController.class.php 第 32 行.
INFO: [ view_parse ] --START--
INFO: [ template_filter ] --START--
INFO: Run Behavior\ContentReplaceBehavior [ RunTime:0.000045s ]
INFO: [ template_filter ] --END-- [ RunTime:0.000088s ]
INFO: Run Behavior\ParseTemplateBehavior [ RunTime:0.011227s ]
INFO: [ view_parse ] --END-- [ RunTime:0.011268s ]
INFO: [ view_filter ] --START--
INFO: Run Behavior\WriteHtmlCacheBehavior [ RunTime:0.001299s ]
INFO: [ view_filter ] --END-- [ RunTime:0.001327s ]
INFO: [ app_end ] --START--
INFO: Run Behavior\ShowPageTraceBehavior [ RunTime:0.001656s ]
INFO: [ app_end ] --END-- [ RunTime:0.001681s ]

