[ 2019-10-19T00:00:06+08:00 ] 127.0.0.1 /bsys/index.php/Index/hotspot/list
INFO: [ app_init ] --START--
INFO: Run Behavior\BuildLiteBehavior [ RunTime:0.000008s ]
INFO: [ app_init ] --END-- [ RunTime:0.000503s ]
INFO: [ app_begin ] --START--
INFO: Run Behavior\ReadHtmlCacheBehavior [ RunTime:0.000836s ]
INFO: [ app_begin ] --END-- [ RunTime:0.000864s ]
INFO: [ view_parse ] --START--
INFO: [ template_filter ] --START--
INFO: Run Behavior\ContentReplaceBehavior [ RunTime:0.000099s ]
INFO: [ template_filter ] --END-- [ RunTime:0.000147s ]
INFO: Run Behavior\ParseTemplateBehavior [ RunTime:0.007840s ]
INFO: [ view_parse ] --END-- [ RunTime:0.007868s ]
INFO: [ view_filter ] --START--
INFO: Run Behavior\WriteHtmlCacheBehavior [ RunTime:0.000731s ]
INFO: [ view_filter ] --END-- [ RunTime:0.000752s ]
INFO: [ app_end ] --START--
INFO: Run Behavior\ShowPageTraceBehavior [ RunTime:0.001067s ]
INFO: [ app_end ] --END-- [ RunTime:0.001094s ]

[ 2019-10-19T00:00:14+08:00 ] 127.0.0.1 /bsys/index.php/Index/hotspot/list
INFO: [ app_init ] --START--
INFO: Run Behavior\BuildLiteBehavior [ RunTime:0.000007s ]
INFO: [ app_init ] --END-- [ RunTime:0.000339s ]
INFO: [ app_begin ] --START--
INFO: Run Behavior\ReadHtmlCacheBehavior [ RunTime:0.000603s ]
INFO: [ app_begin ] --END-- [ RunTime:0.000631s ]
INFO: [ view_parse ] --START--
INFO: [ template_filter ] --START--
INFO: Run Behavior\ContentReplaceBehavior [ RunTime:0.000105s ]
INFO: [ template_filter ] --END-- [ RunTime:0.000152s ]
INFO: Run Behavior\ParseTemplateBehavior [ RunTime:0.006705s ]
INFO: [ view_parse ] --END-- [ RunTime:0.006742s ]
INFO: [ view_filter ] --START--
INFO: Run Behavior\WriteHtmlCacheBehavior [ RunTime:0.000518s ]
INFO: [ view_filter ] --END-- [ RunTime:0.000554s ]
INFO: [ app_end ] --START--
INFO: Run Behavior\ShowPageTraceBehavior [ RunTime:0.000870s ]
INFO: [ app_end ] --END-- [ RunTime:0.000902s ]

[ 2019-10-19T00:00:22+08:00 ] 127.0.0.1 /bsys/index.php/Index/hotspot/list
INFO: [ app_init ] --START--
INFO: Run Behavior\BuildLiteBehavior [ RunTime:0.000009s ]
INFO: [ app_init ] --END-- [ RunTime:0.000470s ]
INFO: [ app_begin ] --START--
INFO: Run Behavior\ReadHtmlCacheBehavior [ RunTime:0.000676s ]
INFO: [ app_begin ] --END-- [ RunTime:0.000706s ]
INFO: [ view_parse ] --START--
INFO: [ template_filter ] --START--
INFO: Run Behavior\ContentReplaceBehavior [ RunTime:0.000094s ]
INFO: [ template_filter ] --END-- [ RunTime:0.000126s ]
INFO: Run Behavior\ParseTemplateBehavior [ RunTime:0.004723s ]
INFO: [ view_parse ] --END-- [ RunTime:0.004749s ]
INFO: [ view_filter ] --START--
INFO: Run Behavior\WriteHtmlCacheBehavior [ RunTime:0.000349s ]
INFO: [ view_filter ] --END-- [ RunTime:0.000368s ]
INFO: [ app_end ] --START--
INFO: Run Behavior\ShowPageTraceBehavior [ RunTime:0.000633s ]
INFO: [ app_end ] --END-- [ RunTime:0.000657s ]

[ 2019-10-19T00:00:30+08:00 ] 127.0.0.1 /bsys/index.php/Index/hotspot/list
INFO: [ app_init ] --START--
INFO: Run Behavior\BuildLiteBehavior [ RunTime:0.000006s ]
INFO: [ app_init ] --END-- [ RunTime:0.000317s ]
INFO: [ app_begin ] --START--
INFO: Run Behavior\ReadHtmlCacheBehavior [ RunTime:0.000561s ]
INFO: [ app_begin ] --END-- [ RunTime:0.000587s ]
INFO: [ view_parse ] --START--
INFO: [ template_filter ] --START--
INFO: Run Behavior\ContentReplaceBehavior [ RunTime:0.000081s ]
INFO: [ template_filter ] --END-- [ RunTime:0.000113s ]
INFO: Run Behavior\ParseTemplateBehavior [ RunTime:0.005896s ]
INFO: [ view_parse ] --END-- [ RunTime:0.005924s ]
INFO: [ view_filter ] --START--
INFO: Run Behavior\WriteHtmlCacheBehavior [ RunTime:0.000362s ]
INFO: [ view_filter ] --END-- [ RunTime:0.000382s ]
INFO: [ app_end ] --START--
INFO: Run Behavior\ShowPageTraceBehavior [ RunTime:0.000628s ]
INFO: [ app_end ] --END-- [ RunTime:0.000653s ]

[ 2019-10-19T00:00:46+08:00 ] 127.0.0.1 /bsys/index.php/Index/hotspot/list
INFO: [ app_init ] --START--
INFO: Run Behavior\BuildLiteBehavior [ RunTime:0.000006s ]
INFO: [ app_init ] --END-- [ RunTime:0.000319s ]
INFO: [ app_begin ] --START--
INFO: Run Behavior\ReadHtmlCacheBehavior [ RunTime:0.000583s ]
INFO: [ app_begin ] --END-- [ RunTime:0.000610s ]
INFO: [ view_parse ] --START--
INFO: [ template_filter ] --START--
INFO: Run Behavior\ContentReplaceBehavior [ RunTime:0.000091s ]
INFO: [ template_filter ] --END-- [ RunTime:0.000125s ]
INFO: Run Behavior\ParseTemplateBehavior [ RunTime:0.004770s ]
INFO: [ view_parse ] --END-- [ RunTime:0.004797s ]
INFO: [ view_filter ] --START--
INFO: Run Behavior\WriteHtmlCacheBehavior [ RunTime:0.000358s ]
INFO: [ view_filter ] --END-- [ RunTime:0.000378s ]
INFO: [ app_end ] --START--
INFO: Run Behavior\ShowPageTraceBehavior [ RunTime:0.000707s ]
INFO: [ app_end ] --END-- [ RunTime:0.000739s ]

[ 2019-10-19T00:01:29+08:00 ] 127.0.0.1 /bsys/index.php/Index/hotspot/list
INFO: [ app_init ] --START--
INFO: Run Behavior\BuildLiteBehavior [ RunTime:0.000010s ]
INFO: [ app_init ] --END-- [ RunTime:0.000680s ]
INFO: [ app_begin ] --START--
INFO: Run Behavior\ReadHtmlCacheBehavior [ RunTime:0.001083s ]
INFO: [ app_begin ] --END-- [ RunTime:0.001113s ]
INFO: [ view_parse ] --START--
INFO: [ template_filter ] --START--
INFO: Run Behavior\ContentReplaceBehavior [ RunTime:0.000084s ]
INFO: [ template_filter ] --END-- [ RunTime:0.000114s ]
INFO: Run Behavior\ParseTemplateBehavior [ RunTime:0.006131s ]
INFO: [ view_parse ] --END-- [ RunTime:0.006157s ]
INFO: [ view_filter ] --START--
INFO: Run Behavior\WriteHtmlCacheBehavior [ RunTime:0.000664s ]
INFO: [ view_filter ] --END-- [ RunTime:0.000685s ]
INFO: [ app_end ] --START--
INFO: Run Behavior\ShowPageTraceBehavior [ RunTime:0.000982s ]
INFO: [ app_end ] --END-- [ RunTime:0.001010s ]

[ 2019-10-19T00:02:00+08:00 ] 127.0.0.1 /bsys/index.php/Index/hotspot/list
INFO: [ app_init ] --START--
INFO: Run Behavior\BuildLiteBehavior [ RunTime:0.000006s ]
INFO: [ app_init ] --END-- [ RunTime:0.000333s ]
INFO: [ app_begin ] --START--
INFO: Run Behavior\ReadHtmlCacheBehavior [ RunTime:0.000562s ]
INFO: [ app_begin ] --END-- [ RunTime:0.000588s ]
INFO: [ view_parse ] --START--
INFO: [ template_filter ] --START--
INFO: Run Behavior\ContentReplaceBehavior [ RunTime:0.000082s ]
INFO: [ template_filter ] --END-- [ RunTime:0.000114s ]
INFO: Run Behavior\ParseTemplateBehavior [ RunTime:0.004824s ]
INFO: [ view_parse ] --END-- [ RunTime:0.004850s ]
INFO: [ view_filter ] --START--
INFO: Run Behavior\WriteHtmlCacheBehavior [ RunTime:0.000354s ]
INFO: [ view_filter ] --END-- [ RunTime:0.000373s ]
INFO: [ app_end ] --START--
INFO: Run Behavior\ShowPageTraceBehavior [ RunTime:0.000621s ]
INFO: [ app_end ] --END-- [ RunTime:0.000645s ]

[ 2019-10-19T00:02:35+08:00 ] 127.0.0.1 /bsys/index.php/Index/hotspot/list
INFO: [ app_init ] --START--
INFO: Run Behavior\BuildLiteBehavior [ RunTime:0.000011s ]
INFO: [ app_init ] --END-- [ RunTime:0.000472s ]
INFO: [ app_begin ] --START--
INFO: Run Behavior\ReadHtmlCacheBehavior [ RunTime:0.000854s ]
INFO: [ app_begin ] --END-- [ RunTime:0.000894s ]
INFO: [ view_parse ] --START--
INFO: [ template_filter ] --START--
INFO: Run Behavior\ContentReplaceBehavior [ RunTime:0.000090s ]
INFO: [ template_filter ] --END-- [ RunTime:0.000128s ]
INFO: Run Behavior\ParseTemplateBehavior [ RunTime:0.005557s ]
INFO: [ view_parse ] --END-- [ RunTime:0.005590s ]
INFO: [ view_filter ] --START--
INFO: Run Behavior\WriteHtmlCacheBehavior [ RunTime:0.000400s ]
INFO: [ view_filter ] --END-- [ RunTime:0.000421s ]
INFO: [ app_end ] --START--
INFO: Run Behavior\ShowPageTraceBehavior [ RunTime:0.000785s ]
INFO: [ app_end ] --END-- [ RunTime:0.000822s ]

[ 2019-10-19T00:03:20+08:00 ] 127.0.0.1 /bsys/index.php/Index/hotspot/list
INFO: [ app_init ] --START--
INFO: Run Behavior\BuildLiteBehavior [ RunTime:0.000009s ]
INFO: [ app_init ] --END-- [ RunTime:0.000466s ]
INFO: [ app_begin ] --START--
INFO: Run Behavior\ReadHtmlCacheBehavior [ RunTime:0.000817s ]
INFO: [ app_begin ] --END-- [ RunTime:0.000844s ]
INFO: [ view_parse ] --START--
INFO: [ template_filter ] --START--
INFO: Run Behavior\ContentReplaceBehavior [ RunTime:0.000094s ]
INFO: [ template_filter ] --END-- [ RunTime:0.000126s ]
INFO: Run Behavior\ParseTemplateBehavior [ RunTime:0.006141s ]
INFO: [ view_parse ] --END-- [ RunTime:0.006170s ]
INFO: [ view_filter ] --START--
INFO: Run Behavior\WriteHtmlCacheBehavior [ RunTime:0.000636s ]
INFO: [ view_filter ] --END-- [ RunTime:0.000657s ]
INFO: [ app_end ] --START--
INFO: Run Behavior\ShowPageTraceBehavior [ RunTime:0.000996s ]
INFO: [ app_end ] --END-- [ RunTime:0.001037s ]

[ 2019-10-19T00:04:00+08:00 ] 127.0.0.1 /bsys/index.php/Index/hotspot/list
INFO: [ app_init ] --START--
INFO: Run Behavior\BuildLiteBehavior [ RunTime:0.000007s ]
INFO: [ app_init ] --END-- [ RunTime:0.000493s ]
INFO: [ app_begin ] --START--
INFO: Run Behavior\ReadHtmlCacheBehavior [ RunTime:0.001159s ]
INFO: [ app_begin ] --END-- [ RunTime:0.001192s ]
INFO: [ view_parse ] --START--
INFO: [ template_filter ] --START--
INFO: Run Behavior\ContentReplaceBehavior [ RunTime:0.000084s ]
INFO: [ template_filter ] --END-- [ RunTime:0.000115s ]
INFO: Run Behavior\ParseTemplateBehavior [ RunTime:0.008346s ]
INFO: [ view_parse ] --END-- [ RunTime:0.008377s ]
INFO: [ view_filter ] --START--
INFO: Run Behavior\WriteHtmlCacheBehavior [ RunTime:0.000839s ]
INFO: [ view_filter ] --END-- [ RunTime:0.000861s ]
INFO: [ app_end ] --START--
INFO: Run Behavior\ShowPageTraceBehavior [ RunTime:0.000970s ]
INFO: [ app_end ] --END-- [ RunTime:0.001000s ]

[ 2019-10-19T00:04:11+08:00 ] 127.0.0.1 /bsys/index.php/Index/hotspot/list
INFO: [ app_init ] --START--
INFO: Run Behavior\BuildLiteBehavior [ RunTime:0.000008s ]
INFO: [ app_init ] --END-- [ RunTime:0.000341s ]
INFO: [ app_begin ] --START--
INFO: Run Behavior\ReadHtmlCacheBehavior [ RunTime:0.000646s ]
INFO: [ app_begin ] --END-- [ RunTime:0.000676s ]
INFO: [ view_parse ] --START--
INFO: [ template_filter ] --START--
INFO: Run Behavior\ContentReplaceBehavior [ RunTime:0.000080s ]
INFO: [ template_filter ] --END-- [ RunTime:0.000107s ]
INFO: Run Behavior\ParseTemplateBehavior [ RunTime:0.005163s ]
INFO: [ view_parse ] --END-- [ RunTime:0.005189s ]
INFO: [ view_filter ] --START--
INFO: Run Behavior\WriteHtmlCacheBehavior [ RunTime:0.000349s ]
INFO: [ view_filter ] --END-- [ RunTime:0.000369s ]
INFO: [ app_end ] --START--
INFO: Run Behavior\ShowPageTraceBehavior [ RunTime:0.000610s ]
INFO: [ app_end ] --END-- [ RunTime:0.000634s ]

[ 2019-10-19T00:04:38+08:00 ] 127.0.0.1 /bsys/index.php/Index/hotspot/list
INFO: [ app_init ] --START--
INFO: Run Behavior\BuildLiteBehavior [ RunTime:0.000010s ]
INFO: [ app_init ] --END-- [ RunTime:0.000469s ]
INFO: [ app_begin ] --START--
INFO: Run Behavior\ReadHtmlCacheBehavior [ RunTime:0.000849s ]
INFO: [ app_begin ] --END-- [ RunTime:0.000890s ]
INFO: [ view_parse ] --START--
INFO: [ template_filter ] --START--
INFO: Run Behavior\ContentReplaceBehavior [ RunTime:0.000112s ]
INFO: [ template_filter ] --END-- [ RunTime:0.000150s ]
INFO: Run Behavior\ParseTemplateBehavior [ RunTime:0.006678s ]
INFO: [ view_parse ] --END-- [ RunTime:0.006715s ]
INFO: [ view_filter ] --START--
INFO: Run Behavior\WriteHtmlCacheBehavior [ RunTime:0.000501s ]
INFO: [ view_filter ] --END-- [ RunTime:0.000528s ]
INFO: [ app_end ] --START--
INFO: Run Behavior\ShowPageTraceBehavior [ RunTime:0.000907s ]
INFO: [ app_end ] --END-- [ RunTime:0.000941s ]

[ 2019-10-19T00:05:52+08:00 ] 127.0.0.1 /bsys/index.php/Index/hotspot/list
INFO: [ app_init ] --START--
INFO: Run Behavior\BuildLiteBehavior [ RunTime:0.000011s ]
INFO: [ app_init ] --END-- [ RunTime:0.000669s ]
INFO: [ app_begin ] --START--
INFO: Run Behavior\ReadHtmlCacheBehavior [ RunTime:0.000841s ]
INFO: [ app_begin ] --END-- [ RunTime:0.000868s ]
INFO: [ view_parse ] --START--
INFO: [ template_filter ] --START--
INFO: Run Behavior\ContentReplaceBehavior [ RunTime:0.000082s ]
INFO: [ template_filter ] --END-- [ RunTime:0.000119s ]
INFO: Run Behavior\ParseTemplateBehavior [ RunTime:0.006321s ]
INFO: [ view_parse ] --END-- [ RunTime:0.006357s ]
INFO: [ view_filter ] --START--
INFO: Run Behavior\WriteHtmlCacheBehavior [ RunTime:0.000681s ]
INFO: [ view_filter ] --END-- [ RunTime:0.000705s ]
INFO: [ app_end ] --START--
INFO: Run Behavior\ShowPageTraceBehavior [ RunTime:0.000936s ]
INFO: [ app_end ] --END-- [ RunTime:0.000965s ]

[ 2019-10-19T00:06:27+08:00 ] 127.0.0.1 /bsys/index.php/Index/hotspot/list
INFO: [ app_init ] --START--
INFO: Run Behavior\BuildLiteBehavior [ RunTime:0.000008s ]
INFO: [ app_init ] --END-- [ RunTime:0.000539s ]
INFO: [ app_begin ] --START--
INFO: Run Behavior\ReadHtmlCacheBehavior [ RunTime:0.000836s ]
INFO: [ app_begin ] --END-- [ RunTime:0.000863s ]
INFO: [ view_parse ] --START--
INFO: [ template_filter ] --START--
INFO: Run Behavior\ContentReplaceBehavior [ RunTime:0.000085s ]
INFO: [ template_filter ] --END-- [ RunTime:0.000117s ]
INFO: Run Behavior\ParseTemplateBehavior [ RunTime:0.006279s ]
INFO: [ view_parse ] --END-- [ RunTime:0.006308s ]
INFO: [ view_filter ] --START--
INFO: Run Behavior\WriteHtmlCacheBehavior [ RunTime:0.000681s ]
INFO: [ view_filter ] --END-- [ RunTime:0.000703s ]
INFO: [ app_end ] --START--
INFO: Run Behavior\ShowPageTraceBehavior [ RunTime:0.000911s ]
INFO: [ app_end ] --END-- [ RunTime:0.000938s ]

[ 2019-10-19T00:06:42+08:00 ] 127.0.0.1 /bsys/index.php/Index/hotspot/list
INFO: [ app_init ] --START--
INFO: Run Behavior\BuildLiteBehavior [ RunTime:0.000009s ]
INFO: [ app_init ] --END-- [ RunTime:0.000457s ]
INFO: [ app_begin ] --START--
INFO: Run Behavior\ReadHtmlCacheBehavior [ RunTime:0.000781s ]
INFO: [ app_begin ] --END-- [ RunTime:0.000817s ]
INFO: [ view_parse ] --START--
INFO: [ template_filter ] --START--
INFO: Run Behavior\ContentReplaceBehavior [ RunTime:0.000109s ]
INFO: [ template_filter ] --END-- [ RunTime:0.000143s ]
INFO: Run Behavior\ParseTemplateBehavior [ RunTime:0.006457s ]
INFO: [ view_parse ] --END-- [ RunTime:0.006492s ]
INFO: [ view_filter ] --START--
INFO: Run Behavior\WriteHtmlCacheBehavior [ RunTime:0.000481s ]
INFO: [ view_filter ] --END-- [ RunTime:0.000509s ]
INFO: [ app_end ] --START--
INFO: Run Behavior\ShowPageTraceBehavior [ RunTime:0.000865s ]
INFO: [ app_end ] --END-- [ RunTime:0.000899s ]

[ 2019-10-19T00:06:44+08:00 ] 127.0.0.1 /bsys/index.php/Index/hotspot/list
INFO: [ app_init ] --START--
INFO: Run Behavior\BuildLiteBehavior [ RunTime:0.000006s ]
INFO: [ app_init ] --END-- [ RunTime:0.000341s ]
INFO: [ app_begin ] --START--
INFO: Run Behavior\ReadHtmlCacheBehavior [ RunTime:0.000755s ]
INFO: [ app_begin ] --END-- [ RunTime:0.000806s ]
INFO: [ view_parse ] --START--
INFO: [ template_filter ] --START--
INFO: Run Behavior\ContentReplaceBehavior [ RunTime:0.000081s ]
INFO: [ template_filter ] --END-- [ RunTime:0.000110s ]
INFO: Run Behavior\ParseTemplateBehavior [ RunTime:0.004999s ]
INFO: [ view_parse ] --END-- [ RunTime:0.005027s ]
INFO: [ view_filter ] --START--
INFO: Run Behavior\WriteHtmlCacheBehavior [ RunTime:0.000351s ]
INFO: [ view_filter ] --END-- [ RunTime:0.000371s ]
INFO: [ app_end ] --START--
INFO: Run Behavior\ShowPageTraceBehavior [ RunTime:0.000660s ]
INFO: [ app_end ] --END-- [ RunTime:0.000684s ]

[ 2019-10-19T00:07:03+08:00 ] 127.0.0.1 /bsys/index.php/Index/hotspot/list
INFO: [ app_init ] --START--
INFO: Run Behavior\BuildLiteBehavior [ RunTime:0.000012s ]
INFO: [ app_init ] --END-- [ RunTime:0.000661s ]
INFO: [ app_begin ] --START--
INFO: Run Behavior\ReadHtmlCacheBehavior [ RunTime:0.000820s ]
INFO: [ app_begin ] --END-- [ RunTime:0.000858s ]
INFO: [ view_parse ] --START--
INFO: [ template_filter ] --START--
INFO: Run Behavior\ContentReplaceBehavior [ RunTime:0.000082s ]
INFO: [ template_filter ] --END-- [ RunTime:0.000110s ]
INFO: Run Behavior\ParseTemplateBehavior [ RunTime:0.005088s ]
INFO: [ view_parse ] --END-- [ RunTime:0.005121s ]
INFO: [ view_filter ] --START--
INFO: Run Behavior\WriteHtmlCacheBehavior [ RunTime:0.000386s ]
INFO: [ view_filter ] --END-- [ RunTime:0.000409s ]
INFO: [ app_end ] --START--
INFO: Run Behavior\ShowPageTraceBehavior [ RunTime:0.000709s ]
INFO: [ app_end ] --END-- [ RunTime:0.000739s ]

[ 2019-10-19T00:07:17+08:00 ] 127.0.0.1 /bsys/index.php/Index/hotspot/list
INFO: [ app_init ] --START--
INFO: Run Behavior\BuildLiteBehavior [ RunTime:0.000009s ]
INFO: [ app_init ] --END-- [ RunTime:0.000521s ]
INFO: [ app_begin ] --START--
INFO: Run Behavior\ReadHtmlCacheBehavior [ RunTime:0.001260s ]
INFO: [ app_begin ] --END-- [ RunTime:0.001307s ]
INFO: [ view_parse ] --START--
INFO: [ template_filter ] --START--
INFO: Run Behavior\ContentReplaceBehavior [ RunTime:0.000101s ]
INFO: [ template_filter ] --END-- [ RunTime:0.000146s ]
INFO: Run Behavior\ParseTemplateBehavior [ RunTime:0.007668s ]
INFO: [ view_parse ] --END-- [ RunTime:0.007709s ]
INFO: [ view_filter ] --START--
INFO: Run Behavior\WriteHtmlCacheBehavior [ RunTime:0.000484s ]
INFO: [ view_filter ] --END-- [ RunTime:0.000505s ]
INFO: [ app_end ] --START--
INFO: Run Behavior\ShowPageTraceBehavior [ RunTime:0.000828s ]
INFO: [ app_end ] --END-- [ RunTime:0.000856s ]

[ 2019-10-19T00:07:22+08:00 ] 127.0.0.1 /bsys/index.php/Index/hotspot/list
INFO: [ app_init ] --START--
INFO: Run Behavior\BuildLiteBehavior [ RunTime:0.000009s ]
INFO: [ app_init ] --END-- [ RunTime:0.000462s ]
INFO: [ app_begin ] --START--
INFO: Run Behavior\ReadHtmlCacheBehavior [ RunTime:0.000792s ]
INFO: [ app_begin ] --END-- [ RunTime:0.000832s ]
INFO: [ view_parse ] --START--
INFO: [ template_filter ] --START--
INFO: Run Behavior\ContentReplaceBehavior [ RunTime:0.000113s ]
INFO: [ template_filter ] --END-- [ RunTime:0.000150s ]
INFO: Run Behavior\ParseTemplateBehavior [ RunTime:0.006561s ]
INFO: [ view_parse ] --END-- [ RunTime:0.006592s ]
INFO: [ view_filter ] --START--
INFO: Run Behavior\WriteHtmlCacheBehavior [ RunTime:0.000398s ]
INFO: [ view_filter ] --END-- [ RunTime:0.000419s ]
INFO: [ app_end ] --START--
INFO: Run Behavior\ShowPageTraceBehavior [ RunTime:0.000633s ]
INFO: [ app_end ] --END-- [ RunTime:0.000659s ]

[ 2019-10-19T00:07:28+08:00 ] 127.0.0.1 /bsys/index.php/Index/hotspot/list
INFO: [ app_init ] --START--
INFO: Run Behavior\BuildLiteBehavior [ RunTime:0.000009s ]
INFO: [ app_init ] --END-- [ RunTime:0.000488s ]
INFO: [ app_begin ] --START--
INFO: Run Behavior\ReadHtmlCacheBehavior [ RunTime:0.000838s ]
INFO: [ app_begin ] --END-- [ RunTime:0.000880s ]
INFO: [ view_parse ] --START--
INFO: [ template_filter ] --START--
INFO: Run Behavior\ContentReplaceBehavior [ RunTime:0.000262s ]
INFO: [ template_filter ] --END-- [ RunTime:0.000295s ]
INFO: Run Behavior\ParseTemplateBehavior [ RunTime:0.005146s ]
INFO: [ view_parse ] --END-- [ RunTime:0.005178s ]
INFO: [ view_filter ] --START--
INFO: Run Behavior\WriteHtmlCacheBehavior [ RunTime:0.000373s ]
INFO: [ view_filter ] --END-- [ RunTime:0.000393s ]
INFO: [ app_end ] --START--
INFO: Run Behavior\ShowPageTraceBehavior [ RunTime:0.000648s ]
INFO: [ app_end ] --END-- [ RunTime:0.000674s ]

[ 2019-10-19T00:07:32+08:00 ] 127.0.0.1 /bsys/index.php/Index/hotspot/list
INFO: [ app_init ] --START--
INFO: Run Behavior\BuildLiteBehavior [ RunTime:0.000012s ]
INFO: [ app_init ] --END-- [ RunTime:0.000619s ]
INFO: [ app_begin ] --START--
INFO: Run Behavior\ReadHtmlCacheBehavior [ RunTime:0.001356s ]
INFO: [ app_begin ] --END-- [ RunTime:0.001513s ]
INFO: [ view_parse ] --START--
INFO: [ template_filter ] --START--
INFO: Run Behavior\ContentReplaceBehavior [ RunTime:0.000112s ]
INFO: [ template_filter ] --END-- [ RunTime:0.000155s ]
INFO: Run Behavior\ParseTemplateBehavior [ RunTime:0.007417s ]
INFO: [ view_parse ] --END-- [ RunTime:0.007455s ]
INFO: [ view_filter ] --START--
INFO: Run Behavior\WriteHtmlCacheBehavior [ RunTime:0.000510s ]
INFO: [ view_filter ] --END-- [ RunTime:0.000537s ]
INFO: [ app_end ] --START--
INFO: Run Behavior\ShowPageTraceBehavior [ RunTime:0.000764s ]
INFO: [ app_end ] --END-- [ RunTime:0.000795s ]

[ 2019-10-19T00:07:37+08:00 ] 127.0.0.1 /bsys/index.php/Index/hotspot/list
INFO: [ app_init ] --START--
INFO: Run Behavior\BuildLiteBehavior [ RunTime:0.000013s ]
INFO: [ app_init ] --END-- [ RunTime:0.000561s ]
INFO: [ app_begin ] --START--
INFO: Run Behavior\ReadHtmlCacheBehavior [ RunTime:0.000869s ]
INFO: [ app_begin ] --END-- [ RunTime:0.000912s ]
INFO: [ view_parse ] --START--
INFO: [ template_filter ] --START--
INFO: Run Behavior\ContentReplaceBehavior [ RunTime:0.000081s ]
INFO: [ template_filter ] --END-- [ RunTime:0.000109s ]
INFO: Run Behavior\ParseTemplateBehavior [ RunTime:0.004882s ]
INFO: [ view_parse ] --END-- [ RunTime:0.004908s ]
INFO: [ view_filter ] --START--
INFO: Run Behavior\WriteHtmlCacheBehavior [ RunTime:0.000364s ]
INFO: [ view_filter ] --END-- [ RunTime:0.000384s ]
INFO: [ app_end ] --START--
INFO: Run Behavior\ShowPageTraceBehavior [ RunTime:0.000687s ]
INFO: [ app_end ] --END-- [ RunTime:0.000717s ]

[ 2019-10-19T00:07:57+08:00 ] 127.0.0.1 /bsys/index.php/Index/hotspot/list
INFO: [ app_init ] --START--
INFO: Run Behavior\BuildLiteBehavior [ RunTime:0.000008s ]
INFO: [ app_init ] --END-- [ RunTime:0.000468s ]
INFO: [ app_begin ] --START--
INFO: Run Behavior\ReadHtmlCacheBehavior [ RunTime:0.000829s ]
INFO: [ app_begin ] --END-- [ RunTime:0.000858s ]
INFO: [ view_parse ] --START--
INFO: [ template_filter ] --START--
INFO: Run Behavior\ContentReplaceBehavior [ RunTime:0.000084s ]
INFO: [ template_filter ] --END-- [ RunTime:0.000113s ]
INFO: Run Behavior\ParseTemplateBehavior [ RunTime:0.006135s ]
INFO: [ view_parse ] --END-- [ RunTime:0.006163s ]
INFO: [ view_filter ] --START--
INFO: Run Behavior\WriteHtmlCacheBehavior [ RunTime:0.000640s ]
INFO: [ view_filter ] --END-- [ RunTime:0.000662s ]
INFO: [ app_end ] --START--
INFO: Run Behavior\ShowPageTraceBehavior [ RunTime:0.001169s ]
INFO: [ app_end ] --END-- [ RunTime:0.001202s ]

[ 2019-10-19T00:08:13+08:00 ] 127.0.0.1 /bsys/index.php/Index/hotspot/list
INFO: [ app_init ] --START--
INFO: Run Behavior\BuildLiteBehavior [ RunTime:0.000010s ]
INFO: [ app_init ] --END-- [ RunTime:0.000476s ]
INFO: [ app_begin ] --START--
INFO: Run Behavior\ReadHtmlCacheBehavior [ RunTime:0.000821s ]
INFO: [ app_begin ] --END-- [ RunTime:0.000860s ]
INFO: [ view_parse ] --START--
INFO: [ template_filter ] --START--
INFO: Run Behavior\ContentReplaceBehavior [ RunTime:0.000113s ]
INFO: [ template_filter ] --END-- [ RunTime:0.000151s ]
INFO: Run Behavior\ParseTemplateBehavior [ RunTime:0.007135s ]
INFO: [ view_parse ] --END-- [ RunTime:0.007182s ]
INFO: [ view_filter ] --START--
INFO: Run Behavior\WriteHtmlCacheBehavior [ RunTime:0.000678s ]
INFO: [ view_filter ] --END-- [ RunTime:0.000724s ]
INFO: [ app_end ] --START--
INFO: Run Behavior\ShowPageTraceBehavior [ RunTime:0.001213s ]
INFO: [ app_end ] --END-- [ RunTime:0.001266s ]

[ 2019-10-19T00:09:21+08:00 ] 127.0.0.1 /bsys/index.php/Index/hotspot/list
INFO: [ app_init ] --START--
INFO: Run Behavior\BuildLiteBehavior [ RunTime:0.000012s ]
INFO: [ app_init ] --END-- [ RunTime:0.000698s ]
INFO: [ app_begin ] --START--
INFO: Run Behavior\ReadHtmlCacheBehavior [ RunTime:0.001239s ]
INFO: [ app_begin ] --END-- [ RunTime:0.001335s ]
INFO: [ view_parse ] --START--
INFO: [ template_filter ] --START--
INFO: Run Behavior\ContentReplaceBehavior [ RunTime:0.000146s ]
INFO: [ template_filter ] --END-- [ RunTime:0.000210s ]
INFO: Run Behavior\ParseTemplateBehavior [ RunTime:0.009887s ]
INFO: [ view_parse ] --END-- [ RunTime:0.009946s ]
INFO: [ view_filter ] --START--
INFO: Run Behavior\WriteHtmlCacheBehavior [ RunTime:0.000548s ]
INFO: [ view_filter ] --END-- [ RunTime:0.000586s ]
INFO: [ app_end ] --START--
INFO: Run Behavior\ShowPageTraceBehavior [ RunTime:0.000944s ]
INFO: [ app_end ] --END-- [ RunTime:0.000988s ]

[ 2019-10-19T00:09:40+08:00 ] 127.0.0.1 /bsys/index.php/Index/hotspot/list
INFO: [ app_init ] --START--
INFO: Run Behavior\BuildLiteBehavior [ RunTime:0.000008s ]
INFO: [ app_init ] --END-- [ RunTime:0.000487s ]
INFO: [ app_begin ] --START--
INFO: Run Behavior\ReadHtmlCacheBehavior [ RunTime:0.000873s ]
INFO: [ app_begin ] --END-- [ RunTime:0.000902s ]
INFO: [ view_parse ] --START--
INFO: [ template_filter ] --START--
INFO: Run Behavior\ContentReplaceBehavior [ RunTime:0.000085s ]
INFO: [ template_filter ] --END-- [ RunTime:0.000117s ]
INFO: Run Behavior\ParseTemplateBehavior [ RunTime:0.006830s ]
INFO: [ view_parse ] --END-- [ RunTime:0.006863s ]
INFO: [ view_filter ] --START--
INFO: Run Behavior\WriteHtmlCacheBehavior [ RunTime:0.000679s ]
INFO: [ view_filter ] --END-- [ RunTime:0.000701s ]
INFO: [ app_end ] --START--
INFO: Run Behavior\ShowPageTraceBehavior [ RunTime:0.001006s ]
INFO: [ app_end ] --END-- [ RunTime:0.001032s ]

[ 2019-10-19T00:09:47+08:00 ] 127.0.0.1 /bsys/index.php/Index/hotspot/list
INFO: [ app_init ] --START--
INFO: Run Behavior\BuildLiteBehavior [ RunTime:0.000012s ]
INFO: [ app_init ] --END-- [ RunTime:0.000494s ]
INFO: [ app_begin ] --START--
INFO: Run Behavior\ReadHtmlCacheBehavior [ RunTime:0.000816s ]
INFO: [ app_begin ] --END-- [ RunTime:0.000859s ]
INFO: [ view_parse ] --START--
INFO: [ template_filter ] --START--
INFO: Run Behavior\ContentReplaceBehavior [ RunTime:0.000104s ]
INFO: [ template_filter ] --END-- [ RunTime:0.000156s ]
INFO: Run Behavior\ParseTemplateBehavior [ RunTime:0.007269s ]
INFO: [ view_parse ] --END-- [ RunTime:0.007304s ]
INFO: [ view_filter ] --START--
INFO: Run Behavior\WriteHtmlCacheBehavior [ RunTime:0.000381s ]
INFO: [ view_filter ] --END-- [ RunTime:0.000403s ]
INFO: [ app_end ] --START--
INFO: Run Behavior\ShowPageTraceBehavior [ RunTime:0.000792s ]
INFO: [ app_end ] --END-- [ RunTime:0.000848s ]

[ 2019-10-19T00:10:20+08:00 ] 127.0.0.1 /bsys/index.php/Index/hotspot/list
INFO: [ app_init ] --START--
INFO: Run Behavior\BuildLiteBehavior [ RunTime:0.000009s ]
INFO: [ app_init ] --END-- [ RunTime:0.000462s ]
INFO: [ app_begin ] --START--
INFO: Run Behavior\ReadHtmlCacheBehavior [ RunTime:0.000860s ]
INFO: [ app_begin ] --END-- [ RunTime:0.000898s ]
INFO: [ view_parse ] --START--
INFO: [ template_filter ] --START--
INFO: Run Behavior\ContentReplaceBehavior [ RunTime:0.000142s ]
INFO: [ template_filter ] --END-- [ RunTime:0.000204s ]
INFO: Run Behavior\ParseTemplateBehavior [ RunTime:0.007013s ]
INFO: [ view_parse ] --END-- [ RunTime:0.007053s ]
INFO: [ view_filter ] --START--
INFO: Run Behavior\WriteHtmlCacheBehavior [ RunTime:0.000558s ]
INFO: [ view_filter ] --END-- [ RunTime:0.000590s ]
INFO: [ app_end ] --START--
INFO: Run Behavior\ShowPageTraceBehavior [ RunTime:0.000918s ]
INFO: [ app_end ] --END-- [ RunTime:0.000955s ]

[ 2019-10-19T00:10:29+08:00 ] 127.0.0.1 /bsys/index.php/Index/hotspot/list
INFO: [ app_init ] --START--
INFO: Run Behavior\BuildLiteBehavior [ RunTime:0.000007s ]
INFO: [ app_init ] --END-- [ RunTime:0.000471s ]
INFO: [ app_begin ] --START--
INFO: Run Behavior\ReadHtmlCacheBehavior [ RunTime:0.000812s ]
INFO: [ app_begin ] --END-- [ RunTime:0.000837s ]
INFO: [ view_parse ] --START--
INFO: [ template_filter ] --START--
INFO: Run Behavior\ContentReplaceBehavior [ RunTime:0.000090s ]
INFO: [ template_filter ] --END-- [ RunTime:0.000130s ]
INFO: Run Behavior\ParseTemplateBehavior [ RunTime:0.006135s ]
INFO: [ view_parse ] --END-- [ RunTime:0.006166s ]
INFO: [ view_filter ] --START--
INFO: Run Behavior\WriteHtmlCacheBehavior [ RunTime:0.000699s ]
INFO: [ view_filter ] --END-- [ RunTime:0.000723s ]
INFO: [ app_end ] --START--
INFO: Run Behavior\ShowPageTraceBehavior [ RunTime:0.000962s ]
INFO: [ app_end ] --END-- [ RunTime:0.000993s ]

[ 2019-10-19T00:10:50+08:00 ] 127.0.0.1 /bsys/index.php/Index/hotspot/list
INFO: [ app_init ] --START--
INFO: Run Behavior\BuildLiteBehavior [ RunTime:0.000009s ]
INFO: [ app_init ] --END-- [ RunTime:0.000465s ]
INFO: [ app_begin ] --START--
INFO: Run Behavior\ReadHtmlCacheBehavior [ RunTime:0.000798s ]
INFO: [ app_begin ] --END-- [ RunTime:0.000834s ]
INFO: [ view_parse ] --START--
INFO: [ template_filter ] --START--
INFO: Run Behavior\ContentReplaceBehavior [ RunTime:0.000082s ]
INFO: [ template_filter ] --END-- [ RunTime:0.000111s ]
INFO: Run Behavior\ParseTemplateBehavior [ RunTime:0.005744s ]
INFO: [ view_parse ] --END-- [ RunTime:0.005773s ]
INFO: [ view_filter ] --START--
INFO: Run Behavior\WriteHtmlCacheBehavior [ RunTime:0.000366s ]
INFO: [ view_filter ] --END-- [ RunTime:0.000386s ]
INFO: [ app_end ] --START--
INFO: Run Behavior\ShowPageTraceBehavior [ RunTime:0.000707s ]
INFO: [ app_end ] --END-- [ RunTime:0.000735s ]

[ 2019-10-19T00:10:55+08:00 ] 127.0.0.1 /bsys/index.php/Index/hotspot/list
INFO: [ app_init ] --START--
INFO: Run Behavior\BuildLiteBehavior [ RunTime:0.000010s ]
INFO: [ app_init ] --END-- [ RunTime:0.000488s ]
INFO: [ app_begin ] --START--
INFO: Run Behavior\ReadHtmlCacheBehavior [ RunTime:0.000802s ]
INFO: [ app_begin ] --END-- [ RunTime:0.000846s ]
INFO: [ view_parse ] --START--
INFO: [ template_filter ] --START--
INFO: Run Behavior\ContentReplaceBehavior [ RunTime:0.000109s ]
INFO: [ template_filter ] --END-- [ RunTime:0.000143s ]
INFO: Run Behavior\ParseTemplateBehavior [ RunTime:0.006563s ]
INFO: [ view_parse ] --END-- [ RunTime:0.006599s ]
INFO: [ view_filter ] --START--
INFO: Run Behavior\WriteHtmlCacheBehavior [ RunTime:0.000516s ]
INFO: [ view_filter ] --END-- [ RunTime:0.000543s ]
INFO: [ app_end ] --START--
INFO: Run Behavior\ShowPageTraceBehavior [ RunTime:0.000869s ]
INFO: [ app_end ] --END-- [ RunTime:0.000903s ]

[ 2019-10-19T00:11:05+08:00 ] 127.0.0.1 /bsys/index.php/Index/hotspot/list
INFO: [ app_init ] --START--
INFO: Run Behavior\BuildLiteBehavior [ RunTime:0.000008s ]
INFO: [ app_init ] --END-- [ RunTime:0.000417s ]
INFO: [ app_begin ] --START--
INFO: Run Behavior\ReadHtmlCacheBehavior [ RunTime:0.000680s ]
INFO: [ app_begin ] --END-- [ RunTime:0.000708s ]
INFO: [ view_parse ] --START--
INFO: [ template_filter ] --START--
INFO: Run Behavior\ContentReplaceBehavior [ RunTime:0.000082s ]
INFO: [ template_filter ] --END-- [ RunTime:0.000111s ]
INFO: Run Behavior\ParseTemplateBehavior [ RunTime:0.005092s ]
INFO: [ view_parse ] --END-- [ RunTime:0.005122s ]
INFO: [ view_filter ] --START--
INFO: Run Behavior\WriteHtmlCacheBehavior [ RunTime:0.000391s ]
INFO: [ view_filter ] --END-- [ RunTime:0.000413s ]
INFO: [ app_end ] --START--
INFO: Run Behavior\ShowPageTraceBehavior [ RunTime:0.001020s ]
INFO: [ app_end ] --END-- [ RunTime:0.001064s ]

[ 2019-10-19T00:11:32+08:00 ] 127.0.0.1 /bsys/index.php/Index/hotspot/list
INFO: [ app_init ] --START--
INFO: Run Behavior\BuildLiteBehavior [ RunTime:0.000007s ]
INFO: [ app_init ] --END-- [ RunTime:0.000339s ]
INFO: [ app_begin ] --START--
INFO: Run Behavior\ReadHtmlCacheBehavior [ RunTime:0.000593s ]
INFO: [ app_begin ] --END-- [ RunTime:0.000621s ]
INFO: [ view_parse ] --START--
INFO: [ template_filter ] --START--
INFO: Run Behavior\ContentReplaceBehavior [ RunTime:0.000088s ]
INFO: [ template_filter ] --END-- [ RunTime:0.000122s ]
INFO: Run Behavior\ParseTemplateBehavior [ RunTime:0.006268s ]
INFO: [ view_parse ] --END-- [ RunTime:0.006299s ]
INFO: [ view_filter ] --START--
INFO: Run Behavior\WriteHtmlCacheBehavior [ RunTime:0.000384s ]
INFO: [ view_filter ] --END-- [ RunTime:0.000407s ]
INFO: [ app_end ] --START--
INFO: Run Behavior\ShowPageTraceBehavior [ RunTime:0.000777s ]
INFO: [ app_end ] --END-- [ RunTime:0.000812s ]

[ 2019-10-19T00:11:45+08:00 ] 127.0.0.1 /bsys/index.php/Index/hotspot/list
INFO: [ app_init ] --START--
INFO: Run Behavior\BuildLiteBehavior [ RunTime:0.000007s ]
INFO: [ app_init ] --END-- [ RunTime:0.000321s ]
INFO: [ app_begin ] --START--
INFO: Run Behavior\ReadHtmlCacheBehavior [ RunTime:0.000650s ]
INFO: [ app_begin ] --END-- [ RunTime:0.000689s ]
INFO: [ view_parse ] --START--
INFO: [ template_filter ] --START--
INFO: Run Behavior\ContentReplaceBehavior [ RunTime:0.000081s ]
INFO: [ template_filter ] --END-- [ RunTime:0.000108s ]
INFO: Run Behavior\ParseTemplateBehavior [ RunTime:0.004823s ]
INFO: [ view_parse ] --END-- [ RunTime:0.004857s ]
INFO: [ view_filter ] --START--
INFO: Run Behavior\WriteHtmlCacheBehavior [ RunTime:0.000462s ]
INFO: [ view_filter ] --END-- [ RunTime:0.000495s ]
INFO: [ app_end ] --START--
INFO: Run Behavior\ShowPageTraceBehavior [ RunTime:0.000894s ]
INFO: [ app_end ] --END-- [ RunTime:0.000936s ]

[ 2019-10-19T00:11:52+08:00 ] 127.0.0.1 /bsys/index.php/Index/hotspot/list
INFO: [ app_init ] --START--
INFO: Run Behavior\BuildLiteBehavior [ RunTime:0.000010s ]
INFO: [ app_init ] --END-- [ RunTime:0.000642s ]
INFO: [ app_begin ] --START--
INFO: Run Behavior\ReadHtmlCacheBehavior [ RunTime:0.001162s ]
INFO: [ app_begin ] --END-- [ RunTime:0.001203s ]
INFO: [ view_parse ] --START--
INFO: [ template_filter ] --START--
INFO: Run Behavior\ContentReplaceBehavior [ RunTime:0.000082s ]
INFO: [ template_filter ] --END-- [ RunTime:0.000109s ]
INFO: Run Behavior\ParseTemplateBehavior [ RunTime:0.007081s ]
INFO: [ view_parse ] --END-- [ RunTime:0.007111s ]
INFO: [ view_filter ] --START--
INFO: Run Behavior\WriteHtmlCacheBehavior [ RunTime:0.000647s ]
INFO: [ view_filter ] --END-- [ RunTime:0.000668s ]
INFO: [ app_end ] --START--
INFO: Run Behavior\ShowPageTraceBehavior [ RunTime:0.000903s ]
INFO: [ app_end ] --END-- [ RunTime:0.000927s ]

[ 2019-10-19T00:13:24+08:00 ] 127.0.0.1 /bsys/index.php/Index/hotspot/list
INFO: [ app_init ] --START--
INFO: Run Behavior\BuildLiteBehavior [ RunTime:0.000008s ]
INFO: [ app_init ] --END-- [ RunTime:0.000468s ]
INFO: [ app_begin ] --START--
INFO: Run Behavior\ReadHtmlCacheBehavior [ RunTime:0.000976s ]
INFO: [ app_begin ] --END-- [ RunTime:0.001011s ]
INFO: [ view_parse ] --START--
INFO: [ template_filter ] --START--
INFO: Run Behavior\ContentReplaceBehavior [ RunTime:0.000087s ]
INFO: [ template_filter ] --END-- [ RunTime:0.000122s ]
INFO: Run Behavior\ParseTemplateBehavior [ RunTime:0.007968s ]
INFO: [ view_parse ] --END-- [ RunTime:0.008024s ]
INFO: [ view_filter ] --START--
INFO: Run Behavior\WriteHtmlCacheBehavior [ RunTime:0.000997s ]
INFO: [ view_filter ] --END-- [ RunTime:0.001023s ]
INFO: [ app_end ] --START--
INFO: Run Behavior\ShowPageTraceBehavior [ RunTime:0.001017s ]
INFO: [ app_end ] --END-- [ RunTime:0.001045s ]

[ 2019-10-19T00:13:49+08:00 ] 127.0.0.1 /bsys/index.php/Index/hotspot/list
INFO: [ app_init ] --START--
INFO: Run Behavior\BuildLiteBehavior [ RunTime:0.000007s ]
INFO: [ app_init ] --END-- [ RunTime:0.000339s ]
INFO: [ app_begin ] --START--
INFO: Run Behavior\ReadHtmlCacheBehavior [ RunTime:0.000573s ]
INFO: [ app_begin ] --END-- [ RunTime:0.000599s ]
INFO: [ view_parse ] --START--
INFO: [ template_filter ] --START--
INFO: Run Behavior\ContentReplaceBehavior [ RunTime:0.000081s ]
INFO: [ template_filter ] --END-- [ RunTime:0.000109s ]
INFO: Run Behavior\ParseTemplateBehavior [ RunTime:0.004895s ]
INFO: [ view_parse ] --END-- [ RunTime:0.004920s ]
INFO: [ view_filter ] --START--
INFO: Run Behavior\WriteHtmlCacheBehavior [ RunTime:0.000363s ]
INFO: [ view_filter ] --END-- [ RunTime:0.000383s ]
INFO: [ app_end ] --START--
INFO: Run Behavior\ShowPageTraceBehavior [ RunTime:0.000620s ]
INFO: [ app_end ] --END-- [ RunTime:0.000644s ]

[ 2019-10-19T00:13:59+08:00 ] 127.0.0.1 /bsys/index.php/Index/hotspot/list
INFO: [ app_init ] --START--
INFO: Run Behavior\BuildLiteBehavior [ RunTime:0.000010s ]
INFO: [ app_init ] --END-- [ RunTime:0.000462s ]
INFO: [ app_begin ] --START--
INFO: Run Behavior\ReadHtmlCacheBehavior [ RunTime:0.000740s ]
INFO: [ app_begin ] --END-- [ RunTime:0.000777s ]
INFO: [ view_parse ] --START--
INFO: [ template_filter ] --START--
INFO: Run Behavior\ContentReplaceBehavior [ RunTime:0.000080s ]
INFO: [ template_filter ] --END-- [ RunTime:0.000106s ]
INFO: Run Behavior\ParseTemplateBehavior [ RunTime:0.004693s ]
INFO: [ view_parse ] --END-- [ RunTime:0.004719s ]
INFO: [ view_filter ] --START--
INFO: Run Behavior\WriteHtmlCacheBehavior [ RunTime:0.000352s ]
INFO: [ view_filter ] --END-- [ RunTime:0.000372s ]
INFO: [ app_end ] --START--
INFO: Run Behavior\ShowPageTraceBehavior [ RunTime:0.000608s ]
INFO: [ app_end ] --END-- [ RunTime:0.000633s ]

[ 2019-10-19T00:14:47+08:00 ] 127.0.0.1 /bsys/index.php/Index/hotspot/list
INFO: [ app_init ] --START--
INFO: Run Behavior\BuildLiteBehavior [ RunTime:0.000010s ]
INFO: [ app_init ] --END-- [ RunTime:0.000782s ]
INFO: [ app_begin ] --START--
INFO: Run Behavior\ReadHtmlCacheBehavior [ RunTime:0.001175s ]
INFO: [ app_begin ] --END-- [ RunTime:0.001218s ]
INFO: [ view_parse ] --START--
INFO: [ template_filter ] --START--
INFO: Run Behavior\ContentReplaceBehavior [ RunTime:0.000135s ]
INFO: [ template_filter ] --END-- [ RunTime:0.000197s ]
INFO: Run Behavior\ParseTemplateBehavior [ RunTime:0.009451s ]
INFO: [ view_parse ] --END-- [ RunTime:0.009495s ]
INFO: [ view_filter ] --START--
INFO: Run Behavior\WriteHtmlCacheBehavior [ RunTime:0.000965s ]
INFO: [ view_filter ] --END-- [ RunTime:0.000996s ]
INFO: [ app_end ] --START--
INFO: Run Behavior\ShowPageTraceBehavior [ RunTime:0.001141s ]
INFO: [ app_end ] --END-- [ RunTime:0.001172s ]

[ 2019-10-19T00:15:06+08:00 ] 127.0.0.1 /bsys/index.php/Index/hotspot/list
INFO: [ app_init ] --START--
INFO: Run Behavior\BuildLiteBehavior [ RunTime:0.000009s ]
INFO: [ app_init ] --END-- [ RunTime:0.000458s ]
INFO: [ app_begin ] --START--
INFO: Run Behavior\ReadHtmlCacheBehavior [ RunTime:0.000783s ]
INFO: [ app_begin ] --END-- [ RunTime:0.000819s ]
INFO: [ view_parse ] --START--
INFO: [ template_filter ] --START--
INFO: Run Behavior\ContentReplaceBehavior [ RunTime:0.000113s ]
INFO: [ template_filter ] --END-- [ RunTime:0.000152s ]
INFO: Run Behavior\ParseTemplateBehavior [ RunTime:0.006760s ]
INFO: [ view_parse ] --END-- [ RunTime:0.006799s ]
INFO: [ view_filter ] --START--
INFO: Run Behavior\WriteHtmlCacheBehavior [ RunTime:0.000509s ]
INFO: [ view_filter ] --END-- [ RunTime:0.000538s ]
INFO: [ app_end ] --START--
INFO: Run Behavior\ShowPageTraceBehavior [ RunTime:0.000950s ]
INFO: [ app_end ] --END-- [ RunTime:0.000989s ]

[ 2019-10-19T00:15:32+08:00 ] 127.0.0.1 /bsys/index.php/Index/hotspot/list
INFO: [ app_init ] --START--
INFO: Run Behavior\BuildLiteBehavior [ RunTime:0.000010s ]
INFO: [ app_init ] --END-- [ RunTime:0.000494s ]
INFO: [ app_begin ] --START--
INFO: Run Behavior\ReadHtmlCacheBehavior [ RunTime:0.000876s ]
INFO: [ app_begin ] --END-- [ RunTime:0.000915s ]
INFO: [ view_parse ] --START--
INFO: [ template_filter ] --START--
INFO: Run Behavior\ContentReplaceBehavior [ RunTime:0.000112s ]
INFO: [ template_filter ] --END-- [ RunTime:0.000154s ]
INFO: Run Behavior\ParseTemplateBehavior [ RunTime:0.007029s ]
INFO: [ view_parse ] --END-- [ RunTime:0.007067s ]
INFO: [ view_filter ] --START--
INFO: Run Behavior\WriteHtmlCacheBehavior [ RunTime:0.000434s ]
INFO: [ view_filter ] --END-- [ RunTime:0.000459s ]
INFO: [ app_end ] --START--
INFO: Run Behavior\ShowPageTraceBehavior [ RunTime:0.000813s ]
INFO: [ app_end ] --END-- [ RunTime:0.000842s ]

[ 2019-10-19T00:16:04+08:00 ] 127.0.0.1 /bsys/index.php/Index/hotspot/list
INFO: [ app_init ] --START--
INFO: Run Behavior\BuildLiteBehavior [ RunTime:0.000010s ]
INFO: [ app_init ] --END-- [ RunTime:0.000697s ]
INFO: [ app_begin ] --START--
INFO: Run Behavior\ReadHtmlCacheBehavior [ RunTime:0.000878s ]
INFO: [ app_begin ] --END-- [ RunTime:0.000910s ]
INFO: [ view_parse ] --START--
INFO: [ template_filter ] --START--
INFO: Run Behavior\ContentReplaceBehavior [ RunTime:0.000084s ]
INFO: [ template_filter ] --END-- [ RunTime:0.000120s ]
INFO: Run Behavior\ParseTemplateBehavior [ RunTime:0.007265s ]
INFO: [ view_parse ] --END-- [ RunTime:0.007302s ]
INFO: [ view_filter ] --START--
INFO: Run Behavior\WriteHtmlCacheBehavior [ RunTime:0.000943s ]
INFO: [ view_filter ] --END-- [ RunTime:0.000984s ]
INFO: [ app_end ] --START--
INFO: Run Behavior\ShowPageTraceBehavior [ RunTime:0.001275s ]
INFO: [ app_end ] --END-- [ RunTime:0.001312s ]

[ 2019-10-19T00:16:40+08:00 ] 127.0.0.1 /bsys/index.php/Index/hotspot/list
INFO: [ app_init ] --START--
INFO: Run Behavior\BuildLiteBehavior [ RunTime:0.000007s ]
INFO: [ app_init ] --END-- [ RunTime:0.000348s ]
INFO: [ app_begin ] --START--
INFO: Run Behavior\ReadHtmlCacheBehavior [ RunTime:0.000709s ]
INFO: [ app_begin ] --END-- [ RunTime:0.000757s ]
INFO: [ view_parse ] --START--
INFO: [ template_filter ] --START--
INFO: Run Behavior\ContentReplaceBehavior [ RunTime:0.000085s ]
INFO: [ template_filter ] --END-- [ RunTime:0.000114s ]
INFO: Run Behavior\ParseTemplateBehavior [ RunTime:0.005156s ]
INFO: [ view_parse ] --END-- [ RunTime:0.005185s ]
INFO: [ view_filter ] --START--
INFO: Run Behavior\WriteHtmlCacheBehavior [ RunTime:0.000361s ]
INFO: [ view_filter ] --END-- [ RunTime:0.000381s ]
INFO: [ app_end ] --START--
INFO: Run Behavior\ShowPageTraceBehavior [ RunTime:0.000864s ]
INFO: [ app_end ] --END-- [ RunTime:0.000895s ]

[ 2019-10-19T00:16:48+08:00 ] 127.0.0.1 /bsys/index.php/Index/hotspot/list
INFO: [ app_init ] --START--
INFO: Run Behavior\BuildLiteBehavior [ RunTime:0.000008s ]
INFO: [ app_init ] --END-- [ RunTime:0.000422s ]
INFO: [ app_begin ] --START--
INFO: Run Behavior\ReadHtmlCacheBehavior [ RunTime:0.000584s ]
INFO: [ app_begin ] --END-- [ RunTime:0.000613s ]
INFO: [ view_parse ] --START--
INFO: [ template_filter ] --START--
INFO: Run Behavior\ContentReplaceBehavior [ RunTime:0.000083s ]
INFO: [ template_filter ] --END-- [ RunTime:0.000116s ]
INFO: Run Behavior\ParseTemplateBehavior [ RunTime:0.005180s ]
INFO: [ view_parse ] --END-- [ RunTime:0.005207s ]
INFO: [ view_filter ] --START--
INFO: Run Behavior\WriteHtmlCacheBehavior [ RunTime:0.000351s ]
INFO: [ view_filter ] --END-- [ RunTime:0.000373s ]
INFO: [ app_end ] --START--
INFO: Run Behavior\ShowPageTraceBehavior [ RunTime:0.000681s ]
INFO: [ app_end ] --END-- [ RunTime:0.000706s ]

[ 2019-10-19T00:16:54+08:00 ] 127.0.0.1 /bsys/index.php/Index/hotspot/list
INFO: [ app_init ] --START--
INFO: Run Behavior\BuildLiteBehavior [ RunTime:0.000007s ]
INFO: [ app_init ] --END-- [ RunTime:0.000465s ]
INFO: [ app_begin ] --START--
INFO: Run Behavior\ReadHtmlCacheBehavior [ RunTime:0.000854s ]
INFO: [ app_begin ] --END-- [ RunTime:0.000880s ]
INFO: [ view_parse ] --START--
INFO: [ template_filter ] --START--
INFO: Run Behavior\ContentReplaceBehavior [ RunTime:0.000083s ]
INFO: [ template_filter ] --END-- [ RunTime:0.000113s ]
INFO: Run Behavior\ParseTemplateBehavior [ RunTime:0.006125s ]
INFO: [ view_parse ] --END-- [ RunTime:0.006166s ]
INFO: [ view_filter ] --START--
INFO: Run Behavior\WriteHtmlCacheBehavior [ RunTime:0.000685s ]
INFO: [ view_filter ] --END-- [ RunTime:0.000716s ]
INFO: [ app_end ] --START--
INFO: Run Behavior\ShowPageTraceBehavior [ RunTime:0.001029s ]
INFO: [ app_end ] --END-- [ RunTime:0.001061s ]

[ 2019-10-19T00:17:15+08:00 ] 127.0.0.1 /bsys/index.php/Index/hotspot/list
INFO: [ app_init ] --START--
INFO: Run Behavior\BuildLiteBehavior [ RunTime:0.000009s ]
INFO: [ app_init ] --END-- [ RunTime:0.000558s ]
INFO: [ app_begin ] --START--
INFO: Run Behavior\ReadHtmlCacheBehavior [ RunTime:0.000922s ]
INFO: [ app_begin ] --END-- [ RunTime:0.000963s ]
INFO: [ view_parse ] --START--
INFO: [ template_filter ] --START--
INFO: Run Behavior\ContentReplaceBehavior [ RunTime:0.000111s ]
INFO: [ template_filter ] --END-- [ RunTime:0.000147s ]
INFO: Run Behavior\ParseTemplateBehavior [ RunTime:0.006883s ]
INFO: [ view_parse ] --END-- [ RunTime:0.006922s ]
INFO: [ view_filter ] --START--
INFO: Run Behavior\WriteHtmlCacheBehavior [ RunTime:0.000494s ]
INFO: [ view_filter ] --END-- [ RunTime:0.000522s ]
INFO: [ app_end ] --START--
INFO: Run Behavior\ShowPageTraceBehavior [ RunTime:0.000900s ]
INFO: [ app_end ] --END-- [ RunTime:0.000934s ]

[ 2019-10-19T00:17:30+08:00 ] 127.0.0.1 /bsys/index.php/Index/hotspot/list
INFO: [ app_init ] --START--
INFO: Run Behavior\BuildLiteBehavior [ RunTime:0.000010s ]
INFO: [ app_init ] --END-- [ RunTime:0.000510s ]
INFO: [ app_begin ] --START--
INFO: Run Behavior\ReadHtmlCacheBehavior [ RunTime:0.000821s ]
INFO: [ app_begin ] --END-- [ RunTime:0.000866s ]
INFO: [ view_parse ] --START--
INFO: [ template_filter ] --START--
INFO: Run Behavior\ContentReplaceBehavior [ RunTime:0.000109s ]
INFO: [ template_filter ] --END-- [ RunTime:0.000160s ]
INFO: Run Behavior\ParseTemplateBehavior [ RunTime:0.005964s ]
INFO: [ view_parse ] --END-- [ RunTime:0.006012s ]
INFO: [ view_filter ] --START--
INFO: Run Behavior\WriteHtmlCacheBehavior [ RunTime:0.000533s ]
INFO: [ view_filter ] --END-- [ RunTime:0.000570s ]
INFO: [ app_end ] --START--
INFO: Run Behavior\ShowPageTraceBehavior [ RunTime:0.000753s ]
INFO: [ app_end ] --END-- [ RunTime:0.000783s ]

[ 2019-10-19T00:17:52+08:00 ] 127.0.0.1 /bsys/index.php/Index/hotspot/list
INFO: [ app_init ] --START--
INFO: Run Behavior\BuildLiteBehavior [ RunTime:0.000009s ]
INFO: [ app_init ] --END-- [ RunTime:0.000451s ]
INFO: [ app_begin ] --START--
INFO: Run Behavior\ReadHtmlCacheBehavior [ RunTime:0.001001s ]
INFO: [ app_begin ] --END-- [ RunTime:0.001054s ]
INFO: [ view_parse ] --START--
INFO: [ template_filter ] --START--
INFO: Run Behavior\ContentReplaceBehavior [ RunTime:0.000114s ]
INFO: [ template_filter ] --END-- [ RunTime:0.000153s ]
INFO: Run Behavior\ParseTemplateBehavior [ RunTime:0.006957s ]
INFO: [ view_parse ] --END-- [ RunTime:0.007005s ]
INFO: [ view_filter ] --START--
INFO: Run Behavior\WriteHtmlCacheBehavior [ RunTime:0.000483s ]
INFO: [ view_filter ] --END-- [ RunTime:0.000511s ]
INFO: [ app_end ] --START--
INFO: Run Behavior\ShowPageTraceBehavior [ RunTime:0.000838s ]
INFO: [ app_end ] --END-- [ RunTime:0.000871s ]

[ 2019-10-19T00:18:07+08:00 ] 127.0.0.1 /bsys/index.php/Index/hotspot/list
INFO: [ app_init ] --START--
INFO: Run Behavior\BuildLiteBehavior [ RunTime:0.000013s ]
INFO: [ app_init ] --END-- [ RunTime:0.000477s ]
INFO: [ app_begin ] --START--
INFO: Run Behavior\ReadHtmlCacheBehavior [ RunTime:0.000593s ]
INFO: [ app_begin ] --END-- [ RunTime:0.000621s ]
INFO: [ view_parse ] --START--
INFO: [ template_filter ] --START--
INFO: Run Behavior\ContentReplaceBehavior [ RunTime:0.000084s ]
INFO: [ template_filter ] --END-- [ RunTime:0.000109s ]
INFO: Run Behavior\ParseTemplateBehavior [ RunTime:0.004845s ]
INFO: [ view_parse ] --END-- [ RunTime:0.004872s ]
INFO: [ view_filter ] --START--
INFO: Run Behavior\WriteHtmlCacheBehavior [ RunTime:0.000366s ]
INFO: [ view_filter ] --END-- [ RunTime:0.000387s ]
INFO: [ app_end ] --START--
INFO: Run Behavior\ShowPageTraceBehavior [ RunTime:0.000812s ]
INFO: [ app_end ] --END-- [ RunTime:0.000848s ]

[ 2019-10-19T00:19:21+08:00 ] 127.0.0.1 /bsys/index.php/Index/hotspot/list
INFO: [ app_init ] --START--
INFO: Run Behavior\BuildLiteBehavior [ RunTime:0.000009s ]
INFO: [ app_init ] --END-- [ RunTime:0.000637s ]
INFO: [ app_begin ] --START--
INFO: Run Behavior\ReadHtmlCacheBehavior [ RunTime:0.000921s ]
INFO: [ app_begin ] --END-- [ RunTime:0.000956s ]
INFO: [ view_parse ] --START--
INFO: [ template_filter ] --START--
INFO: Run Behavior\ContentReplaceBehavior [ RunTime:0.000081s ]
INFO: [ template_filter ] --END-- [ RunTime:0.000109s ]
INFO: Run Behavior\ParseTemplateBehavior [ RunTime:0.005988s ]
INFO: [ view_parse ] --END-- [ RunTime:0.006016s ]
INFO: [ view_filter ] --START--
INFO: Run Behavior\WriteHtmlCacheBehavior [ RunTime:0.000631s ]
INFO: [ view_filter ] --END-- [ RunTime:0.000655s ]
INFO: [ app_end ] --START--
INFO: Run Behavior\ShowPageTraceBehavior [ RunTime:0.000920s ]
INFO: [ app_end ] --END-- [ RunTime:0.000945s ]

[ 2019-10-19T00:20:16+08:00 ] 127.0.0.1 /bsys/index.php/Index/hotspot/list
INFO: [ app_init ] --START--
INFO: Run Behavior\BuildLiteBehavior [ RunTime:0.000009s ]
INFO: [ app_init ] --END-- [ RunTime:0.000550s ]
INFO: [ app_begin ] --START--
INFO: Run Behavior\ReadHtmlCacheBehavior [ RunTime:0.000868s ]
INFO: [ app_begin ] --END-- [ RunTime:0.000894s ]
INFO: [ view_parse ] --START--
INFO: [ template_filter ] --START--
INFO: Run Behavior\ContentReplaceBehavior [ RunTime:0.000082s ]
INFO: [ template_filter ] --END-- [ RunTime:0.000108s ]
INFO: Run Behavior\ParseTemplateBehavior [ RunTime:0.006080s ]
INFO: [ view_parse ] --END-- [ RunTime:0.006106s ]
INFO: [ view_filter ] --START--
INFO: Run Behavior\WriteHtmlCacheBehavior [ RunTime:0.000628s ]
INFO: [ view_filter ] --END-- [ RunTime:0.000649s ]
INFO: [ app_end ] --START--
INFO: Run Behavior\ShowPageTraceBehavior [ RunTime:0.000909s ]
INFO: [ app_end ] --END-- [ RunTime:0.000934s ]

[ 2019-10-19T00:20:25+08:00 ] 127.0.0.1 /bsys/index.php/Index/hotspot/list
INFO: [ app_init ] --START--
INFO: Run Behavior\BuildLiteBehavior [ RunTime:0.000009s ]
INFO: [ app_init ] --END-- [ RunTime:0.000390s ]
INFO: [ app_begin ] --START--
INFO: Run Behavior\ReadHtmlCacheBehavior [ RunTime:0.000620s ]
INFO: [ app_begin ] --END-- [ RunTime:0.000652s ]
INFO: [ view_parse ] --START--
INFO: [ template_filter ] --START--
INFO: Run Behavior\ContentReplaceBehavior [ RunTime:0.000082s ]
INFO: [ template_filter ] --END-- [ RunTime:0.000115s ]
INFO: Run Behavior\ParseTemplateBehavior [ RunTime:0.005191s ]
INFO: [ view_parse ] --END-- [ RunTime:0.005227s ]
INFO: [ view_filter ] --START--
INFO: Run Behavior\WriteHtmlCacheBehavior [ RunTime:0.000362s ]
INFO: [ view_filter ] --END-- [ RunTime:0.000382s ]
INFO: [ app_end ] --START--
INFO: Run Behavior\ShowPageTraceBehavior [ RunTime:0.000734s ]
INFO: [ app_end ] --END-- [ RunTime:0.000761s ]

[ 2019-10-19T00:21:14+08:00 ] 127.0.0.1 /bsys/index.php/Index/hotspot/list
INFO: [ app_init ] --START--
INFO: Run Behavior\BuildLiteBehavior [ RunTime:0.000008s ]
INFO: [ app_init ] --END-- [ RunTime:0.000372s ]
INFO: [ app_begin ] --START--
INFO: Run Behavior\ReadHtmlCacheBehavior [ RunTime:0.000643s ]
INFO: [ app_begin ] --END-- [ RunTime:0.000677s ]
INFO: [ view_parse ] --START--
INFO: [ template_filter ] --START--
INFO: Run Behavior\ContentReplaceBehavior [ RunTime:0.000084s ]
INFO: [ template_filter ] --END-- [ RunTime:0.000117s ]
INFO: Run Behavior\ParseTemplateBehavior [ RunTime:0.005241s ]
INFO: [ view_parse ] --END-- [ RunTime:0.005275s ]
INFO: [ view_filter ] --START--
INFO: Run Behavior\WriteHtmlCacheBehavior [ RunTime:0.000400s ]
INFO: [ view_filter ] --END-- [ RunTime:0.000429s ]
INFO: [ app_end ] --START--
INFO: Run Behavior\ShowPageTraceBehavior [ RunTime:0.000694s ]
INFO: [ app_end ] --END-- [ RunTime:0.000726s ]

[ 2019-10-19T00:21:20+08:00 ] 127.0.0.1 /bsys/index.php/Index/hotspot/list
INFO: [ app_init ] --START--
INFO: Run Behavior\BuildLiteBehavior [ RunTime:0.000013s ]
INFO: [ app_init ] --END-- [ RunTime:0.000497s ]
INFO: [ app_begin ] --START--
INFO: Run Behavior\ReadHtmlCacheBehavior [ RunTime:0.000892s ]
INFO: [ app_begin ] --END-- [ RunTime:0.000943s ]
INFO: [ view_parse ] --START--
INFO: [ template_filter ] --START--
INFO: Run Behavior\ContentReplaceBehavior [ RunTime:0.000114s ]
INFO: [ template_filter ] --END-- [ RunTime:0.000153s ]
INFO: Run Behavior\ParseTemplateBehavior [ RunTime:0.006805s ]
INFO: [ view_parse ] --END-- [ RunTime:0.006843s ]
INFO: [ view_filter ] --START--
INFO: Run Behavior\WriteHtmlCacheBehavior [ RunTime:0.000478s ]
INFO: [ view_filter ] --END-- [ RunTime:0.000506s ]
INFO: [ app_end ] --START--
INFO: Run Behavior\ShowPageTraceBehavior [ RunTime:0.000839s ]
INFO: [ app_end ] --END-- [ RunTime:0.000872s ]

[ 2019-10-19T00:21:46+08:00 ] 127.0.0.1 /bsys/index.php/Index/hotspot/list
INFO: [ app_init ] --START--
INFO: Run Behavior\BuildLiteBehavior [ RunTime:0.000009s ]
INFO: [ app_init ] --END-- [ RunTime:0.000463s ]
INFO: [ app_begin ] --START--
INFO: Run Behavior\ReadHtmlCacheBehavior [ RunTime:0.000784s ]
INFO: [ app_begin ] --END-- [ RunTime:0.000819s ]
INFO: [ view_parse ] --START--
INFO: [ template_filter ] --START--
INFO: Run Behavior\ContentReplaceBehavior [ RunTime:0.000117s ]
INFO: [ template_filter ] --END-- [ RunTime:0.000159s ]
INFO: Run Behavior\ParseTemplateBehavior [ RunTime:0.006839s ]
INFO: [ view_parse ] --END-- [ RunTime:0.006875s ]
INFO: [ view_filter ] --START--
INFO: Run Behavior\WriteHtmlCacheBehavior [ RunTime:0.000504s ]
INFO: [ view_filter ] --END-- [ RunTime:0.000531s ]
INFO: [ app_end ] --START--
INFO: Run Behavior\ShowPageTraceBehavior [ RunTime:0.000851s ]
INFO: [ app_end ] --END-- [ RunTime:0.000887s ]

[ 2019-10-19T00:22:29+08:00 ] 127.0.0.1 /bsys/index.php/Index/hotspot/list
INFO: [ app_init ] --START--
INFO: Run Behavior\BuildLiteBehavior [ RunTime:0.000006s ]
INFO: [ app_init ] --END-- [ RunTime:0.000448s ]
INFO: [ app_begin ] --START--
INFO: Run Behavior\ReadHtmlCacheBehavior [ RunTime:0.000796s ]
INFO: [ app_begin ] --END-- [ RunTime:0.000822s ]
INFO: [ view_parse ] --START--
INFO: [ template_filter ] --START--
INFO: Run Behavior\ContentReplaceBehavior [ RunTime:0.000079s ]
INFO: [ template_filter ] --END-- [ RunTime:0.000105s ]
INFO: Run Behavior\ParseTemplateBehavior [ RunTime:0.005979s ]
INFO: [ view_parse ] --END-- [ RunTime:0.006015s ]
INFO: [ view_filter ] --START--
INFO: Run Behavior\WriteHtmlCacheBehavior [ RunTime:0.000689s ]
INFO: [ view_filter ] --END-- [ RunTime:0.000712s ]
INFO: [ app_end ] --START--
INFO: Run Behavior\ShowPageTraceBehavior [ RunTime:0.000890s ]
INFO: [ app_end ] --END-- [ RunTime:0.000916s ]

[ 2019-10-19T00:22:44+08:00 ] 127.0.0.1 /bsys/index.php/Index/hotspot/list
INFO: [ app_init ] --START--
INFO: Run Behavior\BuildLiteBehavior [ RunTime:0.000007s ]
INFO: [ app_init ] --END-- [ RunTime:0.000456s ]
INFO: [ app_begin ] --START--
INFO: Run Behavior\ReadHtmlCacheBehavior [ RunTime:0.000939s ]
INFO: [ app_begin ] --END-- [ RunTime:0.000973s ]
INFO: [ view_parse ] --START--
INFO: [ template_filter ] --START--
INFO: Run Behavior\ContentReplaceBehavior [ RunTime:0.000081s ]
INFO: [ template_filter ] --END-- [ RunTime:0.000109s ]
INFO: Run Behavior\ParseTemplateBehavior [ RunTime:0.006137s ]
INFO: [ view_parse ] --END-- [ RunTime:0.006172s ]
INFO: [ view_filter ] --START--
INFO: Run Behavior\WriteHtmlCacheBehavior [ RunTime:0.000653s ]
INFO: [ view_filter ] --END-- [ RunTime:0.000676s ]
INFO: [ app_end ] --START--
INFO: Run Behavior\ShowPageTraceBehavior [ RunTime:0.001037s ]
INFO: [ app_end ] --END-- [ RunTime:0.001068s ]

[ 2019-10-19T00:24:06+08:00 ] 127.0.0.1 /bsys/index.php/Index/hotspot/list
INFO: [ app_init ] --START--
INFO: Run Behavior\BuildLiteBehavior [ RunTime:0.000006s ]
INFO: [ app_init ] --END-- [ RunTime:0.000321s ]
INFO: [ app_begin ] --START--
INFO: Run Behavior\ReadHtmlCacheBehavior [ RunTime:0.000551s ]
INFO: [ app_begin ] --END-- [ RunTime:0.000577s ]
INFO: [ view_parse ] --START--
INFO: [ template_filter ] --START--
INFO: Run Behavior\ContentReplaceBehavior [ RunTime:0.000085s ]
INFO: [ template_filter ] --END-- [ RunTime:0.000115s ]
INFO: Run Behavior\ParseTemplateBehavior [ RunTime:0.005600s ]
INFO: [ view_parse ] --END-- [ RunTime:0.005628s ]
INFO: [ view_filter ] --START--
INFO: Run Behavior\WriteHtmlCacheBehavior [ RunTime:0.000355s ]
INFO: [ view_filter ] --END-- [ RunTime:0.000376s ]
INFO: [ app_end ] --START--
INFO: Run Behavior\ShowPageTraceBehavior [ RunTime:0.000628s ]
INFO: [ app_end ] --END-- [ RunTime:0.000651s ]

[ 2019-10-19T00:24:26+08:00 ] 127.0.0.1 /bsys/index.php/Index/hotspot/list
INFO: [ app_init ] --START--
INFO: Run Behavior\BuildLiteBehavior [ RunTime:0.000007s ]
INFO: [ app_init ] --END-- [ RunTime:0.000342s ]
INFO: [ app_begin ] --START--
INFO: Run Behavior\ReadHtmlCacheBehavior [ RunTime:0.000573s ]
INFO: [ app_begin ] --END-- [ RunTime:0.000598s ]
INFO: [ view_parse ] --START--
INFO: [ template_filter ] --START--
INFO: Run Behavior\ContentReplaceBehavior [ RunTime:0.000079s ]
INFO: [ template_filter ] --END-- [ RunTime:0.000103s ]
INFO: Run Behavior\ParseTemplateBehavior [ RunTime:0.004744s ]
INFO: [ view_parse ] --END-- [ RunTime:0.004769s ]
INFO: [ view_filter ] --START--
INFO: Run Behavior\WriteHtmlCacheBehavior [ RunTime:0.000352s ]
INFO: [ view_filter ] --END-- [ RunTime:0.000372s ]
INFO: [ app_end ] --START--
INFO: Run Behavior\ShowPageTraceBehavior [ RunTime:0.000615s ]
INFO: [ app_end ] --END-- [ RunTime:0.000640s ]

[ 2019-10-19T00:25:13+08:00 ] 127.0.0.1 /bsys/index.php/Index/hotspot/list
INFO: [ app_init ] --START--
INFO: Run Behavior\BuildLiteBehavior [ RunTime:0.000007s ]
INFO: [ app_init ] --END-- [ RunTime:0.000461s ]
INFO: [ app_begin ] --START--
INFO: Run Behavior\ReadHtmlCacheBehavior [ RunTime:0.000824s ]
INFO: [ app_begin ] --END-- [ RunTime:0.000852s ]
INFO: [ view_parse ] --START--
INFO: [ template_filter ] --START--
INFO: Run Behavior\ContentReplaceBehavior [ RunTime:0.000087s ]
INFO: [ template_filter ] --END-- [ RunTime:0.000120s ]
INFO: Run Behavior\ParseTemplateBehavior [ RunTime:0.006159s ]
INFO: [ view_parse ] --END-- [ RunTime:0.006187s ]
INFO: [ view_filter ] --START--
INFO: Run Behavior\WriteHtmlCacheBehavior [ RunTime:0.000606s ]
INFO: [ view_filter ] --END-- [ RunTime:0.000627s ]
INFO: [ app_end ] --START--
INFO: Run Behavior\ShowPageTraceBehavior [ RunTime:0.000994s ]
INFO: [ app_end ] --END-- [ RunTime:0.001026s ]

[ 2019-10-19T00:25:20+08:00 ] 127.0.0.1 /bsys/index.php/Index/hotspot/list
INFO: [ app_init ] --START--
INFO: Run Behavior\BuildLiteBehavior [ RunTime:0.000008s ]
INFO: [ app_init ] --END-- [ RunTime:0.000469s ]
INFO: [ app_begin ] --START--
INFO: Run Behavior\ReadHtmlCacheBehavior [ RunTime:0.000838s ]
INFO: [ app_begin ] --END-- [ RunTime:0.000867s ]
INFO: [ view_parse ] --START--
INFO: [ template_filter ] --START--
INFO: Run Behavior\ContentReplaceBehavior [ RunTime:0.000116s ]
INFO: [ template_filter ] --END-- [ RunTime:0.000161s ]
INFO: Run Behavior\ParseTemplateBehavior [ RunTime:0.006594s ]
INFO: [ view_parse ] --END-- [ RunTime:0.006632s ]
INFO: [ view_filter ] --START--
INFO: Run Behavior\WriteHtmlCacheBehavior [ RunTime:0.000726s ]
INFO: [ view_filter ] --END-- [ RunTime:0.000750s ]
INFO: [ app_end ] --START--
INFO: Run Behavior\ShowPageTraceBehavior [ RunTime:0.001027s ]
INFO: [ app_end ] --END-- [ RunTime:0.001068s ]

[ 2019-10-19T00:25:24+08:00 ] 127.0.0.1 /bsys/index.php/Index/hotspot/list
INFO: [ app_init ] --START--
INFO: Run Behavior\BuildLiteBehavior [ RunTime:0.000010s ]
INFO: [ app_init ] --END-- [ RunTime:0.000469s ]
INFO: [ app_begin ] --START--
INFO: Run Behavior\ReadHtmlCacheBehavior [ RunTime:0.000836s ]
INFO: [ app_begin ] --END-- [ RunTime:0.000880s ]
INFO: [ view_parse ] --START--
INFO: [ template_filter ] --START--
INFO: Run Behavior\ContentReplaceBehavior [ RunTime:0.000111s ]
INFO: [ template_filter ] --END-- [ RunTime:0.000149s ]
INFO: Run Behavior\ParseTemplateBehavior [ RunTime:0.006638s ]
INFO: [ view_parse ] --END-- [ RunTime:0.006673s ]
INFO: [ view_filter ] --START--
INFO: Run Behavior\WriteHtmlCacheBehavior [ RunTime:0.000507s ]
INFO: [ view_filter ] --END-- [ RunTime:0.000548s ]
INFO: [ app_end ] --START--
INFO: Run Behavior\ShowPageTraceBehavior [ RunTime:0.000841s ]
INFO: [ app_end ] --END-- [ RunTime:0.000873s ]

[ 2019-10-19T00:26:35+08:00 ] 127.0.0.1 /bsys/index.php/Index/hotspot/list
INFO: [ app_init ] --START--
INFO: Run Behavior\BuildLiteBehavior [ RunTime:0.000008s ]
INFO: [ app_init ] --END-- [ RunTime:0.000386s ]
INFO: [ app_begin ] --START--
INFO: Run Behavior\ReadHtmlCacheBehavior [ RunTime:0.000620s ]
INFO: [ app_begin ] --END-- [ RunTime:0.000654s ]
INFO: [ view_parse ] --START--
INFO: [ template_filter ] --START--
INFO: Run Behavior\ContentReplaceBehavior [ RunTime:0.000086s ]
INFO: [ template_filter ] --END-- [ RunTime:0.000118s ]
INFO: Run Behavior\ParseTemplateBehavior [ RunTime:0.005445s ]
INFO: [ view_parse ] --END-- [ RunTime:0.005473s ]
INFO: [ view_filter ] --START--
INFO: Run Behavior\WriteHtmlCacheBehavior [ RunTime:0.000359s ]
INFO: [ view_filter ] --END-- [ RunTime:0.000379s ]
INFO: [ app_end ] --START--
INFO: Run Behavior\ShowPageTraceBehavior [ RunTime:0.000829s ]
INFO: [ app_end ] --END-- [ RunTime:0.000862s ]

[ 2019-10-19T00:26:53+08:00 ] 127.0.0.1 /bsys/index.php/Index/hotspot/list
INFO: [ app_init ] --START--
INFO: Run Behavior\BuildLiteBehavior [ RunTime:0.000011s ]
INFO: [ app_init ] --END-- [ RunTime:0.000647s ]
INFO: [ app_begin ] --START--
INFO: Run Behavior\ReadHtmlCacheBehavior [ RunTime:0.000762s ]
INFO: [ app_begin ] --END-- [ RunTime:0.000794s ]
INFO: [ view_parse ] --START--
INFO: [ template_filter ] --START--
INFO: Run Behavior\ContentReplaceBehavior [ RunTime:0.000084s ]
INFO: [ template_filter ] --END-- [ RunTime:0.000112s ]
INFO: Run Behavior\ParseTemplateBehavior [ RunTime:0.005583s ]
INFO: [ view_parse ] --END-- [ RunTime:0.005614s ]
INFO: [ view_filter ] --START--
INFO: Run Behavior\WriteHtmlCacheBehavior [ RunTime:0.000453s ]
INFO: [ view_filter ] --END-- [ RunTime:0.000477s ]
INFO: [ app_end ] --START--
INFO: Run Behavior\ShowPageTraceBehavior [ RunTime:0.000890s ]
INFO: [ app_end ] --END-- [ RunTime:0.000927s ]

[ 2019-10-19T00:27:03+08:00 ] 127.0.0.1 /bsys/index.php/Index/hotspot/list
INFO: [ app_init ] --START--
INFO: Run Behavior\BuildLiteBehavior [ RunTime:0.000010s ]
INFO: [ app_init ] --END-- [ RunTime:0.000605s ]
INFO: [ app_begin ] --START--
INFO: Run Behavior\ReadHtmlCacheBehavior [ RunTime:0.000860s ]
INFO: [ app_begin ] --END-- [ RunTime:0.000911s ]
INFO: [ view_parse ] --START--
INFO: [ template_filter ] --START--
INFO: Run Behavior\ContentReplaceBehavior [ RunTime:0.000113s ]
INFO: [ template_filter ] --END-- [ RunTime:0.000152s ]
INFO: Run Behavior\ParseTemplateBehavior [ RunTime:0.007125s ]
INFO: [ view_parse ] --END-- [ RunTime:0.007170s ]
INFO: [ view_filter ] --START--
INFO: Run Behavior\WriteHtmlCacheBehavior [ RunTime:0.000492s ]
INFO: [ view_filter ] --END-- [ RunTime:0.000520s ]
INFO: [ app_end ] --START--
INFO: Run Behavior\ShowPageTraceBehavior [ RunTime:0.000910s ]
INFO: [ app_end ] --END-- [ RunTime:0.000956s ]

[ 2019-10-19T00:27:21+08:00 ] 127.0.0.1 /bsys/index.php/Index/hotspot/list
INFO: [ app_init ] --START--
INFO: Run Behavior\BuildLiteBehavior [ RunTime:0.000008s ]
INFO: [ app_init ] --END-- [ RunTime:0.000640s ]
INFO: [ app_begin ] --START--
INFO: Run Behavior\ReadHtmlCacheBehavior [ RunTime:0.000923s ]
INFO: [ app_begin ] --END-- [ RunTime:0.000955s ]
INFO: [ view_parse ] --START--
INFO: [ template_filter ] --START--
INFO: Run Behavior\ContentReplaceBehavior [ RunTime:0.000141s ]
INFO: [ template_filter ] --END-- [ RunTime:0.000237s ]
INFO: Run Behavior\ParseTemplateBehavior [ RunTime:0.006867s ]
INFO: [ view_parse ] --END-- [ RunTime:0.006905s ]
INFO: [ view_filter ] --START--
INFO: Run Behavior\WriteHtmlCacheBehavior [ RunTime:0.000670s ]
INFO: [ view_filter ] --END-- [ RunTime:0.000693s ]
INFO: [ app_end ] --START--
INFO: Run Behavior\ShowPageTraceBehavior [ RunTime:0.000946s ]
INFO: [ app_end ] --END-- [ RunTime:0.000973s ]

[ 2019-10-19T00:27:39+08:00 ] 127.0.0.1 /bsys/index.php/Index/hotspot/list
INFO: [ app_init ] --START--
INFO: Run Behavior\BuildLiteBehavior [ RunTime:0.000009s ]
INFO: [ app_init ] --END-- [ RunTime:0.000689s ]
INFO: [ app_begin ] --START--
INFO: Run Behavior\ReadHtmlCacheBehavior [ RunTime:0.000880s ]
INFO: [ app_begin ] --END-- [ RunTime:0.000911s ]
INFO: [ view_parse ] --START--
INFO: [ template_filter ] --START--
INFO: Run Behavior\ContentReplaceBehavior [ RunTime:0.000082s ]
INFO: [ template_filter ] --END-- [ RunTime:0.000112s ]
INFO: Run Behavior\ParseTemplateBehavior [ RunTime:0.006161s ]
INFO: [ view_parse ] --END-- [ RunTime:0.006192s ]
INFO: [ view_filter ] --START--
INFO: Run Behavior\WriteHtmlCacheBehavior [ RunTime:0.000649s ]
INFO: [ view_filter ] --END-- [ RunTime:0.000670s ]
INFO: [ app_end ] --START--
INFO: Run Behavior\ShowPageTraceBehavior [ RunTime:0.000985s ]
INFO: [ app_end ] --END-- [ RunTime:0.001023s ]

[ 2019-10-19T00:28:17+08:00 ] 127.0.0.1 /bsys/index.php/Index/hotspot/list
INFO: [ app_init ] --START--
INFO: Run Behavior\BuildLiteBehavior [ RunTime:0.000009s ]
INFO: [ app_init ] --END-- [ RunTime:0.000455s ]
INFO: [ app_begin ] --START--
INFO: Run Behavior\ReadHtmlCacheBehavior [ RunTime:0.000785s ]
INFO: [ app_begin ] --END-- [ RunTime:0.000821s ]
INFO: [ view_parse ] --START--
INFO: [ template_filter ] --START--
INFO: Run Behavior\ContentReplaceBehavior [ RunTime:0.000122s ]
INFO: [ template_filter ] --END-- [ RunTime:0.000159s ]
INFO: Run Behavior\ParseTemplateBehavior [ RunTime:0.006669s ]
INFO: [ view_parse ] --END-- [ RunTime:0.006707s ]
INFO: [ view_filter ] --START--
INFO: Run Behavior\WriteHtmlCacheBehavior [ RunTime:0.000497s ]
INFO: [ view_filter ] --END-- [ RunTime:0.000524s ]
INFO: [ app_end ] --START--
INFO: Run Behavior\ShowPageTraceBehavior [ RunTime:0.000863s ]
INFO: [ app_end ] --END-- [ RunTime:0.000906s ]

[ 2019-10-19T00:28:26+08:00 ] 127.0.0.1 /bsys/index.php/Index/hotspot/list
INFO: [ app_init ] --START--
INFO: Run Behavior\BuildLiteBehavior [ RunTime:0.000013s ]
INFO: [ app_init ] --END-- [ RunTime:0.000548s ]
INFO: [ app_begin ] --START--
INFO: Run Behavior\ReadHtmlCacheBehavior [ RunTime:0.000801s ]
INFO: [ app_begin ] --END-- [ RunTime:0.000877s ]
INFO: [ view_parse ] --START--
INFO: [ template_filter ] --START--
INFO: Run Behavior\ContentReplaceBehavior [ RunTime:0.000082s ]
INFO: [ template_filter ] --END-- [ RunTime:0.000107s ]
INFO: Run Behavior\ParseTemplateBehavior [ RunTime:0.004817s ]
INFO: [ view_parse ] --END-- [ RunTime:0.004843s ]
INFO: [ view_filter ] --START--
INFO: Run Behavior\WriteHtmlCacheBehavior [ RunTime:0.000348s ]
INFO: [ view_filter ] --END-- [ RunTime:0.000368s ]
INFO: [ app_end ] --START--
INFO: Run Behavior\ShowPageTraceBehavior [ RunTime:0.000621s ]
INFO: [ app_end ] --END-- [ RunTime:0.000645s ]

