[ 2019-10-27T08:47:21+08:00 ] 127.0.0.1 /bsys/index.php/Index/Hotspot/list
INFO: [ app_init ] --START--
INFO: Run Behavior\BuildLiteBehavior [ RunTime:0.000013s ]
INFO: [ app_init ] --END-- [ RunTime:0.000676s ]
INFO: [ app_begin ] --START--
INFO: Run Behavior\ReadHtmlCacheBehavior [ RunTime:0.001118s ]
INFO: [ app_begin ] --END-- [ RunTime:0.001155s ]
INFO: [ view_parse ] --START--
INFO: [ template_filter ] --START--
INFO: Run Behavior\ContentReplaceBehavior [ RunTime:0.000074s ]
INFO: [ template_filter ] --END-- [ RunTime:0.000106s ]
INFO: Run Behavior\ParseTemplateBehavior [ RunTime:0.087284s ]
INFO: [ view_parse ] --END-- [ RunTime:0.087321s ]
INFO: [ view_filter ] --START--
INFO: Run Behavior\WriteHtmlCacheBehavior [ RunTime:0.000722s ]
INFO: [ view_filter ] --END-- [ RunTime:0.000746s ]
INFO: [ app_end ] --START--
INFO: Run Behavior\ShowPageTraceBehavior [ RunTime:0.001212s ]
INFO: [ app_end ] --END-- [ RunTime:0.001244s ]

[ 2019-10-27T08:47:21+08:00 ] 127.0.0.1 /bsys/index.php/Index/Hotspot/getHotspotList
INFO: [ app_init ] --START--
INFO: Run Behavior\BuildLiteBehavior [ RunTime:0.000007s ]
INFO: [ app_init ] --END-- [ RunTime:0.000633s ]
INFO: [ app_begin ] --START--
INFO: Run Behavior\ReadHtmlCacheBehavior [ RunTime:0.001074s ]
INFO: [ app_begin ] --END-- [ RunTime:0.001107s ]
SQL: SHOW COLUMNS FROM `ysq_series` [ RunTime:0.0108s ]
NOTIC: [8] Undefined index: series_created_timestamp D:\xampp2\htdocs\bsys\Application\Index\Controller\HotspotController.class.php 第 39 行.
SQL: SELECT * FROM `ysq_series` WHERE `series_status` = 1 AND `is_on_shelves` = 1 ORDER BY series_created_timestamp desc LIMIT 20   [ RunTime:0.0463s ]

[ 2019-10-27T08:47:24+08:00 ] 127.0.0.1 /bsys/index.php/Index/hotspot/play?series_id=4
INFO: [ app_init ] --START--
INFO: Run Behavior\BuildLiteBehavior [ RunTime:0.000007s ]
INFO: [ app_init ] --END-- [ RunTime:0.000683s ]
INFO: [ app_begin ] --START--
INFO: Run Behavior\ReadHtmlCacheBehavior [ RunTime:0.000935s ]
INFO: [ app_begin ] --END-- [ RunTime:0.000963s ]
INFO: [ view_parse ] --START--
INFO: [ template_filter ] --START--
INFO: Run Behavior\ContentReplaceBehavior [ RunTime:0.000082s ]
INFO: [ template_filter ] --END-- [ RunTime:0.000115s ]
INFO: Run Behavior\ParseTemplateBehavior [ RunTime:0.016961s ]
INFO: [ view_parse ] --END-- [ RunTime:0.016997s ]
INFO: [ view_filter ] --START--
INFO: Run Behavior\WriteHtmlCacheBehavior [ RunTime:0.001063s ]
INFO: [ view_filter ] --END-- [ RunTime:0.001110s ]
INFO: [ app_end ] --START--
INFO: Run Behavior\ShowPageTraceBehavior [ RunTime:0.001321s ]
INFO: [ app_end ] --END-- [ RunTime:0.001364s ]

[ 2019-10-27T08:47:24+08:00 ] 127.0.0.1 /bsys/index.php/Index/hotspot/my_video.mp4
INFO: [ app_init ] --START--
INFO: Run Behavior\BuildLiteBehavior [ RunTime:0.000007s ]
INFO: [ app_init ] --END-- [ RunTime:0.000619s ]
INFO: [ app_begin ] --START--
INFO: Run Behavior\ReadHtmlCacheBehavior [ RunTime:0.000941s ]
INFO: [ app_begin ] --END-- [ RunTime:0.000970s ]
ERR: 非法操作:my_video.mp4

[ 2019-10-27T08:47:24+08:00 ] 127.0.0.1 /bsys/index.php/Index/hotspot/my_video.mp4
INFO: [ app_init ] --START--
INFO: Run Behavior\BuildLiteBehavior [ RunTime:0.000008s ]
INFO: [ app_init ] --END-- [ RunTime:0.000659s ]
INFO: [ app_begin ] --START--
INFO: Run Behavior\ReadHtmlCacheBehavior [ RunTime:0.001168s ]
INFO: [ app_begin ] --END-- [ RunTime:0.001197s ]
ERR: 非法操作:my_video.mp4

[ 2019-10-27T08:47:24+08:00 ] 127.0.0.1 /bsys/index.php/Index/Hotspot/getEpisode?series_id=4
INFO: [ app_init ] --START--
INFO: Run Behavior\BuildLiteBehavior [ RunTime:0.000010s ]
INFO: [ app_init ] --END-- [ RunTime:0.000876s ]
INFO: [ app_begin ] --START--
INFO: Run Behavior\ReadHtmlCacheBehavior [ RunTime:0.000977s ]
INFO: [ app_begin ] --END-- [ RunTime:0.001014s ]
SQL: SHOW COLUMNS FROM `ysq_videos` [ RunTime:0.0098s ]
SQL: SHOW COLUMNS FROM `ysq_series` [ RunTime:0.0071s ]
SQL: SELECT * FROM `ysq_videos` WHERE `series_id` = 4 AND `video_status` = 1 ORDER BY video_episode  [ RunTime:0.0004s ]
SQL: SELECT `series_coverpath` FROM `ysq_series` WHERE `series_id` = 4 LIMIT 1   [ RunTime:0.0003s ]
SQL: SELECT `video_upload_timestamp` FROM `ysq_videos` WHERE `series_id` = 4 ORDER BY video_episode desc LIMIT 1   [ RunTime:0.0004s ]
SQL: SELECT `series_title` FROM `ysq_series` WHERE `series_id` = 4 LIMIT 1   [ RunTime:0.0003s ]
SQL: SELECT `series_profile` FROM `ysq_series` WHERE `series_id` = 4 LIMIT 1   [ RunTime:0.0003s ]

[ 2019-10-27T08:47:26+08:00 ] 127.0.0.1 /bsys/index.php/Index/Hotspot/getHotspotList
INFO: [ app_init ] --START--
INFO: Run Behavior\BuildLiteBehavior [ RunTime:0.000012s ]
INFO: [ app_init ] --END-- [ RunTime:0.000997s ]
INFO: [ app_begin ] --START--
INFO: Run Behavior\ReadHtmlCacheBehavior [ RunTime:0.001039s ]
INFO: [ app_begin ] --END-- [ RunTime:0.001081s ]
SQL: SHOW COLUMNS FROM `ysq_series` [ RunTime:0.0082s ]
NOTIC: [8] Undefined index: series_created_timestamp D:\xampp2\htdocs\bsys\Application\Index\Controller\HotspotController.class.php 第 39 行.
SQL: SELECT * FROM `ysq_series` WHERE `series_status` = 1 AND `is_on_shelves` = 1 ORDER BY series_created_timestamp desc LIMIT 20   [ RunTime:0.0005s ]

[ 2019-10-27T08:47:27+08:00 ] 127.0.0.1 /bsys/index.php/Index/hotspot/play?series_id=3
INFO: [ app_init ] --START--
INFO: Run Behavior\BuildLiteBehavior [ RunTime:0.000007s ]
INFO: [ app_init ] --END-- [ RunTime:0.000609s ]
INFO: [ app_begin ] --START--
INFO: Run Behavior\ReadHtmlCacheBehavior [ RunTime:0.000897s ]
INFO: [ app_begin ] --END-- [ RunTime:0.000926s ]
INFO: [ view_parse ] --START--
INFO: [ template_filter ] --START--
INFO: Run Behavior\ContentReplaceBehavior [ RunTime:0.000082s ]
INFO: [ template_filter ] --END-- [ RunTime:0.000115s ]
INFO: Run Behavior\ParseTemplateBehavior [ RunTime:0.008111s ]
INFO: [ view_parse ] --END-- [ RunTime:0.008168s ]
INFO: [ view_filter ] --START--
INFO: Run Behavior\WriteHtmlCacheBehavior [ RunTime:0.000849s ]
INFO: [ view_filter ] --END-- [ RunTime:0.000880s ]
INFO: [ app_end ] --START--
INFO: Run Behavior\ShowPageTraceBehavior [ RunTime:0.001017s ]
INFO: [ app_end ] --END-- [ RunTime:0.001047s ]

[ 2019-10-27T08:47:27+08:00 ] 127.0.0.1 /bsys/index.php/Index/hotspot/my_video.mp4
INFO: [ app_init ] --START--
INFO: Run Behavior\BuildLiteBehavior [ RunTime:0.000014s ]
INFO: [ app_init ] --END-- [ RunTime:0.001101s ]
INFO: [ app_begin ] --START--
INFO: Run Behavior\ReadHtmlCacheBehavior [ RunTime:0.001491s ]
INFO: [ app_begin ] --END-- [ RunTime:0.001562s ]
ERR: 非法操作:my_video.mp4

[ 2019-10-27T08:47:27+08:00 ] 127.0.0.1 /bsys/index.php/Index/hotspot/my_video.mp4
INFO: [ app_init ] --START--
INFO: Run Behavior\BuildLiteBehavior [ RunTime:0.000013s ]
INFO: [ app_init ] --END-- [ RunTime:0.000771s ]
INFO: [ app_begin ] --START--
INFO: Run Behavior\ReadHtmlCacheBehavior [ RunTime:0.001109s ]
INFO: [ app_begin ] --END-- [ RunTime:0.001155s ]
ERR: 非法操作:my_video.mp4

[ 2019-10-27T08:47:27+08:00 ] 127.0.0.1 /bsys/index.php/Index/Hotspot/getEpisode?series_id=3
INFO: [ app_init ] --START--
INFO: Run Behavior\BuildLiteBehavior [ RunTime:0.000009s ]
INFO: [ app_init ] --END-- [ RunTime:0.000693s ]
INFO: [ app_begin ] --START--
INFO: Run Behavior\ReadHtmlCacheBehavior [ RunTime:0.000923s ]
INFO: [ app_begin ] --END-- [ RunTime:0.000952s ]
SQL: SHOW COLUMNS FROM `ysq_videos` [ RunTime:0.0072s ]
SQL: SHOW COLUMNS FROM `ysq_series` [ RunTime:0.0083s ]
SQL: SELECT * FROM `ysq_videos` WHERE `series_id` = 3 AND `video_status` = 1 ORDER BY video_episode  [ RunTime:0.0004s ]
SQL: SELECT `series_coverpath` FROM `ysq_series` WHERE `series_id` = 3 LIMIT 1   [ RunTime:0.0003s ]
SQL: SELECT `video_upload_timestamp` FROM `ysq_videos` WHERE `series_id` = 3 ORDER BY video_episode desc LIMIT 1   [ RunTime:0.0003s ]
SQL: SELECT `series_title` FROM `ysq_series` WHERE `series_id` = 3 LIMIT 1   [ RunTime:0.0003s ]
SQL: SELECT `series_profile` FROM `ysq_series` WHERE `series_id` = 3 LIMIT 1   [ RunTime:0.0002s ]

[ 2019-10-27T08:47:30+08:00 ] 127.0.0.1 /bsys/index.php/Index/Hotspot/getHotspotList
INFO: [ app_init ] --START--
INFO: Run Behavior\BuildLiteBehavior [ RunTime:0.000014s ]
INFO: [ app_init ] --END-- [ RunTime:0.001057s ]
INFO: [ app_begin ] --START--
INFO: Run Behavior\ReadHtmlCacheBehavior [ RunTime:0.001417s ]
INFO: [ app_begin ] --END-- [ RunTime:0.001466s ]
SQL: SHOW COLUMNS FROM `ysq_series` [ RunTime:0.0085s ]
NOTIC: [8] Undefined index: series_created_timestamp D:\xampp2\htdocs\bsys\Application\Index\Controller\HotspotController.class.php 第 39 行.
SQL: SELECT * FROM `ysq_series` WHERE `series_status` = 1 AND `is_on_shelves` = 1 ORDER BY series_created_timestamp desc LIMIT 20   [ RunTime:0.0006s ]

[ 2019-10-27T08:47:30+08:00 ] 127.0.0.1 /bsys/index.php/Index/hotspot/play?series_id=2
INFO: [ app_init ] --START--
INFO: Run Behavior\BuildLiteBehavior [ RunTime:0.000010s ]
INFO: [ app_init ] --END-- [ RunTime:0.000771s ]
INFO: [ app_begin ] --START--
INFO: Run Behavior\ReadHtmlCacheBehavior [ RunTime:0.001088s ]
INFO: [ app_begin ] --END-- [ RunTime:0.001134s ]
INFO: [ view_parse ] --START--
INFO: [ template_filter ] --START--
INFO: Run Behavior\ContentReplaceBehavior [ RunTime:0.000093s ]
INFO: [ template_filter ] --END-- [ RunTime:0.000136s ]
INFO: Run Behavior\ParseTemplateBehavior [ RunTime:0.007693s ]
INFO: [ view_parse ] --END-- [ RunTime:0.007730s ]
INFO: [ view_filter ] --START--
INFO: Run Behavior\WriteHtmlCacheBehavior [ RunTime:0.000738s ]
INFO: [ view_filter ] --END-- [ RunTime:0.000761s ]
INFO: [ app_end ] --START--
INFO: Run Behavior\ShowPageTraceBehavior [ RunTime:0.001021s ]
INFO: [ app_end ] --END-- [ RunTime:0.001067s ]

[ 2019-10-27T08:47:30+08:00 ] 127.0.0.1 /bsys/index.php/Index/hotspot/my_video.mp4
INFO: [ app_init ] --START--
INFO: Run Behavior\BuildLiteBehavior [ RunTime:0.000008s ]
INFO: [ app_init ] --END-- [ RunTime:0.000690s ]
INFO: [ app_begin ] --START--
INFO: Run Behavior\ReadHtmlCacheBehavior [ RunTime:0.001230s ]
INFO: [ app_begin ] --END-- [ RunTime:0.001277s ]
ERR: 非法操作:my_video.mp4

[ 2019-10-27T08:47:30+08:00 ] 127.0.0.1 /bsys/index.php/Index/hotspot/my_video.mp4
INFO: [ app_init ] --START--
INFO: Run Behavior\BuildLiteBehavior [ RunTime:0.000008s ]
INFO: [ app_init ] --END-- [ RunTime:0.000639s ]
INFO: [ app_begin ] --START--
INFO: Run Behavior\ReadHtmlCacheBehavior [ RunTime:0.000883s ]
INFO: [ app_begin ] --END-- [ RunTime:0.000909s ]
ERR: 非法操作:my_video.mp4

[ 2019-10-27T08:47:30+08:00 ] 127.0.0.1 /bsys/index.php/Index/Hotspot/getEpisode?series_id=2
INFO: [ app_init ] --START--
INFO: Run Behavior\BuildLiteBehavior [ RunTime:0.000011s ]
INFO: [ app_init ] --END-- [ RunTime:0.000680s ]
INFO: [ app_begin ] --START--
INFO: Run Behavior\ReadHtmlCacheBehavior [ RunTime:0.000926s ]
INFO: [ app_begin ] --END-- [ RunTime:0.000952s ]
SQL: SHOW COLUMNS FROM `ysq_videos` [ RunTime:0.0074s ]
SQL: SHOW COLUMNS FROM `ysq_series` [ RunTime:0.0069s ]
SQL: SELECT * FROM `ysq_videos` WHERE `series_id` = 2 AND `video_status` = 1 ORDER BY video_episode  [ RunTime:0.0004s ]
SQL: SELECT `series_coverpath` FROM `ysq_series` WHERE `series_id` = 2 LIMIT 1   [ RunTime:0.0002s ]
SQL: SELECT `video_upload_timestamp` FROM `ysq_videos` WHERE `series_id` = 2 ORDER BY video_episode desc LIMIT 1   [ RunTime:0.0002s ]
SQL: SELECT `series_title` FROM `ysq_series` WHERE `series_id` = 2 LIMIT 1   [ RunTime:0.0002s ]
SQL: SELECT `series_profile` FROM `ysq_series` WHERE `series_id` = 2 LIMIT 1   [ RunTime:0.0002s ]

[ 2019-10-27T08:47:36+08:00 ] 127.0.0.1 /bsys/index.php/Index/Hotspot/getHotspotList
INFO: [ app_init ] --START--
INFO: Run Behavior\BuildLiteBehavior [ RunTime:0.000012s ]
INFO: [ app_init ] --END-- [ RunTime:0.001285s ]
INFO: [ app_begin ] --START--
INFO: Run Behavior\ReadHtmlCacheBehavior [ RunTime:0.002316s ]
INFO: [ app_begin ] --END-- [ RunTime:0.002374s ]
SQL: SHOW COLUMNS FROM `ysq_series` [ RunTime:0.0065s ]
NOTIC: [8] Undefined index: series_created_timestamp D:\xampp2\htdocs\bsys\Application\Index\Controller\HotspotController.class.php 第 39 行.
SQL: SELECT * FROM `ysq_series` WHERE `series_status` = 1 AND `is_on_shelves` = 1 ORDER BY series_created_timestamp desc LIMIT 20   [ RunTime:0.0004s ]

[ 2019-10-27T08:47:37+08:00 ] 127.0.0.1 /bsys/index.php/Index/hotspot/play?series_id=3
INFO: [ app_init ] --START--
INFO: Run Behavior\BuildLiteBehavior [ RunTime:0.000011s ]
INFO: [ app_init ] --END-- [ RunTime:0.000863s ]
INFO: [ app_begin ] --START--
INFO: Run Behavior\ReadHtmlCacheBehavior [ RunTime:0.000925s ]
INFO: [ app_begin ] --END-- [ RunTime:0.000954s ]
INFO: [ view_parse ] --START--
INFO: [ template_filter ] --START--
INFO: Run Behavior\ContentReplaceBehavior [ RunTime:0.000086s ]
INFO: [ template_filter ] --END-- [ RunTime:0.000124s ]
INFO: Run Behavior\ParseTemplateBehavior [ RunTime:0.010776s ]
INFO: [ view_parse ] --END-- [ RunTime:0.010813s ]
INFO: [ view_filter ] --START--
INFO: Run Behavior\WriteHtmlCacheBehavior [ RunTime:0.001197s ]
INFO: [ view_filter ] --END-- [ RunTime:0.001226s ]
INFO: [ app_end ] --START--
INFO: Run Behavior\ShowPageTraceBehavior [ RunTime:0.001763s ]
INFO: [ app_end ] --END-- [ RunTime:0.001805s ]

[ 2019-10-27T08:47:37+08:00 ] 127.0.0.1 /bsys/index.php/Index/hotspot/my_video.mp4
INFO: [ app_init ] --START--
INFO: Run Behavior\BuildLiteBehavior [ RunTime:0.000016s ]
INFO: [ app_init ] --END-- [ RunTime:0.001066s ]
INFO: [ app_begin ] --START--
INFO: Run Behavior\ReadHtmlCacheBehavior [ RunTime:0.001614s ]
INFO: [ app_begin ] --END-- [ RunTime:0.001688s ]
ERR: 非法操作:my_video.mp4

[ 2019-10-27T08:47:37+08:00 ] 127.0.0.1 /bsys/index.php/Index/hotspot/my_video.mp4
INFO: [ app_init ] --START--
INFO: Run Behavior\BuildLiteBehavior [ RunTime:0.000008s ]
INFO: [ app_init ] --END-- [ RunTime:0.000655s ]
INFO: [ app_begin ] --START--
INFO: Run Behavior\ReadHtmlCacheBehavior [ RunTime:0.001044s ]
INFO: [ app_begin ] --END-- [ RunTime:0.001088s ]
ERR: 非法操作:my_video.mp4

[ 2019-10-27T08:47:37+08:00 ] 127.0.0.1 /bsys/index.php/Index/Hotspot/getEpisode?series_id=3
INFO: [ app_init ] --START--
INFO: Run Behavior\BuildLiteBehavior [ RunTime:0.000008s ]
INFO: [ app_init ] --END-- [ RunTime:0.000673s ]
INFO: [ app_begin ] --START--
INFO: Run Behavior\ReadHtmlCacheBehavior [ RunTime:0.000881s ]
INFO: [ app_begin ] --END-- [ RunTime:0.000906s ]
SQL: SHOW COLUMNS FROM `ysq_videos` [ RunTime:0.0074s ]
SQL: SHOW COLUMNS FROM `ysq_series` [ RunTime:0.0074s ]
SQL: SELECT * FROM `ysq_videos` WHERE `series_id` = 3 AND `video_status` = 1 ORDER BY video_episode  [ RunTime:0.0004s ]
SQL: SELECT `series_coverpath` FROM `ysq_series` WHERE `series_id` = 3 LIMIT 1   [ RunTime:0.0003s ]
SQL: SELECT `video_upload_timestamp` FROM `ysq_videos` WHERE `series_id` = 3 ORDER BY video_episode desc LIMIT 1   [ RunTime:0.0003s ]
SQL: SELECT `series_title` FROM `ysq_series` WHERE `series_id` = 3 LIMIT 1   [ RunTime:0.0002s ]
SQL: SELECT `series_profile` FROM `ysq_series` WHERE `series_id` = 3 LIMIT 1   [ RunTime:0.0002s ]

[ 2019-10-27T10:08:26+08:00 ] 127.0.0.1 /bsys/index.php/Index/hotspot/list
INFO: [ app_init ] --START--
INFO: Run Behavior\BuildLiteBehavior [ RunTime:0.000012s ]
INFO: [ app_init ] --END-- [ RunTime:0.000937s ]
INFO: [ app_begin ] --START--
INFO: Run Behavior\ReadHtmlCacheBehavior [ RunTime:0.001769s ]
INFO: [ app_begin ] --END-- [ RunTime:0.001824s ]
INFO: [ view_parse ] --START--
INFO: [ template_filter ] --START--
INFO: Run Behavior\ContentReplaceBehavior [ RunTime:0.000079s ]
INFO: [ template_filter ] --END-- [ RunTime:0.000111s ]
INFO: Run Behavior\ParseTemplateBehavior [ RunTime:0.010012s ]
INFO: [ view_parse ] --END-- [ RunTime:0.010057s ]
INFO: [ view_filter ] --START--
INFO: Run Behavior\WriteHtmlCacheBehavior [ RunTime:0.001911s ]
INFO: [ view_filter ] --END-- [ RunTime:0.001950s ]
INFO: [ app_end ] --START--
INFO: Run Behavior\ShowPageTraceBehavior [ RunTime:0.001880s ]
INFO: [ app_end ] --END-- [ RunTime:0.001934s ]

[ 2019-10-27T10:08:26+08:00 ] 127.0.0.1 /bsys/index.php/Index/Hotspot/getHotspotList
INFO: [ app_init ] --START--
INFO: Run Behavior\BuildLiteBehavior [ RunTime:0.000007s ]
INFO: [ app_init ] --END-- [ RunTime:0.000799s ]
INFO: [ app_begin ] --START--
INFO: Run Behavior\ReadHtmlCacheBehavior [ RunTime:0.000895s ]
INFO: [ app_begin ] --END-- [ RunTime:0.000924s ]
SQL: SHOW COLUMNS FROM `ysq_series` [ RunTime:0.0093s ]
NOTIC: [8] Undefined index: series_created_timestamp D:\xampp2\htdocs\bsys\Application\Index\Controller\HotspotController.class.php 第 39 行.
SQL: SELECT * FROM `ysq_series` WHERE `series_status` = 1 AND `is_on_shelves` = 1 ORDER BY series_created_timestamp desc LIMIT 20   [ RunTime:0.0008s ]

[ 2019-10-27T10:08:44+08:00 ] 127.0.0.1 /bsys/index.php/Index/hotspot/play?series_id=4
INFO: [ app_init ] --START--
INFO: Run Behavior\BuildLiteBehavior [ RunTime:0.000012s ]
INFO: [ app_init ] --END-- [ RunTime:0.000921s ]
INFO: [ app_begin ] --START--
INFO: Run Behavior\ReadHtmlCacheBehavior [ RunTime:0.002459s ]
INFO: [ app_begin ] --END-- [ RunTime:0.002506s ]
INFO: [ view_parse ] --START--
INFO: [ template_filter ] --START--
INFO: Run Behavior\ContentReplaceBehavior [ RunTime:0.000090s ]
INFO: [ template_filter ] --END-- [ RunTime:0.000122s ]
INFO: Run Behavior\ParseTemplateBehavior [ RunTime:0.010468s ]
INFO: [ view_parse ] --END-- [ RunTime:0.010516s ]
INFO: [ view_filter ] --START--
INFO: Run Behavior\WriteHtmlCacheBehavior [ RunTime:0.001777s ]
INFO: [ view_filter ] --END-- [ RunTime:0.001838s ]
INFO: [ app_end ] --START--
INFO: Run Behavior\ShowPageTraceBehavior [ RunTime:0.001521s ]
INFO: [ app_end ] --END-- [ RunTime:0.001556s ]

[ 2019-10-27T10:08:44+08:00 ] 127.0.0.1 /bsys/index.php/Index/hotspot/my_video.mp4
INFO: [ app_init ] --START--
INFO: Run Behavior\BuildLiteBehavior [ RunTime:0.000011s ]
INFO: [ app_init ] --END-- [ RunTime:0.000754s ]
INFO: [ app_begin ] --START--
INFO: Run Behavior\ReadHtmlCacheBehavior [ RunTime:0.001605s ]
INFO: [ app_begin ] --END-- [ RunTime:0.001677s ]
ERR: 非法操作:my_video.mp4

[ 2019-10-27T10:08:44+08:00 ] 127.0.0.1 /bsys/index.php/Index/hotspot/my_video.mp4
INFO: [ app_init ] --START--
INFO: Run Behavior\BuildLiteBehavior [ RunTime:0.000008s ]
INFO: [ app_init ] --END-- [ RunTime:0.000657s ]
INFO: [ app_begin ] --START--
INFO: Run Behavior\ReadHtmlCacheBehavior [ RunTime:0.000926s ]
INFO: [ app_begin ] --END-- [ RunTime:0.000970s ]
ERR: 非法操作:my_video.mp4

[ 2019-10-27T10:08:44+08:00 ] 127.0.0.1 /bsys/index.php/Index/Hotspot/getEpisode?series_id=4
INFO: [ app_init ] --START--
INFO: Run Behavior\BuildLiteBehavior [ RunTime:0.000012s ]
INFO: [ app_init ] --END-- [ RunTime:0.000920s ]
INFO: [ app_begin ] --START--
INFO: Run Behavior\ReadHtmlCacheBehavior [ RunTime:0.001276s ]
INFO: [ app_begin ] --END-- [ RunTime:0.001320s ]
SQL: SHOW COLUMNS FROM `ysq_videos` [ RunTime:0.0070s ]
SQL: SHOW COLUMNS FROM `ysq_series` [ RunTime:0.0077s ]
SQL: SELECT * FROM `ysq_videos` WHERE `series_id` = 4 AND `video_status` = 1 ORDER BY video_episode  [ RunTime:0.0006s ]
SQL: SELECT `series_coverpath` FROM `ysq_series` WHERE `series_id` = 4 LIMIT 1   [ RunTime:0.0003s ]
SQL: SELECT `video_upload_timestamp` FROM `ysq_videos` WHERE `series_id` = 4 ORDER BY video_episode desc LIMIT 1   [ RunTime:0.0003s ]
SQL: SELECT `series_title` FROM `ysq_series` WHERE `series_id` = 4 LIMIT 1   [ RunTime:0.0002s ]
SQL: SELECT `series_profile` FROM `ysq_series` WHERE `series_id` = 4 LIMIT 1   [ RunTime:0.0002s ]

[ 2019-10-27T10:08:46+08:00 ] 127.0.0.1 /bsys/index.php/Index/Hotspot/getHotspotList
INFO: [ app_init ] --START--
INFO: Run Behavior\BuildLiteBehavior [ RunTime:0.000011s ]
INFO: [ app_init ] --END-- [ RunTime:0.000791s ]
INFO: [ app_begin ] --START--
INFO: Run Behavior\ReadHtmlCacheBehavior [ RunTime:0.001848s ]
INFO: [ app_begin ] --END-- [ RunTime:0.001954s ]
SQL: SHOW COLUMNS FROM `ysq_series` [ RunTime:0.0080s ]
NOTIC: [8] Undefined index: series_created_timestamp D:\xampp2\htdocs\bsys\Application\Index\Controller\HotspotController.class.php 第 39 行.
SQL: SELECT * FROM `ysq_series` WHERE `series_status` = 1 AND `is_on_shelves` = 1 ORDER BY series_created_timestamp desc LIMIT 20   [ RunTime:0.0005s ]

[ 2019-10-27T10:33:49+08:00 ] 127.0.0.1 /bsys/index.php/Index/hotspot/list
INFO: [ app_init ] --START--
INFO: Run Behavior\BuildLiteBehavior [ RunTime:0.000009s ]
INFO: [ app_init ] --END-- [ RunTime:0.000873s ]
INFO: [ app_begin ] --START--
INFO: Run Behavior\ReadHtmlCacheBehavior [ RunTime:0.001370s ]
INFO: [ app_begin ] --END-- [ RunTime:0.001404s ]
INFO: [ view_parse ] --START--
INFO: [ template_filter ] --START--
INFO: Run Behavior\ContentReplaceBehavior [ RunTime:0.000080s ]
INFO: [ template_filter ] --END-- [ RunTime:0.000114s ]
INFO: Run Behavior\ParseTemplateBehavior [ RunTime:0.011152s ]
INFO: [ view_parse ] --END-- [ RunTime:0.011204s ]
INFO: [ view_filter ] --START--
INFO: Run Behavior\WriteHtmlCacheBehavior [ RunTime:0.001188s ]
INFO: [ view_filter ] --END-- [ RunTime:0.001214s ]
INFO: [ app_end ] --START--
INFO: Run Behavior\ShowPageTraceBehavior [ RunTime:0.001510s ]
INFO: [ app_end ] --END-- [ RunTime:0.001541s ]

[ 2019-10-27T10:33:50+08:00 ] 127.0.0.1 /bsys/index.php/Index/Hotspot/getHotspotList
INFO: [ app_init ] --START--
INFO: Run Behavior\BuildLiteBehavior [ RunTime:0.000015s ]
INFO: [ app_init ] --END-- [ RunTime:0.001097s ]
INFO: [ app_begin ] --START--
INFO: Run Behavior\ReadHtmlCacheBehavior [ RunTime:0.000962s ]
INFO: [ app_begin ] --END-- [ RunTime:0.000992s ]
SQL: SHOW COLUMNS FROM `ysq_series` [ RunTime:0.0087s ]
NOTIC: [8] Undefined index: series_created_timestamp D:\xampp2\htdocs\bsys\Application\Index\Controller\HotspotController.class.php 第 39 行.
SQL: SELECT * FROM `ysq_series` WHERE `series_status` = 1 AND `is_on_shelves` = 1 ORDER BY series_created_timestamp desc LIMIT 20   [ RunTime:0.0006s ]

[ 2019-10-27T10:33:51+08:00 ] 127.0.0.1 /bsys/index.php/Index/hotspot/play?series_id=4
INFO: [ app_init ] --START--
INFO: Run Behavior\BuildLiteBehavior [ RunTime:0.000010s ]
INFO: [ app_init ] --END-- [ RunTime:0.000691s ]
INFO: [ app_begin ] --START--
INFO: Run Behavior\ReadHtmlCacheBehavior [ RunTime:0.001071s ]
INFO: [ app_begin ] --END-- [ RunTime:0.001107s ]
INFO: [ view_parse ] --START--
INFO: [ template_filter ] --START--
INFO: Run Behavior\ContentReplaceBehavior [ RunTime:0.000096s ]
INFO: [ template_filter ] --END-- [ RunTime:0.000146s ]
INFO: Run Behavior\ParseTemplateBehavior [ RunTime:0.008930s ]
INFO: [ view_parse ] --END-- [ RunTime:0.008973s ]
INFO: [ view_filter ] --START--
INFO: Run Behavior\WriteHtmlCacheBehavior [ RunTime:0.000781s ]
INFO: [ view_filter ] --END-- [ RunTime:0.000807s ]
INFO: [ app_end ] --START--
INFO: Run Behavior\ShowPageTraceBehavior [ RunTime:0.001462s ]
INFO: [ app_end ] --END-- [ RunTime:0.001516s ]

[ 2019-10-27T10:33:51+08:00 ] 127.0.0.1 /bsys/index.php/Index/hotspot/my_video.mp4
INFO: [ app_init ] --START--
INFO: Run Behavior\BuildLiteBehavior [ RunTime:0.000012s ]
INFO: [ app_init ] --END-- [ RunTime:0.000912s ]
INFO: [ app_begin ] --START--
INFO: Run Behavior\ReadHtmlCacheBehavior [ RunTime:0.000930s ]
INFO: [ app_begin ] --END-- [ RunTime:0.000961s ]
ERR: 非法操作:my_video.mp4

[ 2019-10-27T10:33:51+08:00 ] 127.0.0.1 /bsys/index.php/Index/hotspot/my_video.mp4
INFO: [ app_init ] --START--
INFO: Run Behavior\BuildLiteBehavior [ RunTime:0.000008s ]
INFO: [ app_init ] --END-- [ RunTime:0.000620s ]
INFO: [ app_begin ] --START--
INFO: Run Behavior\ReadHtmlCacheBehavior [ RunTime:0.000886s ]
INFO: [ app_begin ] --END-- [ RunTime:0.000914s ]
ERR: 非法操作:my_video.mp4

[ 2019-10-27T10:33:51+08:00 ] 127.0.0.1 /bsys/index.php/Index/Hotspot/getEpisode?series_id=4
INFO: [ app_init ] --START--
INFO: Run Behavior\BuildLiteBehavior [ RunTime:0.000009s ]
INFO: [ app_init ] --END-- [ RunTime:0.000927s ]
INFO: [ app_begin ] --START--
INFO: Run Behavior\ReadHtmlCacheBehavior [ RunTime:0.000910s ]
INFO: [ app_begin ] --END-- [ RunTime:0.000938s ]
SQL: SHOW COLUMNS FROM `ysq_videos` [ RunTime:0.0119s ]
SQL: SHOW COLUMNS FROM `ysq_series` [ RunTime:0.0323s ]
SQL: SELECT * FROM `ysq_videos` WHERE `series_id` = 4 AND `video_status` = 1 ORDER BY video_episode  [ RunTime:0.0005s ]
SQL: SELECT `series_coverpath` FROM `ysq_series` WHERE `series_id` = 4 LIMIT 1   [ RunTime:0.0003s ]
SQL: SELECT `video_upload_timestamp` FROM `ysq_videos` WHERE `series_id` = 4 ORDER BY video_episode desc LIMIT 1   [ RunTime:0.0003s ]
SQL: SELECT `series_title` FROM `ysq_series` WHERE `series_id` = 4 LIMIT 1   [ RunTime:0.0003s ]
SQL: SELECT `series_profile` FROM `ysq_series` WHERE `series_id` = 4 LIMIT 1   [ RunTime:0.0003s ]

[ 2019-10-27T10:35:11+08:00 ] 127.0.0.1 /bsys/index.php/Index/hotspot/list
INFO: [ app_init ] --START--
INFO: Run Behavior\BuildLiteBehavior [ RunTime:0.000013s ]
INFO: [ app_init ] --END-- [ RunTime:0.000855s ]
INFO: [ app_begin ] --START--
INFO: Run Behavior\ReadHtmlCacheBehavior [ RunTime:0.001153s ]
INFO: [ app_begin ] --END-- [ RunTime:0.001195s ]
INFO: [ view_parse ] --START--
INFO: [ template_filter ] --START--
INFO: Run Behavior\ContentReplaceBehavior [ RunTime:0.000102s ]
INFO: [ template_filter ] --END-- [ RunTime:0.000156s ]
INFO: Run Behavior\ParseTemplateBehavior [ RunTime:0.011236s ]
INFO: [ view_parse ] --END-- [ RunTime:0.011299s ]
INFO: [ view_filter ] --START--
INFO: Run Behavior\WriteHtmlCacheBehavior [ RunTime:0.001336s ]
INFO: [ view_filter ] --END-- [ RunTime:0.001388s ]
INFO: [ app_end ] --START--
INFO: Run Behavior\ShowPageTraceBehavior [ RunTime:0.001711s ]
INFO: [ app_end ] --END-- [ RunTime:0.001778s ]

[ 2019-10-27T10:35:11+08:00 ] 127.0.0.1 /bsys/index.php/Index/Hotspot/getHotspotList
INFO: [ app_init ] --START--
INFO: Run Behavior\BuildLiteBehavior [ RunTime:0.000008s ]
INFO: [ app_init ] --END-- [ RunTime:0.000656s ]
INFO: [ app_begin ] --START--
INFO: Run Behavior\ReadHtmlCacheBehavior [ RunTime:0.001304s ]
INFO: [ app_begin ] --END-- [ RunTime:0.001355s ]
SQL: SHOW COLUMNS FROM `ysq_series` [ RunTime:0.0084s ]
NOTIC: [8] Undefined index: series_created_timestamp D:\xampp2\htdocs\bsys\Application\Index\Controller\HotspotController.class.php 第 39 行.
SQL: SELECT * FROM `ysq_series` WHERE `series_status` = 1 AND `is_on_shelves` = 1 ORDER BY series_created_timestamp desc LIMIT 20   [ RunTime:0.0004s ]

[ 2019-10-27T10:35:12+08:00 ] 127.0.0.1 /bsys/index.php/Index/hotspot/play?series_id=3
INFO: [ app_init ] --START--
INFO: Run Behavior\BuildLiteBehavior [ RunTime:0.000013s ]
INFO: [ app_init ] --END-- [ RunTime:0.000961s ]
INFO: [ app_begin ] --START--
INFO: Run Behavior\ReadHtmlCacheBehavior [ RunTime:0.001511s ]
INFO: [ app_begin ] --END-- [ RunTime:0.001571s ]
INFO: [ view_parse ] --START--
INFO: [ template_filter ] --START--
INFO: Run Behavior\ContentReplaceBehavior [ RunTime:0.000237s ]
INFO: [ template_filter ] --END-- [ RunTime:0.000330s ]
INFO: Run Behavior\ParseTemplateBehavior [ RunTime:0.012163s ]
INFO: [ view_parse ] --END-- [ RunTime:0.012220s ]
INFO: [ view_filter ] --START--
INFO: Run Behavior\WriteHtmlCacheBehavior [ RunTime:0.001051s ]
INFO: [ view_filter ] --END-- [ RunTime:0.001088s ]
INFO: [ app_end ] --START--
INFO: Run Behavior\ShowPageTraceBehavior [ RunTime:0.001812s ]
INFO: [ app_end ] --END-- [ RunTime:0.001862s ]

[ 2019-10-27T10:35:13+08:00 ] 127.0.0.1 /bsys/index.php/Index/hotspot/my_video.mp4
INFO: [ app_init ] --START--
INFO: Run Behavior\BuildLiteBehavior [ RunTime:0.000010s ]
INFO: [ app_init ] --END-- [ RunTime:0.000864s ]
INFO: [ app_begin ] --START--
INFO: Run Behavior\ReadHtmlCacheBehavior [ RunTime:0.001389s ]
INFO: [ app_begin ] --END-- [ RunTime:0.001439s ]
ERR: 非法操作:my_video.mp4

[ 2019-10-27T10:35:13+08:00 ] 127.0.0.1 /bsys/index.php/Index/hotspot/my_video.mp4
INFO: [ app_init ] --START--
INFO: Run Behavior\BuildLiteBehavior [ RunTime:0.000008s ]
INFO: [ app_init ] --END-- [ RunTime:0.000721s ]
INFO: [ app_begin ] --START--
INFO: Run Behavior\ReadHtmlCacheBehavior [ RunTime:0.000893s ]
INFO: [ app_begin ] --END-- [ RunTime:0.000920s ]
ERR: 非法操作:my_video.mp4

[ 2019-10-27T10:35:13+08:00 ] 127.0.0.1 /bsys/index.php/Index/Hotspot/getEpisode?series_id=3
INFO: [ app_init ] --START--
INFO: Run Behavior\BuildLiteBehavior [ RunTime:0.000010s ]
INFO: [ app_init ] --END-- [ RunTime:0.000968s ]
INFO: [ app_begin ] --START--
INFO: Run Behavior\ReadHtmlCacheBehavior [ RunTime:0.001103s ]
INFO: [ app_begin ] --END-- [ RunTime:0.001136s ]
SQL: SHOW COLUMNS FROM `ysq_videos` [ RunTime:0.0075s ]
SQL: SHOW COLUMNS FROM `ysq_series` [ RunTime:0.0081s ]
SQL: SELECT * FROM `ysq_videos` WHERE `series_id` = 3 AND `video_status` = 1 ORDER BY video_episode  [ RunTime:0.0005s ]
SQL: SELECT `series_coverpath` FROM `ysq_series` WHERE `series_id` = 3 LIMIT 1   [ RunTime:0.0003s ]
SQL: SELECT `video_upload_timestamp` FROM `ysq_videos` WHERE `series_id` = 3 ORDER BY video_episode desc LIMIT 1   [ RunTime:0.0003s ]
SQL: SELECT `series_title` FROM `ysq_series` WHERE `series_id` = 3 LIMIT 1   [ RunTime:0.0003s ]
SQL: SELECT `series_profile` FROM `ysq_series` WHERE `series_id` = 3 LIMIT 1   [ RunTime:0.0003s ]

[ 2019-10-27T10:35:23+08:00 ] 127.0.0.1 /bsys/index.php/Index/hotspot/list
INFO: [ app_init ] --START--
INFO: Run Behavior\BuildLiteBehavior [ RunTime:0.000009s ]
INFO: [ app_init ] --END-- [ RunTime:0.000953s ]
INFO: [ app_begin ] --START--
INFO: Run Behavior\ReadHtmlCacheBehavior [ RunTime:0.001661s ]
INFO: [ app_begin ] --END-- [ RunTime:0.001708s ]
INFO: [ view_parse ] --START--
INFO: [ template_filter ] --START--
INFO: Run Behavior\ContentReplaceBehavior [ RunTime:0.000074s ]
INFO: [ template_filter ] --END-- [ RunTime:0.000109s ]
INFO: Run Behavior\ParseTemplateBehavior [ RunTime:0.010051s ]
INFO: [ view_parse ] --END-- [ RunTime:0.010095s ]
INFO: [ view_filter ] --START--
INFO: Run Behavior\WriteHtmlCacheBehavior [ RunTime:0.001111s ]
INFO: [ view_filter ] --END-- [ RunTime:0.001135s ]
INFO: [ app_end ] --START--
INFO: Run Behavior\ShowPageTraceBehavior [ RunTime:0.001341s ]
INFO: [ app_end ] --END-- [ RunTime:0.001371s ]

[ 2019-10-27T10:35:23+08:00 ] 127.0.0.1 /bsys/index.php/Index/Hotspot/getHotspotList
INFO: [ app_init ] --START--
INFO: Run Behavior\BuildLiteBehavior [ RunTime:0.000013s ]
INFO: [ app_init ] --END-- [ RunTime:0.001091s ]
INFO: [ app_begin ] --START--
INFO: Run Behavior\ReadHtmlCacheBehavior [ RunTime:0.002000s ]
INFO: [ app_begin ] --END-- [ RunTime:0.002051s ]
SQL: SHOW COLUMNS FROM `ysq_series` [ RunTime:0.0105s ]
NOTIC: [8] Undefined index: series_created_timestamp D:\xampp2\htdocs\bsys\Application\Index\Controller\HotspotController.class.php 第 39 行.
SQL: SELECT * FROM `ysq_series` WHERE `series_status` = 1 AND `is_on_shelves` = 1 ORDER BY series_created_timestamp desc LIMIT 20   [ RunTime:0.0007s ]

[ 2019-10-27T10:35:24+08:00 ] 127.0.0.1 /bsys/index.php/Index/hotspot/play?series_id=2
INFO: [ app_init ] --START--
INFO: Run Behavior\BuildLiteBehavior [ RunTime:0.000009s ]
INFO: [ app_init ] --END-- [ RunTime:0.000684s ]
INFO: [ app_begin ] --START--
INFO: Run Behavior\ReadHtmlCacheBehavior [ RunTime:0.000954s ]
INFO: [ app_begin ] --END-- [ RunTime:0.000992s ]
INFO: [ view_parse ] --START--
INFO: [ template_filter ] --START--
INFO: Run Behavior\ContentReplaceBehavior [ RunTime:0.000084s ]
INFO: [ template_filter ] --END-- [ RunTime:0.000116s ]
INFO: Run Behavior\ParseTemplateBehavior [ RunTime:0.009613s ]
INFO: [ view_parse ] --END-- [ RunTime:0.009664s ]
INFO: [ view_filter ] --START--
INFO: Run Behavior\WriteHtmlCacheBehavior [ RunTime:0.000927s ]
INFO: [ view_filter ] --END-- [ RunTime:0.000965s ]
INFO: [ app_end ] --START--
INFO: Run Behavior\ShowPageTraceBehavior [ RunTime:0.001120s ]
INFO: [ app_end ] --END-- [ RunTime:0.001161s ]

[ 2019-10-27T10:35:25+08:00 ] 127.0.0.1 /bsys/index.php/Index/hotspot/my_video.mp4
INFO: [ app_init ] --START--
INFO: Run Behavior\BuildLiteBehavior [ RunTime:0.000008s ]
INFO: [ app_init ] --END-- [ RunTime:0.000652s ]
INFO: [ app_begin ] --START--
INFO: Run Behavior\ReadHtmlCacheBehavior [ RunTime:0.001022s ]
INFO: [ app_begin ] --END-- [ RunTime:0.001061s ]
ERR: 非法操作:my_video.mp4

[ 2019-10-27T10:35:25+08:00 ] 127.0.0.1 /bsys/index.php/Index/hotspot/my_video.mp4
INFO: [ app_init ] --START--
INFO: Run Behavior\BuildLiteBehavior [ RunTime:0.000008s ]
INFO: [ app_init ] --END-- [ RunTime:0.000619s ]
INFO: [ app_begin ] --START--
INFO: Run Behavior\ReadHtmlCacheBehavior [ RunTime:0.000883s ]
INFO: [ app_begin ] --END-- [ RunTime:0.000911s ]
ERR: 非法操作:my_video.mp4

[ 2019-10-27T10:35:25+08:00 ] 127.0.0.1 /bsys/index.php/Index/Hotspot/getEpisode?series_id=2
INFO: [ app_init ] --START--
INFO: Run Behavior\BuildLiteBehavior [ RunTime:0.000013s ]
INFO: [ app_init ] --END-- [ RunTime:0.000793s ]
INFO: [ app_begin ] --START--
INFO: Run Behavior\ReadHtmlCacheBehavior [ RunTime:0.000929s ]
INFO: [ app_begin ] --END-- [ RunTime:0.000958s ]
SQL: SHOW COLUMNS FROM `ysq_videos` [ RunTime:0.0077s ]
SQL: SHOW COLUMNS FROM `ysq_series` [ RunTime:0.0085s ]
SQL: SELECT * FROM `ysq_videos` WHERE `series_id` = 2 AND `video_status` = 1 ORDER BY video_episode  [ RunTime:0.0005s ]
SQL: SELECT `series_coverpath` FROM `ysq_series` WHERE `series_id` = 2 LIMIT 1   [ RunTime:0.0002s ]
SQL: SELECT `video_upload_timestamp` FROM `ysq_videos` WHERE `series_id` = 2 ORDER BY video_episode desc LIMIT 1   [ RunTime:0.0003s ]
SQL: SELECT `series_title` FROM `ysq_series` WHERE `series_id` = 2 LIMIT 1   [ RunTime:0.0002s ]
SQL: SELECT `series_profile` FROM `ysq_series` WHERE `series_id` = 2 LIMIT 1   [ RunTime:0.0002s ]

[ 2019-10-27T10:35:26+08:00 ] 127.0.0.1 /bsys/index.php/Index/hotspot/list
INFO: [ app_init ] --START--
INFO: Run Behavior\BuildLiteBehavior [ RunTime:0.000015s ]
INFO: [ app_init ] --END-- [ RunTime:0.000795s ]
INFO: [ app_begin ] --START--
INFO: Run Behavior\ReadHtmlCacheBehavior [ RunTime:0.001333s ]
INFO: [ app_begin ] --END-- [ RunTime:0.001386s ]
INFO: [ view_parse ] --START--
INFO: [ template_filter ] --START--
INFO: Run Behavior\ContentReplaceBehavior [ RunTime:0.000111s ]
INFO: [ template_filter ] --END-- [ RunTime:0.000172s ]
INFO: Run Behavior\ParseTemplateBehavior [ RunTime:0.011287s ]
INFO: [ view_parse ] --END-- [ RunTime:0.011340s ]
INFO: [ view_filter ] --START--
INFO: Run Behavior\WriteHtmlCacheBehavior [ RunTime:0.001037s ]
INFO: [ view_filter ] --END-- [ RunTime:0.001075s ]
INFO: [ app_end ] --START--
INFO: Run Behavior\ShowPageTraceBehavior [ RunTime:0.001301s ]
INFO: [ app_end ] --END-- [ RunTime:0.001341s ]

[ 2019-10-27T10:35:26+08:00 ] 127.0.0.1 /bsys/index.php/Index/Hotspot/getHotspotList
INFO: [ app_init ] --START--
INFO: Run Behavior\BuildLiteBehavior [ RunTime:0.000014s ]
INFO: [ app_init ] --END-- [ RunTime:0.001030s ]
INFO: [ app_begin ] --START--
INFO: Run Behavior\ReadHtmlCacheBehavior [ RunTime:0.002039s ]
INFO: [ app_begin ] --END-- [ RunTime:0.002096s ]
SQL: SHOW COLUMNS FROM `ysq_series` [ RunTime:0.0100s ]
NOTIC: [8] Undefined index: series_created_timestamp D:\xampp2\htdocs\bsys\Application\Index\Controller\HotspotController.class.php 第 39 行.
SQL: SELECT * FROM `ysq_series` WHERE `series_status` = 1 AND `is_on_shelves` = 1 ORDER BY series_created_timestamp desc LIMIT 20   [ RunTime:0.0008s ]

[ 2019-10-27T10:35:27+08:00 ] 127.0.0.1 /bsys/index.php/Index/hotspot/play?series_id=3
INFO: [ app_init ] --START--
INFO: Run Behavior\BuildLiteBehavior [ RunTime:0.000008s ]
INFO: [ app_init ] --END-- [ RunTime:0.000734s ]
INFO: [ app_begin ] --START--
INFO: Run Behavior\ReadHtmlCacheBehavior [ RunTime:0.001011s ]
INFO: [ app_begin ] --END-- [ RunTime:0.001042s ]
INFO: [ view_parse ] --START--
INFO: [ template_filter ] --START--
INFO: Run Behavior\ContentReplaceBehavior [ RunTime:0.000101s ]
INFO: [ template_filter ] --END-- [ RunTime:0.000140s ]
INFO: Run Behavior\ParseTemplateBehavior [ RunTime:0.008435s ]
INFO: [ view_parse ] --END-- [ RunTime:0.008485s ]
INFO: [ view_filter ] --START--
INFO: Run Behavior\WriteHtmlCacheBehavior [ RunTime:0.001042s ]
INFO: [ view_filter ] --END-- [ RunTime:0.001079s ]
INFO: [ app_end ] --START--
INFO: Run Behavior\ShowPageTraceBehavior [ RunTime:0.001111s ]
INFO: [ app_end ] --END-- [ RunTime:0.001144s ]

[ 2019-10-27T10:35:27+08:00 ] 127.0.0.1 /bsys/index.php/Index/hotspot/my_video.mp4
INFO: [ app_init ] --START--
INFO: Run Behavior\BuildLiteBehavior [ RunTime:0.000019s ]
INFO: [ app_init ] --END-- [ RunTime:0.001786s ]
INFO: [ app_begin ] --START--
INFO: Run Behavior\ReadHtmlCacheBehavior [ RunTime:0.001811s ]
INFO: [ app_begin ] --END-- [ RunTime:0.001899s ]
ERR: 非法操作:my_video.mp4

[ 2019-10-27T10:35:27+08:00 ] 127.0.0.1 /bsys/index.php/Index/hotspot/my_video.mp4
INFO: [ app_init ] --START--
INFO: Run Behavior\BuildLiteBehavior [ RunTime:0.000021s ]
INFO: [ app_init ] --END-- [ RunTime:0.001227s ]
INFO: [ app_begin ] --START--
INFO: Run Behavior\ReadHtmlCacheBehavior [ RunTime:0.001209s ]
INFO: [ app_begin ] --END-- [ RunTime:0.001247s ]
ERR: 非法操作:my_video.mp4

[ 2019-10-27T10:35:27+08:00 ] 127.0.0.1 /bsys/index.php/Index/Hotspot/getEpisode?series_id=3
INFO: [ app_init ] --START--
INFO: Run Behavior\BuildLiteBehavior [ RunTime:0.000018s ]
INFO: [ app_init ] --END-- [ RunTime:0.001047s ]
INFO: [ app_begin ] --START--
INFO: Run Behavior\ReadHtmlCacheBehavior [ RunTime:0.001192s ]
INFO: [ app_begin ] --END-- [ RunTime:0.001225s ]
SQL: SHOW COLUMNS FROM `ysq_videos` [ RunTime:0.0084s ]
SQL: SHOW COLUMNS FROM `ysq_series` [ RunTime:0.0075s ]
SQL: SELECT * FROM `ysq_videos` WHERE `series_id` = 3 AND `video_status` = 1 ORDER BY video_episode  [ RunTime:0.0005s ]
SQL: SELECT `series_coverpath` FROM `ysq_series` WHERE `series_id` = 3 LIMIT 1   [ RunTime:0.0003s ]
SQL: SELECT `video_upload_timestamp` FROM `ysq_videos` WHERE `series_id` = 3 ORDER BY video_episode desc LIMIT 1   [ RunTime:0.0003s ]
SQL: SELECT `series_title` FROM `ysq_series` WHERE `series_id` = 3 LIMIT 1   [ RunTime:0.0002s ]
SQL: SELECT `series_profile` FROM `ysq_series` WHERE `series_id` = 3 LIMIT 1   [ RunTime:0.0002s ]

[ 2019-10-27T10:38:44+08:00 ] 127.0.0.1 /bsys/index.php/Index/Hotspot/list
INFO: [ app_init ] --START--
INFO: Run Behavior\BuildLiteBehavior [ RunTime:0.000011s ]
INFO: [ app_init ] --END-- [ RunTime:0.000677s ]
INFO: [ app_begin ] --START--
INFO: Run Behavior\ReadHtmlCacheBehavior [ RunTime:0.001127s ]
INFO: [ app_begin ] --END-- [ RunTime:0.001158s ]
INFO: [ view_parse ] --START--
INFO: [ template_filter ] --START--
INFO: Run Behavior\ContentReplaceBehavior [ RunTime:0.000091s ]
INFO: [ template_filter ] --END-- [ RunTime:0.000137s ]
INFO: Run Behavior\ParseTemplateBehavior [ RunTime:0.009415s ]
INFO: [ view_parse ] --END-- [ RunTime:0.009456s ]
INFO: [ view_filter ] --START--
INFO: Run Behavior\WriteHtmlCacheBehavior [ RunTime:0.000815s ]
INFO: [ view_filter ] --END-- [ RunTime:0.000848s ]
INFO: [ app_end ] --START--
INFO: Run Behavior\ShowPageTraceBehavior [ RunTime:0.001768s ]
INFO: [ app_end ] --END-- [ RunTime:0.001826s ]

[ 2019-10-27T10:38:44+08:00 ] 127.0.0.1 /bsys/index.php/Index/Hotspot/getHotspotList
INFO: [ app_init ] --START--
INFO: Run Behavior\BuildLiteBehavior [ RunTime:0.000011s ]
INFO: [ app_init ] --END-- [ RunTime:0.000664s ]
INFO: [ app_begin ] --START--
INFO: Run Behavior\ReadHtmlCacheBehavior [ RunTime:0.001121s ]
INFO: [ app_begin ] --END-- [ RunTime:0.001157s ]
SQL: SHOW COLUMNS FROM `ysq_series` [ RunTime:0.0092s ]
NOTIC: [8] Undefined index: series_created_timestamp D:\xampp2\htdocs\bsys\Application\Index\Controller\HotspotController.class.php 第 39 行.
SQL: SELECT * FROM `ysq_series` WHERE `series_status` = 1 AND `is_on_shelves` = 1 ORDER BY series_created_timestamp desc LIMIT 20   [ RunTime:0.0006s ]

[ 2019-10-27T11:12:36+08:00 ] 127.0.0.1 /bsys/index.php/Index/Hotspot/list
INFO: [ app_init ] --START--
INFO: Run Behavior\BuildLiteBehavior [ RunTime:0.000018s ]
INFO: [ app_init ] --END-- [ RunTime:0.001304s ]
INFO: [ app_begin ] --START--
INFO: Run Behavior\ReadHtmlCacheBehavior [ RunTime:0.001737s ]
INFO: [ app_begin ] --END-- [ RunTime:0.001814s ]
INFO: [ view_parse ] --START--
INFO: [ template_filter ] --START--
INFO: Run Behavior\ContentReplaceBehavior [ RunTime:0.000142s ]
INFO: [ template_filter ] --END-- [ RunTime:0.000212s ]
INFO: Run Behavior\ParseTemplateBehavior [ RunTime:0.016181s ]
INFO: [ view_parse ] --END-- [ RunTime:0.016247s ]
INFO: [ view_filter ] --START--
INFO: Run Behavior\WriteHtmlCacheBehavior [ RunTime:0.001029s ]
INFO: [ view_filter ] --END-- [ RunTime:0.001076s ]
INFO: [ app_end ] --START--
INFO: Run Behavior\ShowPageTraceBehavior [ RunTime:0.001926s ]
INFO: [ app_end ] --END-- [ RunTime:0.002022s ]

[ 2019-10-27T11:12:36+08:00 ] 127.0.0.1 /bsys/index.php/Index/Hotspot/getHotspotList
INFO: [ app_init ] --START--
INFO: Run Behavior\BuildLiteBehavior [ RunTime:0.000016s ]
INFO: [ app_init ] --END-- [ RunTime:0.001378s ]
INFO: [ app_begin ] --START--
INFO: Run Behavior\ReadHtmlCacheBehavior [ RunTime:0.001849s ]
INFO: [ app_begin ] --END-- [ RunTime:0.001909s ]
SQL: SHOW COLUMNS FROM `ysq_series` [ RunTime:0.0517s ]
NOTIC: [8] Undefined index: series_created_timestamp D:\xampp2\htdocs\bsys\Application\Index\Controller\HotspotController.class.php 第 39 行.
SQL: SELECT * FROM `ysq_series` WHERE `series_status` = 1 AND `is_on_shelves` = 1 ORDER BY series_created_timestamp desc LIMIT 20   [ RunTime:0.0010s ]

[ 2019-10-27T11:12:37+08:00 ] 127.0.0.1 /bsys/index.php/Index/hotspot/play?series_id=3
INFO: [ app_init ] --START--
INFO: Run Behavior\BuildLiteBehavior [ RunTime:0.000011s ]
INFO: [ app_init ] --END-- [ RunTime:0.001046s ]
INFO: [ app_begin ] --START--
INFO: Run Behavior\ReadHtmlCacheBehavior [ RunTime:0.001217s ]
INFO: [ app_begin ] --END-- [ RunTime:0.001266s ]
INFO: [ view_parse ] --START--
INFO: [ template_filter ] --START--
INFO: Run Behavior\ContentReplaceBehavior [ RunTime:0.000116s ]
INFO: [ template_filter ] --END-- [ RunTime:0.000161s ]
INFO: Run Behavior\ParseTemplateBehavior [ RunTime:0.011390s ]
INFO: [ view_parse ] --END-- [ RunTime:0.011441s ]
INFO: [ view_filter ] --START--
INFO: Run Behavior\WriteHtmlCacheBehavior [ RunTime:0.001016s ]
INFO: [ view_filter ] --END-- [ RunTime:0.001048s ]
INFO: [ app_end ] --START--
INFO: Run Behavior\ShowPageTraceBehavior [ RunTime:0.001324s ]
INFO: [ app_end ] --END-- [ RunTime:0.001362s ]

[ 2019-10-27T11:12:38+08:00 ] 127.0.0.1 /bsys/index.php/Index/hotspot/my_video.mp4
INFO: [ app_init ] --START--
INFO: Run Behavior\BuildLiteBehavior [ RunTime:0.000018s ]
INFO: [ app_init ] --END-- [ RunTime:0.001233s ]
INFO: [ app_begin ] --START--
INFO: Run Behavior\ReadHtmlCacheBehavior [ RunTime:0.001473s ]
INFO: [ app_begin ] --END-- [ RunTime:0.001534s ]
ERR: 非法操作:my_video.mp4

[ 2019-10-27T11:12:38+08:00 ] 127.0.0.1 /bsys/index.php/Index/hotspot/my_video.mp4
INFO: [ app_init ] --START--
INFO: Run Behavior\BuildLiteBehavior [ RunTime:0.000010s ]
INFO: [ app_init ] --END-- [ RunTime:0.000843s ]
INFO: [ app_begin ] --START--
INFO: Run Behavior\ReadHtmlCacheBehavior [ RunTime:0.001389s ]
INFO: [ app_begin ] --END-- [ RunTime:0.001448s ]
ERR: 非法操作:my_video.mp4

[ 2019-10-27T11:12:40+08:00 ] 127.0.0.1 /bsys/index.php/Index/hotspot/list
INFO: [ app_init ] --START--
INFO: Run Behavior\BuildLiteBehavior [ RunTime:0.000016s ]
INFO: [ app_init ] --END-- [ RunTime:0.001016s ]
INFO: [ app_begin ] --START--
INFO: Run Behavior\ReadHtmlCacheBehavior [ RunTime:0.001629s ]
INFO: [ app_begin ] --END-- [ RunTime:0.001691s ]
INFO: [ view_parse ] --START--
INFO: [ template_filter ] --START--
INFO: Run Behavior\ContentReplaceBehavior [ RunTime:0.000125s ]
INFO: [ template_filter ] --END-- [ RunTime:0.000188s ]
INFO: Run Behavior\ParseTemplateBehavior [ RunTime:0.011870s ]
INFO: [ view_parse ] --END-- [ RunTime:0.011919s ]
INFO: [ view_filter ] --START--
INFO: Run Behavior\WriteHtmlCacheBehavior [ RunTime:0.001009s ]
INFO: [ view_filter ] --END-- [ RunTime:0.001042s ]
INFO: [ app_end ] --START--
INFO: Run Behavior\ShowPageTraceBehavior [ RunTime:0.001491s ]
INFO: [ app_end ] --END-- [ RunTime:0.001540s ]

[ 2019-10-27T11:12:40+08:00 ] 127.0.0.1 /bsys/index.php/Index/Hotspot/getHotspotList
INFO: [ app_init ] --START--
INFO: Run Behavior\BuildLiteBehavior [ RunTime:0.000019s ]
INFO: [ app_init ] --END-- [ RunTime:0.001484s ]
INFO: [ app_begin ] --START--
INFO: Run Behavior\ReadHtmlCacheBehavior [ RunTime:0.001300s ]
INFO: [ app_begin ] --END-- [ RunTime:0.001341s ]
SQL: SHOW COLUMNS FROM `ysq_series` [ RunTime:0.0105s ]
NOTIC: [8] Undefined index: series_created_timestamp D:\xampp2\htdocs\bsys\Application\Index\Controller\HotspotController.class.php 第 39 行.
SQL: SELECT * FROM `ysq_series` WHERE `series_status` = 1 AND `is_on_shelves` = 1 ORDER BY series_created_timestamp desc LIMIT 20   [ RunTime:0.0006s ]

[ 2019-10-27T11:12:41+08:00 ] 127.0.0.1 /bsys/index.php/Index/hotspot/play?series_id=4
INFO: [ app_init ] --START--
INFO: Run Behavior\BuildLiteBehavior [ RunTime:0.000013s ]
INFO: [ app_init ] --END-- [ RunTime:0.001078s ]
INFO: [ app_begin ] --START--
INFO: Run Behavior\ReadHtmlCacheBehavior [ RunTime:0.001725s ]
INFO: [ app_begin ] --END-- [ RunTime:0.001792s ]
INFO: [ view_parse ] --START--
INFO: [ template_filter ] --START--
INFO: Run Behavior\ContentReplaceBehavior [ RunTime:0.000202s ]
INFO: [ template_filter ] --END-- [ RunTime:0.000330s ]
INFO: Run Behavior\ParseTemplateBehavior [ RunTime:0.015956s ]
INFO: [ view_parse ] --END-- [ RunTime:0.016017s ]
INFO: [ view_filter ] --START--
INFO: Run Behavior\WriteHtmlCacheBehavior [ RunTime:0.001002s ]
INFO: [ view_filter ] --END-- [ RunTime:0.001035s ]
INFO: [ app_end ] --START--
INFO: Run Behavior\ShowPageTraceBehavior [ RunTime:0.001692s ]
INFO: [ app_end ] --END-- [ RunTime:0.001744s ]

[ 2019-10-27T11:12:41+08:00 ] 127.0.0.1 /bsys/index.php/Index/hotspot/my_video.mp4
INFO: [ app_init ] --START--
INFO: Run Behavior\BuildLiteBehavior [ RunTime:0.000019s ]
INFO: [ app_init ] --END-- [ RunTime:0.001328s ]
INFO: [ app_begin ] --START--
INFO: Run Behavior\ReadHtmlCacheBehavior [ RunTime:0.001645s ]
INFO: [ app_begin ] --END-- [ RunTime:0.001705s ]
ERR: 非法操作:my_video.mp4

[ 2019-10-27T11:12:41+08:00 ] 127.0.0.1 /bsys/index.php/Index/hotspot/my_video.mp4
INFO: [ app_init ] --START--
INFO: Run Behavior\BuildLiteBehavior [ RunTime:0.000009s ]
INFO: [ app_init ] --END-- [ RunTime:0.000928s ]
INFO: [ app_begin ] --START--
INFO: Run Behavior\ReadHtmlCacheBehavior [ RunTime:0.001510s ]
INFO: [ app_begin ] --END-- [ RunTime:0.001568s ]
ERR: 非法操作:my_video.mp4

[ 2019-10-27T11:12:46+08:00 ] 127.0.0.1 /bsys/index.php/Index/Hotspot/getHotspotList
INFO: [ app_init ] --START--
INFO: Run Behavior\BuildLiteBehavior [ RunTime:0.000010s ]
INFO: [ app_init ] --END-- [ RunTime:0.000948s ]
INFO: [ app_begin ] --START--
INFO: Run Behavior\ReadHtmlCacheBehavior [ RunTime:0.001229s ]
INFO: [ app_begin ] --END-- [ RunTime:0.001264s ]
SQL: SHOW COLUMNS FROM `ysq_series` [ RunTime:0.0123s ]
NOTIC: [8] Undefined index: series_created_timestamp D:\xampp2\htdocs\bsys\Application\Index\Controller\HotspotController.class.php 第 39 行.
SQL: SELECT * FROM `ysq_series` WHERE `series_status` = 1 AND `is_on_shelves` = 1 ORDER BY series_created_timestamp desc LIMIT 20   [ RunTime:0.0007s ]

[ 2019-10-27T11:12:47+08:00 ] 127.0.0.1 /bsys/index.php/Index/hotspot/play?series_id=2
INFO: [ app_init ] --START--
INFO: Run Behavior\BuildLiteBehavior [ RunTime:0.000014s ]
INFO: [ app_init ] --END-- [ RunTime:0.001235s ]
INFO: [ app_begin ] --START--
INFO: Run Behavior\ReadHtmlCacheBehavior [ RunTime:0.001936s ]
INFO: [ app_begin ] --END-- [ RunTime:0.002002s ]
INFO: [ view_parse ] --START--
INFO: [ template_filter ] --START--
INFO: Run Behavior\ContentReplaceBehavior [ RunTime:0.000219s ]
INFO: [ template_filter ] --END-- [ RunTime:0.000315s ]
INFO: Run Behavior\ParseTemplateBehavior [ RunTime:0.014157s ]
INFO: [ view_parse ] --END-- [ RunTime:0.014218s ]
INFO: [ view_filter ] --START--
INFO: Run Behavior\WriteHtmlCacheBehavior [ RunTime:0.001370s ]
INFO: [ view_filter ] --END-- [ RunTime:0.001426s ]
INFO: [ app_end ] --START--
INFO: Run Behavior\ShowPageTraceBehavior [ RunTime:0.001931s ]
INFO: [ app_end ] --END-- [ RunTime:0.001994s ]

[ 2019-10-27T11:12:47+08:00 ] 127.0.0.1 /bsys/index.php/Index/hotspot/my_video.mp4
INFO: [ app_init ] --START--
INFO: Run Behavior\BuildLiteBehavior [ RunTime:0.000019s ]
INFO: [ app_init ] --END-- [ RunTime:0.001871s ]
INFO: [ app_begin ] --START--
INFO: Run Behavior\ReadHtmlCacheBehavior [ RunTime:0.004327s ]
INFO: [ app_begin ] --END-- [ RunTime:0.004410s ]
ERR: 非法操作:my_video.mp4

[ 2019-10-27T11:12:47+08:00 ] 127.0.0.1 /bsys/index.php/Index/hotspot/my_video.mp4
INFO: [ app_init ] --START--
INFO: Run Behavior\BuildLiteBehavior [ RunTime:0.000015s ]
INFO: [ app_init ] --END-- [ RunTime:0.001320s ]
INFO: [ app_begin ] --START--
INFO: Run Behavior\ReadHtmlCacheBehavior [ RunTime:0.001302s ]
INFO: [ app_begin ] --END-- [ RunTime:0.001346s ]
ERR: 非法操作:my_video.mp4

[ 2019-10-27T11:12:47+08:00 ] 127.0.0.1 /bsys/index.php/Index/Hotspot/getEpisode?series_id=2
INFO: [ app_init ] --START--
INFO: Run Behavior\BuildLiteBehavior [ RunTime:0.000016s ]
INFO: [ app_init ] --END-- [ RunTime:0.001252s ]
INFO: [ app_begin ] --START--
INFO: Run Behavior\ReadHtmlCacheBehavior [ RunTime:0.001938s ]
INFO: [ app_begin ] --END-- [ RunTime:0.002015s ]
SQL: SHOW COLUMNS FROM `ysq_videos` [ RunTime:0.0271s ]
SQL: SHOW COLUMNS FROM `ysq_series` [ RunTime:0.0100s ]
SQL: SELECT * FROM `ysq_videos` WHERE `series_id` = 2 AND `video_status` = 1 ORDER BY video_episode  [ RunTime:0.0007s ]
SQL: SELECT `series_coverpath` FROM `ysq_series` WHERE `series_id` = 2 LIMIT 1   [ RunTime:0.0005s ]
SQL: SELECT `video_upload_timestamp` FROM `ysq_videos` WHERE `series_id` = 2 ORDER BY video_episode desc LIMIT 1   [ RunTime:0.0004s ]
SQL: SELECT `series_title` FROM `ysq_series` WHERE `series_id` = 2 LIMIT 1   [ RunTime:0.0003s ]
SQL: SELECT `series_profile` FROM `ysq_series` WHERE `series_id` = 2 LIMIT 1   [ RunTime:0.0003s ]

[ 2019-10-27T11:12:50+08:00 ] 127.0.0.1 /bsys/index.php/Index/Hotspot/getHotspotList
INFO: [ app_init ] --START--
INFO: Run Behavior\BuildLiteBehavior [ RunTime:0.000017s ]
INFO: [ app_init ] --END-- [ RunTime:0.001442s ]
INFO: [ app_begin ] --START--
INFO: Run Behavior\ReadHtmlCacheBehavior [ RunTime:0.002108s ]
INFO: [ app_begin ] --END-- [ RunTime:0.002183s ]
SQL: SHOW COLUMNS FROM `ysq_series` [ RunTime:0.0124s ]
NOTIC: [8] Undefined index: series_created_timestamp D:\xampp2\htdocs\bsys\Application\Index\Controller\HotspotController.class.php 第 39 行.
SQL: SELECT * FROM `ysq_series` WHERE `series_status` = 1 AND `is_on_shelves` = 1 ORDER BY series_created_timestamp desc LIMIT 20   [ RunTime:0.0011s ]

[ 2019-10-27T11:12:50+08:00 ] 127.0.0.1 /bsys/index.php/Index/hotspot/play?series_id=3
INFO: [ app_init ] --START--
INFO: Run Behavior\BuildLiteBehavior [ RunTime:0.000017s ]
INFO: [ app_init ] --END-- [ RunTime:0.001379s ]
INFO: [ app_begin ] --START--
INFO: Run Behavior\ReadHtmlCacheBehavior [ RunTime:0.001471s ]
INFO: [ app_begin ] --END-- [ RunTime:0.001519s ]
INFO: [ view_parse ] --START--
INFO: [ template_filter ] --START--
INFO: Run Behavior\ContentReplaceBehavior [ RunTime:0.000174s ]
INFO: [ template_filter ] --END-- [ RunTime:0.000260s ]
INFO: Run Behavior\ParseTemplateBehavior [ RunTime:0.016783s ]
INFO: [ view_parse ] --END-- [ RunTime:0.016866s ]
INFO: [ view_filter ] --START--
INFO: Run Behavior\WriteHtmlCacheBehavior [ RunTime:0.001319s ]
INFO: [ view_filter ] --END-- [ RunTime:0.001368s ]
INFO: [ app_end ] --START--
INFO: Run Behavior\ShowPageTraceBehavior [ RunTime:0.002227s ]
INFO: [ app_end ] --END-- [ RunTime:0.002351s ]

[ 2019-10-27T11:12:51+08:00 ] 127.0.0.1 /bsys/index.php/Index/hotspot/my_video.mp4
INFO: [ app_init ] --START--
INFO: Run Behavior\BuildLiteBehavior [ RunTime:0.000018s ]
INFO: [ app_init ] --END-- [ RunTime:0.001440s ]
INFO: [ app_begin ] --START--
INFO: Run Behavior\ReadHtmlCacheBehavior [ RunTime:0.002020s ]
INFO: [ app_begin ] --END-- [ RunTime:0.002099s ]
ERR: 非法操作:my_video.mp4

[ 2019-10-27T11:12:51+08:00 ] 127.0.0.1 /bsys/index.php/Index/hotspot/my_video.mp4
INFO: [ app_init ] --START--
INFO: Run Behavior\BuildLiteBehavior [ RunTime:0.000012s ]
INFO: [ app_init ] --END-- [ RunTime:0.001023s ]
INFO: [ app_begin ] --START--
INFO: Run Behavior\ReadHtmlCacheBehavior [ RunTime:0.001388s ]
INFO: [ app_begin ] --END-- [ RunTime:0.001446s ]
ERR: 非法操作:my_video.mp4

[ 2019-10-27T11:12:51+08:00 ] 127.0.0.1 /bsys/index.php/Index/Hotspot/getEpisode?series_id=3
INFO: [ app_init ] --START--
INFO: Run Behavior\BuildLiteBehavior [ RunTime:0.000010s ]
INFO: [ app_init ] --END-- [ RunTime:0.000975s ]
INFO: [ app_begin ] --START--
INFO: Run Behavior\ReadHtmlCacheBehavior [ RunTime:0.001417s ]
INFO: [ app_begin ] --END-- [ RunTime:0.001455s ]
SQL: SHOW COLUMNS FROM `ysq_videos` [ RunTime:0.0107s ]
SQL: SHOW COLUMNS FROM `ysq_series` [ RunTime:0.0114s ]
SQL: SELECT * FROM `ysq_videos` WHERE `series_id` = 3 AND `video_status` = 1 ORDER BY video_episode  [ RunTime:0.0006s ]
SQL: SELECT `series_coverpath` FROM `ysq_series` WHERE `series_id` = 3 LIMIT 1   [ RunTime:0.0004s ]
SQL: SELECT `video_upload_timestamp` FROM `ysq_videos` WHERE `series_id` = 3 ORDER BY video_episode desc LIMIT 1   [ RunTime:0.0005s ]
SQL: SELECT `series_title` FROM `ysq_series` WHERE `series_id` = 3 LIMIT 1   [ RunTime:0.0004s ]
SQL: SELECT `series_profile` FROM `ysq_series` WHERE `series_id` = 3 LIMIT 1   [ RunTime:0.0008s ]

