[ 2019-11-09T02:03:26+08:00 ] 127.0.0.1 /bsys/index.php/Index/Hotspot/list
INFO: [ app_init ] --START--
INFO: Run Behavior\BuildLiteBehavior [ RunTime:0.000014s ]
INFO: [ app_init ] --END-- [ RunTime:0.000826s ]
INFO: [ app_begin ] --START--
INFO: Run Behavior\ReadHtmlCacheBehavior [ RunTime:0.000961s ]
INFO: [ app_begin ] --END-- [ RunTime:0.000995s ]
INFO: [ view_parse ] --START--
INFO: [ template_filter ] --START--
INFO: Run Behavior\ContentReplaceBehavior [ RunTime:0.000075s ]
INFO: [ template_filter ] --END-- [ RunTime:0.000108s ]
INFO: Run Behavior\ParseTemplateBehavior [ RunTime:0.071011s ]
INFO: [ view_parse ] --END-- [ RunTime:0.071058s ]
INFO: [ view_filter ] --START--
INFO: Run Behavior\WriteHtmlCacheBehavior [ RunTime:0.000722s ]
INFO: [ view_filter ] --END-- [ RunTime:0.000746s ]
INFO: [ app_end ] --START--
INFO: Run Behavior\ShowPageTraceBehavior [ RunTime:0.001179s ]
INFO: [ app_end ] --END-- [ RunTime:0.001218s ]

[ 2019-11-09T02:03:26+08:00 ] 127.0.0.1 /bsys/index.php/Index/Hotspot/getHotspotList
INFO: [ app_init ] --START--
INFO: Run Behavior\BuildLiteBehavior [ RunTime:0.000011s ]
INFO: [ app_init ] --END-- [ RunTime:0.000670s ]
INFO: [ app_begin ] --START--
INFO: Run Behavior\ReadHtmlCacheBehavior [ RunTime:0.001187s ]
INFO: [ app_begin ] --END-- [ RunTime:0.001233s ]
SQL: SHOW COLUMNS FROM `ysq_series` [ RunTime:0.0065s ]
NOTIC: [8] Undefined index: series_created_timestamp D:\xampp2\htdocs\bsys\Application\Index\Controller\HotspotController.class.php 第 39 行.
SQL: SELECT * FROM `ysq_series` WHERE `series_status` = 1 AND `is_on_shelves` = 1 ORDER BY series_created_timestamp desc LIMIT 20   [ RunTime:0.0225s ]

[ 2019-11-09T02:03:27+08:00 ] 127.0.0.1 /bsys/index.php/Index/hotspot/play?series_id=2
INFO: [ app_init ] --START--
INFO: Run Behavior\BuildLiteBehavior [ RunTime:0.000019s ]
INFO: [ app_init ] --END-- [ RunTime:0.001055s ]
INFO: [ app_begin ] --START--
INFO: Run Behavior\ReadHtmlCacheBehavior [ RunTime:0.001034s ]
INFO: [ app_begin ] --END-- [ RunTime:0.001075s ]
INFO: [ view_parse ] --START--
INFO: [ template_filter ] --START--
INFO: Run Behavior\ContentReplaceBehavior [ RunTime:0.000088s ]
INFO: [ template_filter ] --END-- [ RunTime:0.000124s ]
INFO: Run Behavior\ParseTemplateBehavior [ RunTime:0.047746s ]
INFO: [ view_parse ] --END-- [ RunTime:0.047790s ]
INFO: [ view_filter ] --START--
INFO: Run Behavior\WriteHtmlCacheBehavior [ RunTime:0.000788s ]
INFO: [ view_filter ] --END-- [ RunTime:0.000821s ]
INFO: [ app_end ] --START--
INFO: Run Behavior\ShowPageTraceBehavior [ RunTime:0.001392s ]
INFO: [ app_end ] --END-- [ RunTime:0.001426s ]

[ 2019-11-09T02:03:28+08:00 ] 127.0.0.1 /bsys/index.php/Index/hotspot/my_video.mp4
INFO: [ app_init ] --START--
INFO: Run Behavior\BuildLiteBehavior [ RunTime:0.000008s ]
INFO: [ app_init ] --END-- [ RunTime:0.000663s ]
INFO: [ app_begin ] --START--
INFO: Run Behavior\ReadHtmlCacheBehavior [ RunTime:0.001365s ]
INFO: [ app_begin ] --END-- [ RunTime:0.001425s ]
ERR: 非法操作:my_video.mp4

[ 2019-11-09T02:03:28+08:00 ] 127.0.0.1 /bsys/index.php/Index/hotspot/my_video.mp4
INFO: [ app_init ] --START--
INFO: Run Behavior\BuildLiteBehavior [ RunTime:0.000009s ]
INFO: [ app_init ] --END-- [ RunTime:0.000672s ]
INFO: [ app_begin ] --START--
INFO: Run Behavior\ReadHtmlCacheBehavior [ RunTime:0.001068s ]
INFO: [ app_begin ] --END-- [ RunTime:0.001101s ]
ERR: 非法操作:my_video.mp4

[ 2019-11-09T02:03:28+08:00 ] 127.0.0.1 /bsys/index.php/Index/Hotspot/getEpisode?series_id=2
INFO: [ app_init ] --START--
INFO: Run Behavior\BuildLiteBehavior [ RunTime:0.000008s ]
INFO: [ app_init ] --END-- [ RunTime:0.000632s ]
INFO: [ app_begin ] --START--
INFO: Run Behavior\ReadHtmlCacheBehavior [ RunTime:0.000945s ]
INFO: [ app_begin ] --END-- [ RunTime:0.000972s ]
SQL: SHOW COLUMNS FROM `ysq_videos` [ RunTime:0.0064s ]
SQL: SHOW COLUMNS FROM `ysq_series` [ RunTime:0.0071s ]
SQL: SELECT * FROM `ysq_videos` WHERE `series_id` = 2 AND `video_status` = 1 ORDER BY video_episode  [ RunTime:0.0008s ]
SQL: SELECT `series_coverpath` FROM `ysq_series` WHERE `series_id` = 2 LIMIT 1   [ RunTime:0.0140s ]
SQL: SELECT `video_upload_timestamp` FROM `ysq_videos` WHERE `series_id` = 2 ORDER BY video_episode desc LIMIT 1   [ RunTime:0.0004s ]
SQL: SELECT `series_title` FROM `ysq_series` WHERE `series_id` = 2 LIMIT 1   [ RunTime:0.0003s ]
SQL: SELECT `series_profile` FROM `ysq_series` WHERE `series_id` = 2 LIMIT 1   [ RunTime:0.0003s ]

[ 2019-11-09T02:03:34+08:00 ] 127.0.0.1 /bsys/index.php/Index/hotspot/my_video.mp4
INFO: [ app_init ] --START--
INFO: Run Behavior\BuildLiteBehavior [ RunTime:0.000013s ]
INFO: [ app_init ] --END-- [ RunTime:0.001302s ]
INFO: [ app_begin ] --START--
INFO: Run Behavior\ReadHtmlCacheBehavior [ RunTime:0.002141s ]
INFO: [ app_begin ] --END-- [ RunTime:0.002218s ]
ERR: 非法操作:my_video.mp4

[ 2019-11-09T02:03:35+08:00 ] 127.0.0.1 /bsys/index.php/Index/Hotspot/getEpisode?series_id=2
INFO: [ app_init ] --START--
INFO: Run Behavior\BuildLiteBehavior [ RunTime:0.000009s ]
INFO: [ app_init ] --END-- [ RunTime:0.000750s ]
INFO: [ app_begin ] --START--
INFO: Run Behavior\ReadHtmlCacheBehavior [ RunTime:0.001020s ]
INFO: [ app_begin ] --END-- [ RunTime:0.001048s ]
SQL: SHOW COLUMNS FROM `ysq_videos` [ RunTime:0.0067s ]
SQL: SHOW COLUMNS FROM `ysq_series` [ RunTime:0.0073s ]
SQL: SELECT * FROM `ysq_videos` WHERE `series_id` = 2 AND `video_status` = 1 ORDER BY video_episode  [ RunTime:0.0005s ]
SQL: SELECT `series_coverpath` FROM `ysq_series` WHERE `series_id` = 2 LIMIT 1   [ RunTime:0.0004s ]
SQL: SELECT `video_upload_timestamp` FROM `ysq_videos` WHERE `series_id` = 2 ORDER BY video_episode desc LIMIT 1   [ RunTime:0.0003s ]
SQL: SELECT `series_title` FROM `ysq_series` WHERE `series_id` = 2 LIMIT 1   [ RunTime:0.0003s ]
SQL: SELECT `series_profile` FROM `ysq_series` WHERE `series_id` = 2 LIMIT 1   [ RunTime:0.0003s ]

[ 2019-11-09T02:11:08+08:00 ] 127.0.0.1 /bsys/index.php/Index/hotspot/my_video.mp4
INFO: [ app_init ] --START--
INFO: Run Behavior\BuildLiteBehavior [ RunTime:0.000008s ]
INFO: [ app_init ] --END-- [ RunTime:0.000852s ]
INFO: [ app_begin ] --START--
INFO: Run Behavior\ReadHtmlCacheBehavior [ RunTime:0.001313s ]
INFO: [ app_begin ] --END-- [ RunTime:0.001344s ]
ERR: 非法操作:my_video.mp4

[ 2019-11-09T02:11:08+08:00 ] 127.0.0.1 /bsys/index.php/Index/hotspot/list
INFO: [ app_init ] --START--
INFO: Run Behavior\BuildLiteBehavior [ RunTime:0.000012s ]
INFO: [ app_init ] --END-- [ RunTime:0.000848s ]
INFO: [ app_begin ] --START--
INFO: Run Behavior\ReadHtmlCacheBehavior [ RunTime:0.001300s ]
INFO: [ app_begin ] --END-- [ RunTime:0.001337s ]
INFO: [ view_parse ] --START--
INFO: [ template_filter ] --START--
INFO: Run Behavior\ContentReplaceBehavior [ RunTime:0.000090s ]
INFO: [ template_filter ] --END-- [ RunTime:0.000130s ]
INFO: Run Behavior\ParseTemplateBehavior [ RunTime:0.095007s ]
INFO: [ view_parse ] --END-- [ RunTime:0.095091s ]
INFO: [ view_filter ] --START--
INFO: Run Behavior\WriteHtmlCacheBehavior [ RunTime:0.012539s ]
INFO: [ view_filter ] --END-- [ RunTime:0.012579s ]
INFO: [ app_end ] --START--
INFO: Run Behavior\ShowPageTraceBehavior [ RunTime:0.002105s ]
INFO: [ app_end ] --END-- [ RunTime:0.002149s ]

[ 2019-11-09T02:11:08+08:00 ] 127.0.0.1 /bsys/index.php/Index/Hotspot/getHotspotList
INFO: [ app_init ] --START--
INFO: Run Behavior\BuildLiteBehavior [ RunTime:0.000008s ]
INFO: [ app_init ] --END-- [ RunTime:0.000640s ]
INFO: [ app_begin ] --START--
INFO: Run Behavior\ReadHtmlCacheBehavior [ RunTime:0.000920s ]
INFO: [ app_begin ] --END-- [ RunTime:0.000948s ]
SQL: SHOW COLUMNS FROM `ysq_series` [ RunTime:0.0069s ]
NOTIC: [8] Undefined index: series_created_timestamp D:\xampp2\htdocs\bsys\Application\Index\Controller\HotspotController.class.php 第 39 行.
SQL: SELECT * FROM `ysq_series` WHERE `series_status` = 1 AND `is_on_shelves` = 1 ORDER BY series_created_timestamp desc LIMIT 20   [ RunTime:0.0005s ]

[ 2019-11-09T02:11:39+08:00 ] 127.0.0.1 /bsys/index.php/Index/hotspot/play?series_id=4
INFO: [ app_init ] --START--
INFO: Run Behavior\BuildLiteBehavior [ RunTime:0.000009s ]
INFO: [ app_init ] --END-- [ RunTime:0.000661s ]
INFO: [ app_begin ] --START--
INFO: Run Behavior\ReadHtmlCacheBehavior [ RunTime:0.001134s ]
INFO: [ app_begin ] --END-- [ RunTime:0.001177s ]
INFO: [ view_parse ] --START--
INFO: [ template_filter ] --START--
INFO: Run Behavior\ContentReplaceBehavior [ RunTime:0.000084s ]
INFO: [ template_filter ] --END-- [ RunTime:0.000118s ]
INFO: Run Behavior\ParseTemplateBehavior [ RunTime:0.071395s ]
INFO: [ view_parse ] --END-- [ RunTime:0.071448s ]
INFO: [ view_filter ] --START--
INFO: Run Behavior\WriteHtmlCacheBehavior [ RunTime:0.000903s ]
INFO: [ view_filter ] --END-- [ RunTime:0.000952s ]
INFO: [ app_end ] --START--
INFO: Run Behavior\ShowPageTraceBehavior [ RunTime:0.001247s ]
INFO: [ app_end ] --END-- [ RunTime:0.001298s ]

[ 2019-11-09T02:11:39+08:00 ] 127.0.0.1 /bsys/index.php/Index/hotspot/my_video.mp4
INFO: [ app_init ] --START--
INFO: Run Behavior\BuildLiteBehavior [ RunTime:0.000008s ]
INFO: [ app_init ] --END-- [ RunTime:0.000715s ]
INFO: [ app_begin ] --START--
INFO: Run Behavior\ReadHtmlCacheBehavior [ RunTime:0.000997s ]
INFO: [ app_begin ] --END-- [ RunTime:0.001030s ]
ERR: 非法操作:my_video.mp4

[ 2019-11-09T02:11:39+08:00 ] 127.0.0.1 /bsys/index.php/Index/hotspot/my_video.mp4
INFO: [ app_init ] --START--
INFO: Run Behavior\BuildLiteBehavior [ RunTime:0.000009s ]
INFO: [ app_init ] --END-- [ RunTime:0.000690s ]
INFO: [ app_begin ] --START--
INFO: Run Behavior\ReadHtmlCacheBehavior [ RunTime:0.000883s ]
INFO: [ app_begin ] --END-- [ RunTime:0.000911s ]
ERR: 非法操作:my_video.mp4

[ 2019-11-09T02:11:39+08:00 ] 127.0.0.1 /bsys/index.php/Index/Hotspot/getEpisode?series_id=4
INFO: [ app_init ] --START--
INFO: Run Behavior\BuildLiteBehavior [ RunTime:0.000008s ]
INFO: [ app_init ] --END-- [ RunTime:0.000646s ]
INFO: [ app_begin ] --START--
INFO: Run Behavior\ReadHtmlCacheBehavior [ RunTime:0.000922s ]
INFO: [ app_begin ] --END-- [ RunTime:0.000949s ]
SQL: SHOW COLUMNS FROM `ysq_videos` [ RunTime:0.0268s ]
SQL: SHOW COLUMNS FROM `ysq_series` [ RunTime:0.0064s ]
SQL: SELECT * FROM `ysq_videos` WHERE `series_id` = 4 AND `video_status` = 1 ORDER BY video_episode  [ RunTime:0.0004s ]
SQL: SELECT `series_coverpath` FROM `ysq_series` WHERE `series_id` = 4 LIMIT 1   [ RunTime:0.0003s ]
SQL: SELECT `video_upload_timestamp` FROM `ysq_videos` WHERE `series_id` = 4 ORDER BY video_episode desc LIMIT 1   [ RunTime:0.0005s ]
SQL: SELECT `series_title` FROM `ysq_series` WHERE `series_id` = 4 LIMIT 1   [ RunTime:0.0003s ]
SQL: SELECT `series_profile` FROM `ysq_series` WHERE `series_id` = 4 LIMIT 1   [ RunTime:0.0003s ]

[ 2019-11-09T02:18:03+08:00 ] 127.0.0.1 /bsys/index.php/Index/hotspot/list
INFO: [ app_init ] --START--
INFO: Run Behavior\BuildLiteBehavior [ RunTime:0.000010s ]
INFO: [ app_init ] --END-- [ RunTime:0.000911s ]
INFO: [ app_begin ] --START--
INFO: Run Behavior\ReadHtmlCacheBehavior [ RunTime:0.001402s ]
INFO: [ app_begin ] --END-- [ RunTime:0.001439s ]
INFO: [ view_parse ] --START--
INFO: [ template_filter ] --START--
INFO: Run Behavior\ContentReplaceBehavior [ RunTime:0.000078s ]
INFO: [ template_filter ] --END-- [ RunTime:0.000111s ]
INFO: Run Behavior\ParseTemplateBehavior [ RunTime:0.058106s ]
INFO: [ view_parse ] --END-- [ RunTime:0.058151s ]
INFO: [ view_filter ] --START--
INFO: Run Behavior\WriteHtmlCacheBehavior [ RunTime:0.007979s ]
INFO: [ view_filter ] --END-- [ RunTime:0.008065s ]
INFO: [ app_end ] --START--
INFO: Run Behavior\ShowPageTraceBehavior [ RunTime:0.002013s ]
INFO: [ app_end ] --END-- [ RunTime:0.002046s ]

[ 2019-11-09T02:18:04+08:00 ] 127.0.0.1 /bsys/index.php/Index/Hotspot/getHotspotList
INFO: [ app_init ] --START--
INFO: Run Behavior\BuildLiteBehavior [ RunTime:0.000008s ]
INFO: [ app_init ] --END-- [ RunTime:0.000628s ]
INFO: [ app_begin ] --START--
INFO: Run Behavior\ReadHtmlCacheBehavior [ RunTime:0.000956s ]
INFO: [ app_begin ] --END-- [ RunTime:0.000985s ]
SQL: SHOW COLUMNS FROM `ysq_series` [ RunTime:0.0071s ]
NOTIC: [8] Undefined index: series_created_timestamp D:\xampp2\htdocs\bsys\Application\Index\Controller\HotspotController.class.php 第 39 行.
SQL: SELECT * FROM `ysq_series` WHERE `series_status` = 1 AND `is_on_shelves` = 1 ORDER BY series_created_timestamp desc LIMIT 20   [ RunTime:0.0005s ]

[ 2019-11-09T02:18:05+08:00 ] 127.0.0.1 /bsys/index.php/Index/hotspot/play?series_id=2
INFO: [ app_init ] --START--
INFO: Run Behavior\BuildLiteBehavior [ RunTime:0.000009s ]
INFO: [ app_init ] --END-- [ RunTime:0.000693s ]
INFO: [ app_begin ] --START--
INFO: Run Behavior\ReadHtmlCacheBehavior [ RunTime:0.001079s ]
INFO: [ app_begin ] --END-- [ RunTime:0.001174s ]
INFO: [ view_parse ] --START--
INFO: [ template_filter ] --START--
INFO: Run Behavior\ContentReplaceBehavior [ RunTime:0.000083s ]
INFO: [ template_filter ] --END-- [ RunTime:0.000114s ]
INFO: Run Behavior\ParseTemplateBehavior [ RunTime:0.063500s ]
INFO: [ view_parse ] --END-- [ RunTime:0.063536s ]
INFO: [ view_filter ] --START--
INFO: Run Behavior\WriteHtmlCacheBehavior [ RunTime:0.001334s ]
INFO: [ view_filter ] --END-- [ RunTime:0.001362s ]
INFO: [ app_end ] --START--
INFO: Run Behavior\ShowPageTraceBehavior [ RunTime:0.001296s ]
INFO: [ app_end ] --END-- [ RunTime:0.001334s ]

[ 2019-11-09T02:18:05+08:00 ] 127.0.0.1 /bsys/index.php/Index/hotspot/my_video.mp4
INFO: [ app_init ] --START--
INFO: Run Behavior\BuildLiteBehavior [ RunTime:0.000008s ]
INFO: [ app_init ] --END-- [ RunTime:0.000721s ]
INFO: [ app_begin ] --START--
INFO: Run Behavior\ReadHtmlCacheBehavior [ RunTime:0.001005s ]
INFO: [ app_begin ] --END-- [ RunTime:0.001041s ]
ERR: 非法操作:my_video.mp4

[ 2019-11-09T02:18:05+08:00 ] 127.0.0.1 /bsys/index.php/Index/hotspot/my_video.mp4
INFO: [ app_init ] --START--
INFO: Run Behavior\BuildLiteBehavior [ RunTime:0.000008s ]
INFO: [ app_init ] --END-- [ RunTime:0.000730s ]
INFO: [ app_begin ] --START--
INFO: Run Behavior\ReadHtmlCacheBehavior [ RunTime:0.000954s ]
INFO: [ app_begin ] --END-- [ RunTime:0.000983s ]
ERR: 非法操作:my_video.mp4

[ 2019-11-09T02:18:05+08:00 ] 127.0.0.1 /bsys/index.php/Index/Hotspot/getEpisode?series_id=2
INFO: [ app_init ] --START--
INFO: Run Behavior\BuildLiteBehavior [ RunTime:0.000007s ]
INFO: [ app_init ] --END-- [ RunTime:0.001443s ]
INFO: [ app_begin ] --START--
INFO: Run Behavior\ReadHtmlCacheBehavior [ RunTime:0.001124s ]
INFO: [ app_begin ] --END-- [ RunTime:0.001148s ]
SQL: SHOW COLUMNS FROM `ysq_videos` [ RunTime:0.0068s ]
SQL: SHOW COLUMNS FROM `ysq_series` [ RunTime:0.0066s ]
SQL: SELECT * FROM `ysq_videos` WHERE `series_id` = 2 AND `video_status` = 1 ORDER BY video_episode  [ RunTime:0.0004s ]
SQL: SELECT `series_coverpath` FROM `ysq_series` WHERE `series_id` = 2 LIMIT 1   [ RunTime:0.0003s ]
SQL: SELECT `video_upload_timestamp` FROM `ysq_videos` WHERE `series_id` = 2 ORDER BY video_episode desc LIMIT 1   [ RunTime:0.0003s ]
SQL: SELECT `series_title` FROM `ysq_series` WHERE `series_id` = 2 LIMIT 1   [ RunTime:0.0003s ]
SQL: SELECT `series_profile` FROM `ysq_series` WHERE `series_id` = 2 LIMIT 1   [ RunTime:0.0003s ]

[ 2019-11-09T02:23:01+08:00 ] 127.0.0.1 /bsys/index.php/Index/hotspot/play?series_id=2
INFO: [ app_init ] --START--
INFO: Run Behavior\BuildLiteBehavior [ RunTime:0.000008s ]
INFO: [ app_init ] --END-- [ RunTime:0.000666s ]
INFO: [ app_begin ] --START--
INFO: Run Behavior\ReadHtmlCacheBehavior [ RunTime:0.001037s ]
INFO: [ app_begin ] --END-- [ RunTime:0.001076s ]
INFO: [ view_parse ] --START--
INFO: [ template_filter ] --START--
INFO: Run Behavior\ContentReplaceBehavior [ RunTime:0.000082s ]
INFO: [ template_filter ] --END-- [ RunTime:0.000112s ]
INFO: Run Behavior\ParseTemplateBehavior [ RunTime:0.007949s ]
INFO: [ view_parse ] --END-- [ RunTime:0.007985s ]
INFO: [ view_filter ] --START--
INFO: Run Behavior\WriteHtmlCacheBehavior [ RunTime:0.000745s ]
INFO: [ view_filter ] --END-- [ RunTime:0.000769s ]
INFO: [ app_end ] --START--
INFO: Run Behavior\ShowPageTraceBehavior [ RunTime:0.001046s ]
INFO: [ app_end ] --END-- [ RunTime:0.001083s ]

[ 2019-11-09T02:23:02+08:00 ] 127.0.0.1 /bsys/index.php/Index/hotspot/my_video.mp4
INFO: [ app_init ] --START--
INFO: Run Behavior\BuildLiteBehavior [ RunTime:0.000008s ]
INFO: [ app_init ] --END-- [ RunTime:0.000678s ]
INFO: [ app_begin ] --START--
INFO: Run Behavior\ReadHtmlCacheBehavior [ RunTime:0.000927s ]
INFO: [ app_begin ] --END-- [ RunTime:0.000959s ]
ERR: 非法操作:my_video.mp4

[ 2019-11-09T02:23:02+08:00 ] 127.0.0.1 /bsys/index.php/Index/hotspot/my_video.mp4
INFO: [ app_init ] --START--
INFO: Run Behavior\BuildLiteBehavior [ RunTime:0.000008s ]
INFO: [ app_init ] --END-- [ RunTime:0.000833s ]
INFO: [ app_begin ] --START--
INFO: Run Behavior\ReadHtmlCacheBehavior [ RunTime:0.000980s ]
INFO: [ app_begin ] --END-- [ RunTime:0.001014s ]
ERR: 非法操作:my_video.mp4

[ 2019-11-09T02:23:02+08:00 ] 127.0.0.1 /bsys/index.php/Index/Hotspot/getEpisode?series_id=2
INFO: [ app_init ] --START--
INFO: Run Behavior\BuildLiteBehavior [ RunTime:0.000008s ]
INFO: [ app_init ] --END-- [ RunTime:0.000659s ]
INFO: [ app_begin ] --START--
INFO: Run Behavior\ReadHtmlCacheBehavior [ RunTime:0.000943s ]
INFO: [ app_begin ] --END-- [ RunTime:0.000968s ]
SQL: SHOW COLUMNS FROM `ysq_videos` [ RunTime:0.0067s ]
SQL: SHOW COLUMNS FROM `ysq_series` [ RunTime:0.0069s ]
SQL: SELECT * FROM `ysq_videos` WHERE `series_id` = 2 AND `video_status` = 1 ORDER BY video_episode  [ RunTime:0.0004s ]
SQL: SELECT `series_coverpath` FROM `ysq_series` WHERE `series_id` = 2 LIMIT 1   [ RunTime:0.0003s ]
SQL: SELECT `video_upload_timestamp` FROM `ysq_videos` WHERE `series_id` = 2 ORDER BY video_episode desc LIMIT 1   [ RunTime:0.0003s ]
SQL: SELECT `series_title` FROM `ysq_series` WHERE `series_id` = 2 LIMIT 1   [ RunTime:0.0003s ]
SQL: SELECT `series_profile` FROM `ysq_series` WHERE `series_id` = 2 LIMIT 1   [ RunTime:0.0003s ]

[ 2019-11-09T02:23:03+08:00 ] 127.0.0.1 /bsys/index.php/Index/hotspot/list
INFO: [ app_init ] --START--
INFO: Run Behavior\BuildLiteBehavior [ RunTime:0.000008s ]
INFO: [ app_init ] --END-- [ RunTime:0.000727s ]
INFO: [ app_begin ] --START--
INFO: Run Behavior\ReadHtmlCacheBehavior [ RunTime:0.000963s ]
INFO: [ app_begin ] --END-- [ RunTime:0.000997s ]
INFO: [ view_parse ] --START--
INFO: [ template_filter ] --START--
INFO: Run Behavior\ContentReplaceBehavior [ RunTime:0.000096s ]
INFO: [ template_filter ] --END-- [ RunTime:0.000165s ]
INFO: Run Behavior\ParseTemplateBehavior [ RunTime:0.009462s ]
INFO: [ view_parse ] --END-- [ RunTime:0.009505s ]
INFO: [ view_filter ] --START--
INFO: Run Behavior\WriteHtmlCacheBehavior [ RunTime:0.000828s ]
INFO: [ view_filter ] --END-- [ RunTime:0.000855s ]
INFO: [ app_end ] --START--
INFO: Run Behavior\ShowPageTraceBehavior [ RunTime:0.001204s ]
INFO: [ app_end ] --END-- [ RunTime:0.001238s ]

[ 2019-11-09T02:23:03+08:00 ] 127.0.0.1 /bsys/index.php/Index/Hotspot/getHotspotList
INFO: [ app_init ] --START--
INFO: Run Behavior\BuildLiteBehavior [ RunTime:0.000011s ]
INFO: [ app_init ] --END-- [ RunTime:0.000682s ]
INFO: [ app_begin ] --START--
INFO: Run Behavior\ReadHtmlCacheBehavior [ RunTime:0.001436s ]
INFO: [ app_begin ] --END-- [ RunTime:0.001488s ]
SQL: SHOW COLUMNS FROM `ysq_series` [ RunTime:0.0074s ]
NOTIC: [8] Undefined index: series_created_timestamp D:\xampp2\htdocs\bsys\Application\Index\Controller\HotspotController.class.php 第 39 行.
SQL: SELECT * FROM `ysq_series` WHERE `series_status` = 1 AND `is_on_shelves` = 1 ORDER BY series_created_timestamp desc LIMIT 20   [ RunTime:0.0005s ]

[ 2019-11-09T02:23:04+08:00 ] 127.0.0.1 /bsys/index.php/Index/hotspot/list
INFO: [ app_init ] --START--
INFO: Run Behavior\BuildLiteBehavior [ RunTime:0.000008s ]
INFO: [ app_init ] --END-- [ RunTime:0.000718s ]
INFO: [ app_begin ] --START--
INFO: Run Behavior\ReadHtmlCacheBehavior [ RunTime:0.000934s ]
INFO: [ app_begin ] --END-- [ RunTime:0.000962s ]
INFO: [ view_parse ] --START--
INFO: [ template_filter ] --START--
INFO: Run Behavior\ContentReplaceBehavior [ RunTime:0.000079s ]
INFO: [ template_filter ] --END-- [ RunTime:0.000108s ]
INFO: Run Behavior\ParseTemplateBehavior [ RunTime:0.007488s ]
INFO: [ view_parse ] --END-- [ RunTime:0.007517s ]
INFO: [ view_filter ] --START--
INFO: Run Behavior\WriteHtmlCacheBehavior [ RunTime:0.000731s ]
INFO: [ view_filter ] --END-- [ RunTime:0.000755s ]
INFO: [ app_end ] --START--
INFO: Run Behavior\ShowPageTraceBehavior [ RunTime:0.000981s ]
INFO: [ app_end ] --END-- [ RunTime:0.001010s ]

[ 2019-11-09T02:23:04+08:00 ] 127.0.0.1 /bsys/index.php/Index/Hotspot/getHotspotList
INFO: [ app_init ] --START--
INFO: Run Behavior\BuildLiteBehavior [ RunTime:0.000013s ]
INFO: [ app_init ] --END-- [ RunTime:0.000851s ]
INFO: [ app_begin ] --START--
INFO: Run Behavior\ReadHtmlCacheBehavior [ RunTime:0.000958s ]
INFO: [ app_begin ] --END-- [ RunTime:0.000991s ]
SQL: SHOW COLUMNS FROM `ysq_series` [ RunTime:0.0075s ]
NOTIC: [8] Undefined index: series_created_timestamp D:\xampp2\htdocs\bsys\Application\Index\Controller\HotspotController.class.php 第 39 行.
SQL: SELECT * FROM `ysq_series` WHERE `series_status` = 1 AND `is_on_shelves` = 1 ORDER BY series_created_timestamp desc LIMIT 20   [ RunTime:0.0006s ]

[ 2019-11-09T02:23:05+08:00 ] 127.0.0.1 /bsys/index.php/Index/hotspot/play?series_id=4
INFO: [ app_init ] --START--
INFO: Run Behavior\BuildLiteBehavior [ RunTime:0.000007s ]
INFO: [ app_init ] --END-- [ RunTime:0.000704s ]
INFO: [ app_begin ] --START--
INFO: Run Behavior\ReadHtmlCacheBehavior [ RunTime:0.001063s ]
INFO: [ app_begin ] --END-- [ RunTime:0.001133s ]
INFO: [ view_parse ] --START--
INFO: [ template_filter ] --START--
INFO: Run Behavior\ContentReplaceBehavior [ RunTime:0.000099s ]
INFO: [ template_filter ] --END-- [ RunTime:0.000134s ]
INFO: Run Behavior\ParseTemplateBehavior [ RunTime:0.007850s ]
INFO: [ view_parse ] --END-- [ RunTime:0.007883s ]
INFO: [ view_filter ] --START--
INFO: Run Behavior\WriteHtmlCacheBehavior [ RunTime:0.000754s ]
INFO: [ view_filter ] --END-- [ RunTime:0.000779s ]
INFO: [ app_end ] --START--
INFO: Run Behavior\ShowPageTraceBehavior [ RunTime:0.001002s ]
INFO: [ app_end ] --END-- [ RunTime:0.001030s ]

[ 2019-11-09T02:23:05+08:00 ] 127.0.0.1 /bsys/index.php/Index/hotspot/my_video.mp4
INFO: [ app_init ] --START--
INFO: Run Behavior\BuildLiteBehavior [ RunTime:0.000008s ]
INFO: [ app_init ] --END-- [ RunTime:0.000640s ]
INFO: [ app_begin ] --START--
INFO: Run Behavior\ReadHtmlCacheBehavior [ RunTime:0.000928s ]
INFO: [ app_begin ] --END-- [ RunTime:0.000960s ]
ERR: 非法操作:my_video.mp4

[ 2019-11-09T02:23:05+08:00 ] 127.0.0.1 /bsys/index.php/Index/hotspot/my_video.mp4
INFO: [ app_init ] --START--
INFO: Run Behavior\BuildLiteBehavior [ RunTime:0.000016s ]
INFO: [ app_init ] --END-- [ RunTime:0.000986s ]
INFO: [ app_begin ] --START--
INFO: Run Behavior\ReadHtmlCacheBehavior [ RunTime:0.000950s ]
INFO: [ app_begin ] --END-- [ RunTime:0.000984s ]
ERR: 非法操作:my_video.mp4

[ 2019-11-09T02:23:05+08:00 ] 127.0.0.1 /bsys/index.php/Index/Hotspot/getEpisode?series_id=4
INFO: [ app_init ] --START--
INFO: Run Behavior\BuildLiteBehavior [ RunTime:0.000007s ]
INFO: [ app_init ] --END-- [ RunTime:0.000616s ]
INFO: [ app_begin ] --START--
INFO: Run Behavior\ReadHtmlCacheBehavior [ RunTime:0.000887s ]
INFO: [ app_begin ] --END-- [ RunTime:0.000912s ]
SQL: SHOW COLUMNS FROM `ysq_videos` [ RunTime:0.0069s ]
SQL: SHOW COLUMNS FROM `ysq_series` [ RunTime:0.0072s ]
SQL: SELECT * FROM `ysq_videos` WHERE `series_id` = 4 AND `video_status` = 1 ORDER BY video_episode  [ RunTime:0.0006s ]
SQL: SELECT `series_coverpath` FROM `ysq_series` WHERE `series_id` = 4 LIMIT 1   [ RunTime:0.0003s ]
SQL: SELECT `video_upload_timestamp` FROM `ysq_videos` WHERE `series_id` = 4 ORDER BY video_episode desc LIMIT 1   [ RunTime:0.0004s ]
SQL: SELECT `series_title` FROM `ysq_series` WHERE `series_id` = 4 LIMIT 1   [ RunTime:0.0003s ]
SQL: SELECT `series_profile` FROM `ysq_series` WHERE `series_id` = 4 LIMIT 1   [ RunTime:0.0003s ]

[ 2019-11-09T02:23:19+08:00 ] 127.0.0.1 /bsys/index.php/Index/hotspot/play?series_id=4
INFO: [ app_init ] --START--
INFO: Run Behavior\BuildLiteBehavior [ RunTime:0.000016s ]
INFO: [ app_init ] --END-- [ RunTime:0.000948s ]
INFO: [ app_begin ] --START--
INFO: Run Behavior\ReadHtmlCacheBehavior [ RunTime:0.001263s ]
INFO: [ app_begin ] --END-- [ RunTime:0.001309s ]
INFO: [ view_parse ] --START--
INFO: [ template_filter ] --START--
INFO: Run Behavior\ContentReplaceBehavior [ RunTime:0.000083s ]
INFO: [ template_filter ] --END-- [ RunTime:0.000115s ]
INFO: Run Behavior\ParseTemplateBehavior [ RunTime:0.007583s ]
INFO: [ view_parse ] --END-- [ RunTime:0.007618s ]
INFO: [ view_filter ] --START--
INFO: Run Behavior\WriteHtmlCacheBehavior [ RunTime:0.000892s ]
INFO: [ view_filter ] --END-- [ RunTime:0.000926s ]
INFO: [ app_end ] --START--
INFO: Run Behavior\ShowPageTraceBehavior [ RunTime:0.001598s ]
INFO: [ app_end ] --END-- [ RunTime:0.001669s ]

[ 2019-11-09T02:23:20+08:00 ] 127.0.0.1 /bsys/index.php/Index/hotspot/my_video.mp4
INFO: [ app_init ] --START--
INFO: Run Behavior\BuildLiteBehavior [ RunTime:0.000007s ]
INFO: [ app_init ] --END-- [ RunTime:0.000633s ]
INFO: [ app_begin ] --START--
INFO: Run Behavior\ReadHtmlCacheBehavior [ RunTime:0.000903s ]
INFO: [ app_begin ] --END-- [ RunTime:0.000932s ]
ERR: 非法操作:my_video.mp4

[ 2019-11-09T02:23:20+08:00 ] 127.0.0.1 /bsys/index.php/Index/hotspot/my_video.mp4
INFO: [ app_init ] --START--
INFO: Run Behavior\BuildLiteBehavior [ RunTime:0.000012s ]
INFO: [ app_init ] --END-- [ RunTime:0.000768s ]
INFO: [ app_begin ] --START--
INFO: Run Behavior\ReadHtmlCacheBehavior [ RunTime:0.000952s ]
INFO: [ app_begin ] --END-- [ RunTime:0.000989s ]
ERR: 非法操作:my_video.mp4

[ 2019-11-09T02:23:20+08:00 ] 127.0.0.1 /bsys/index.php/Index/Hotspot/getEpisode?series_id=4
INFO: [ app_init ] --START--
INFO: Run Behavior\BuildLiteBehavior [ RunTime:0.000010s ]
INFO: [ app_init ] --END-- [ RunTime:0.000685s ]
INFO: [ app_begin ] --START--
INFO: Run Behavior\ReadHtmlCacheBehavior [ RunTime:0.000966s ]
INFO: [ app_begin ] --END-- [ RunTime:0.000996s ]
SQL: SHOW COLUMNS FROM `ysq_videos` [ RunTime:0.0073s ]
SQL: SHOW COLUMNS FROM `ysq_series` [ RunTime:0.0067s ]
SQL: SELECT * FROM `ysq_videos` WHERE `series_id` = 4 AND `video_status` = 1 ORDER BY video_episode  [ RunTime:0.0004s ]
SQL: SELECT `series_coverpath` FROM `ysq_series` WHERE `series_id` = 4 LIMIT 1   [ RunTime:0.0003s ]
SQL: SELECT `video_upload_timestamp` FROM `ysq_videos` WHERE `series_id` = 4 ORDER BY video_episode desc LIMIT 1   [ RunTime:0.0003s ]
SQL: SELECT `series_title` FROM `ysq_series` WHERE `series_id` = 4 LIMIT 1   [ RunTime:0.0003s ]
SQL: SELECT `series_profile` FROM `ysq_series` WHERE `series_id` = 4 LIMIT 1   [ RunTime:0.0002s ]

[ 2019-11-09T02:28:01+08:00 ] 127.0.0.1 /bsys/index.php/Index/hotspot/play?series_id=4
INFO: [ app_init ] --START--
INFO: Run Behavior\BuildLiteBehavior [ RunTime:0.000009s ]
INFO: [ app_init ] --END-- [ RunTime:0.000860s ]
INFO: [ app_begin ] --START--
INFO: Run Behavior\ReadHtmlCacheBehavior [ RunTime:0.001357s ]
INFO: [ app_begin ] --END-- [ RunTime:0.001395s ]
INFO: [ view_parse ] --START--
INFO: [ template_filter ] --START--
INFO: Run Behavior\ContentReplaceBehavior [ RunTime:0.000089s ]
INFO: [ template_filter ] --END-- [ RunTime:0.000122s ]
INFO: Run Behavior\ParseTemplateBehavior [ RunTime:0.009257s ]
INFO: [ view_parse ] --END-- [ RunTime:0.009299s ]
INFO: [ view_filter ] --START--
INFO: Run Behavior\WriteHtmlCacheBehavior [ RunTime:0.001207s ]
INFO: [ view_filter ] --END-- [ RunTime:0.001236s ]
INFO: [ app_end ] --START--
INFO: Run Behavior\ShowPageTraceBehavior [ RunTime:0.001756s ]
INFO: [ app_end ] --END-- [ RunTime:0.001796s ]

[ 2019-11-09T02:28:01+08:00 ] 127.0.0.1 /bsys/index.php/Index/hotspot/my_video.mp4
INFO: [ app_init ] --START--
INFO: Run Behavior\BuildLiteBehavior [ RunTime:0.000007s ]
INFO: [ app_init ] --END-- [ RunTime:0.000711s ]
INFO: [ app_begin ] --START--
INFO: Run Behavior\ReadHtmlCacheBehavior [ RunTime:0.000938s ]
INFO: [ app_begin ] --END-- [ RunTime:0.000968s ]
ERR: 非法操作:my_video.mp4

[ 2019-11-09T02:28:01+08:00 ] 127.0.0.1 /bsys/index.php/Index/hotspot/my_video.mp4
INFO: [ app_init ] --START--
INFO: Run Behavior\BuildLiteBehavior [ RunTime:0.000007s ]
INFO: [ app_init ] --END-- [ RunTime:0.000636s ]
INFO: [ app_begin ] --START--
INFO: Run Behavior\ReadHtmlCacheBehavior [ RunTime:0.001162s ]
INFO: [ app_begin ] --END-- [ RunTime:0.001205s ]
ERR: 非法操作:my_video.mp4

[ 2019-11-09T02:28:02+08:00 ] 127.0.0.1 /bsys/index.php/Index/Hotspot/getEpisode?series_id=4
INFO: [ app_init ] --START--
INFO: Run Behavior\BuildLiteBehavior [ RunTime:0.000016s ]
INFO: [ app_init ] --END-- [ RunTime:0.000794s ]
INFO: [ app_begin ] --START--
INFO: Run Behavior\ReadHtmlCacheBehavior [ RunTime:0.000939s ]
INFO: [ app_begin ] --END-- [ RunTime:0.000963s ]
SQL: SHOW COLUMNS FROM `ysq_videos` [ RunTime:0.0076s ]
SQL: SHOW COLUMNS FROM `ysq_series` [ RunTime:0.0068s ]
SQL: SELECT * FROM `ysq_videos` WHERE `series_id` = 4 AND `video_status` = 1 ORDER BY video_episode  [ RunTime:0.0008s ]
SQL: SELECT `series_coverpath` FROM `ysq_series` WHERE `series_id` = 4 LIMIT 1   [ RunTime:0.0004s ]
SQL: SELECT `video_upload_timestamp` FROM `ysq_videos` WHERE `series_id` = 4 AND `video_status` = 1 ORDER BY video_episode desc LIMIT 1   [ RunTime:0.0003s ]
SQL: SELECT `series_title` FROM `ysq_series` WHERE `series_id` = 4 LIMIT 1   [ RunTime:0.0003s ]
SQL: SELECT `series_profile` FROM `ysq_series` WHERE `series_id` = 4 LIMIT 1   [ RunTime:0.0002s ]

[ 2019-11-09T02:28:51+08:00 ] 127.0.0.1 /bsys/index.php/Index/hotspot/play?series_id=4
INFO: [ app_init ] --START--
INFO: Run Behavior\BuildLiteBehavior [ RunTime:0.000008s ]
INFO: [ app_init ] --END-- [ RunTime:0.000624s ]
INFO: [ app_begin ] --START--
INFO: Run Behavior\ReadHtmlCacheBehavior [ RunTime:0.000922s ]
INFO: [ app_begin ] --END-- [ RunTime:0.000953s ]
INFO: [ view_parse ] --START--
INFO: [ template_filter ] --START--
INFO: Run Behavior\ContentReplaceBehavior [ RunTime:0.000087s ]
INFO: [ template_filter ] --END-- [ RunTime:0.000121s ]
INFO: Run Behavior\ParseTemplateBehavior [ RunTime:0.008269s ]
INFO: [ view_parse ] --END-- [ RunTime:0.008307s ]
INFO: [ view_filter ] --START--
INFO: Run Behavior\WriteHtmlCacheBehavior [ RunTime:0.000780s ]
INFO: [ view_filter ] --END-- [ RunTime:0.000805s ]
INFO: [ app_end ] --START--
INFO: Run Behavior\ShowPageTraceBehavior [ RunTime:0.000965s ]
INFO: [ app_end ] --END-- [ RunTime:0.000994s ]

[ 2019-11-09T02:28:51+08:00 ] 127.0.0.1 /bsys/index.php/Index/hotspot/my_video.mp4
INFO: [ app_init ] --START--
INFO: Run Behavior\BuildLiteBehavior [ RunTime:0.000007s ]
INFO: [ app_init ] --END-- [ RunTime:0.000662s ]
INFO: [ app_begin ] --START--
INFO: Run Behavior\ReadHtmlCacheBehavior [ RunTime:0.001240s ]
INFO: [ app_begin ] --END-- [ RunTime:0.001299s ]
ERR: 非法操作:my_video.mp4

[ 2019-11-09T02:28:51+08:00 ] 127.0.0.1 /bsys/index.php/Index/hotspot/my_video.mp4
INFO: [ app_init ] --START--
INFO: Run Behavior\BuildLiteBehavior [ RunTime:0.000008s ]
INFO: [ app_init ] --END-- [ RunTime:0.000674s ]
INFO: [ app_begin ] --START--
INFO: Run Behavior\ReadHtmlCacheBehavior [ RunTime:0.000927s ]
INFO: [ app_begin ] --END-- [ RunTime:0.000954s ]
ERR: 非法操作:my_video.mp4

[ 2019-11-09T02:28:52+08:00 ] 127.0.0.1 /bsys/index.php/Index/Hotspot/getEpisode?series_id=4
INFO: [ app_init ] --START--
INFO: Run Behavior\BuildLiteBehavior [ RunTime:0.000008s ]
INFO: [ app_init ] --END-- [ RunTime:0.000665s ]
INFO: [ app_begin ] --START--
INFO: Run Behavior\ReadHtmlCacheBehavior [ RunTime:0.000945s ]
INFO: [ app_begin ] --END-- [ RunTime:0.000973s ]
SQL: SHOW COLUMNS FROM `ysq_videos` [ RunTime:0.0070s ]
SQL: SHOW COLUMNS FROM `ysq_series` [ RunTime:0.0073s ]
SQL: SELECT * FROM `ysq_videos` WHERE `series_id` = 4 AND `video_status` = 1 ORDER BY video_episode  [ RunTime:0.0006s ]
SQL: SELECT `series_coverpath` FROM `ysq_series` WHERE `series_id` = 4 LIMIT 1   [ RunTime:0.0003s ]
SQL: SELECT `video_upload_timestamp` FROM `ysq_videos` WHERE `series_id` = 4 AND `video_status` = 1 ORDER BY video_episode desc LIMIT 1   [ RunTime:0.0005s ]
SQL: SELECT `series_title` FROM `ysq_series` WHERE `series_id` = 4 LIMIT 1   [ RunTime:0.0003s ]
SQL: SELECT `series_profile` FROM `ysq_series` WHERE `series_id` = 4 LIMIT 1   [ RunTime:0.0003s ]

[ 2019-11-09T02:32:44+08:00 ] 127.0.0.1 /bsys/index.php/Index/hotspot/play?series_id=4
INFO: [ app_init ] --START--
INFO: Run Behavior\BuildLiteBehavior [ RunTime:0.000009s ]
INFO: [ app_init ] --END-- [ RunTime:0.000898s ]
INFO: [ app_begin ] --START--
INFO: Run Behavior\ReadHtmlCacheBehavior [ RunTime:0.001350s ]
INFO: [ app_begin ] --END-- [ RunTime:0.001385s ]
INFO: [ view_parse ] --START--
INFO: [ template_filter ] --START--
INFO: Run Behavior\ContentReplaceBehavior [ RunTime:0.000115s ]
INFO: [ template_filter ] --END-- [ RunTime:0.000165s ]
INFO: Run Behavior\ParseTemplateBehavior [ RunTime:0.011462s ]
INFO: [ view_parse ] --END-- [ RunTime:0.011509s ]
INFO: [ view_filter ] --START--
INFO: Run Behavior\WriteHtmlCacheBehavior [ RunTime:0.001433s ]
INFO: [ view_filter ] --END-- [ RunTime:0.001465s ]
INFO: [ app_end ] --START--
INFO: Run Behavior\ShowPageTraceBehavior [ RunTime:0.001423s ]
INFO: [ app_end ] --END-- [ RunTime:0.001455s ]

[ 2019-11-09T02:32:44+08:00 ] 127.0.0.1 /bsys/index.php/Index/hotspot/my_video.mp4
INFO: [ app_init ] --START--
INFO: Run Behavior\BuildLiteBehavior [ RunTime:0.000009s ]
INFO: [ app_init ] --END-- [ RunTime:0.000697s ]
INFO: [ app_begin ] --START--
INFO: Run Behavior\ReadHtmlCacheBehavior [ RunTime:0.000953s ]
INFO: [ app_begin ] --END-- [ RunTime:0.000988s ]
ERR: 非法操作:my_video.mp4

[ 2019-11-09T02:32:44+08:00 ] 127.0.0.1 /bsys/index.php/Index/hotspot/my_video.mp4
INFO: [ app_init ] --START--
INFO: Run Behavior\BuildLiteBehavior [ RunTime:0.000008s ]
INFO: [ app_init ] --END-- [ RunTime:0.000632s ]
INFO: [ app_begin ] --START--
INFO: Run Behavior\ReadHtmlCacheBehavior [ RunTime:0.000952s ]
INFO: [ app_begin ] --END-- [ RunTime:0.000981s ]
ERR: 非法操作:my_video.mp4

[ 2019-11-09T02:32:44+08:00 ] 127.0.0.1 /bsys/index.php/Index/Hotspot/getEpisode?series_id=4
INFO: [ app_init ] --START--
INFO: Run Behavior\BuildLiteBehavior [ RunTime:0.000007s ]
INFO: [ app_init ] --END-- [ RunTime:0.000634s ]
INFO: [ app_begin ] --START--
INFO: Run Behavior\ReadHtmlCacheBehavior [ RunTime:0.000878s ]
INFO: [ app_begin ] --END-- [ RunTime:0.000902s ]
ERR: SQLSTATE[HY000] [1045] Access denied for user 'root'@'localhost' (using password: YES)

[ 2019-11-09T02:32:45+08:00 ] 127.0.0.1 /bsys/index.php/Index/hotspot/list
INFO: [ app_init ] --START--
INFO: Run Behavior\BuildLiteBehavior [ RunTime:0.000011s ]
INFO: [ app_init ] --END-- [ RunTime:0.000818s ]
INFO: [ app_begin ] --START--
INFO: Run Behavior\ReadHtmlCacheBehavior [ RunTime:0.000942s ]
INFO: [ app_begin ] --END-- [ RunTime:0.000976s ]
INFO: [ view_parse ] --START--
INFO: [ template_filter ] --START--
INFO: Run Behavior\ContentReplaceBehavior [ RunTime:0.000142s ]
INFO: [ template_filter ] --END-- [ RunTime:0.000178s ]
INFO: Run Behavior\ParseTemplateBehavior [ RunTime:0.007972s ]
INFO: [ view_parse ] --END-- [ RunTime:0.008022s ]
INFO: [ view_filter ] --START--
INFO: Run Behavior\WriteHtmlCacheBehavior [ RunTime:0.000854s ]
INFO: [ view_filter ] --END-- [ RunTime:0.000885s ]
INFO: [ app_end ] --START--
INFO: Run Behavior\ShowPageTraceBehavior [ RunTime:0.001142s ]
INFO: [ app_end ] --END-- [ RunTime:0.001187s ]

[ 2019-11-09T02:32:46+08:00 ] 127.0.0.1 /bsys/index.php/Index/Hotspot/getHotspotList
INFO: [ app_init ] --START--
INFO: Run Behavior\BuildLiteBehavior [ RunTime:0.000012s ]
INFO: [ app_init ] --END-- [ RunTime:0.001037s ]
INFO: [ app_begin ] --START--
INFO: Run Behavior\ReadHtmlCacheBehavior [ RunTime:0.001227s ]
INFO: [ app_begin ] --END-- [ RunTime:0.001275s ]
ERR: SQLSTATE[HY000] [1045] Access denied for user 'root'@'localhost' (using password: YES)

[ 2019-11-09T02:32:47+08:00 ] 127.0.0.1 /bsys/index.php/Index/hotspot/list
INFO: [ app_init ] --START--
INFO: Run Behavior\BuildLiteBehavior [ RunTime:0.000014s ]
INFO: [ app_init ] --END-- [ RunTime:0.000913s ]
INFO: [ app_begin ] --START--
INFO: Run Behavior\ReadHtmlCacheBehavior [ RunTime:0.001280s ]
INFO: [ app_begin ] --END-- [ RunTime:0.001329s ]
INFO: [ view_parse ] --START--
INFO: [ template_filter ] --START--
INFO: Run Behavior\ContentReplaceBehavior [ RunTime:0.000112s ]
INFO: [ template_filter ] --END-- [ RunTime:0.000181s ]
INFO: Run Behavior\ParseTemplateBehavior [ RunTime:0.011509s ]
INFO: [ view_parse ] --END-- [ RunTime:0.011576s ]
INFO: [ view_filter ] --START--
INFO: Run Behavior\WriteHtmlCacheBehavior [ RunTime:0.000984s ]
INFO: [ view_filter ] --END-- [ RunTime:0.001024s ]
INFO: [ app_end ] --START--
INFO: Run Behavior\ShowPageTraceBehavior [ RunTime:0.001504s ]
INFO: [ app_end ] --END-- [ RunTime:0.001560s ]

[ 2019-11-09T02:32:47+08:00 ] 127.0.0.1 /bsys/index.php/Index/Hotspot/getHotspotList
INFO: [ app_init ] --START--
INFO: Run Behavior\BuildLiteBehavior [ RunTime:0.000018s ]
INFO: [ app_init ] --END-- [ RunTime:0.001066s ]
INFO: [ app_begin ] --START--
INFO: Run Behavior\ReadHtmlCacheBehavior [ RunTime:0.001489s ]
INFO: [ app_begin ] --END-- [ RunTime:0.001551s ]
ERR: SQLSTATE[HY000] [1045] Access denied for user 'root'@'localhost' (using password: YES)

[ 2019-11-09T02:32:55+08:00 ] 127.0.0.1 /bsys/index.php/Index/hotspot/list
INFO: [ app_init ] --START--
INFO: Run Behavior\BuildLiteBehavior [ RunTime:0.000007s ]
INFO: [ app_init ] --END-- [ RunTime:0.000649s ]
INFO: [ app_begin ] --START--
INFO: Run Behavior\ReadHtmlCacheBehavior [ RunTime:0.000926s ]
INFO: [ app_begin ] --END-- [ RunTime:0.000957s ]
INFO: [ view_parse ] --START--
INFO: [ template_filter ] --START--
INFO: Run Behavior\ContentReplaceBehavior [ RunTime:0.000140s ]
INFO: [ template_filter ] --END-- [ RunTime:0.000236s ]
INFO: Run Behavior\ParseTemplateBehavior [ RunTime:0.008106s ]
INFO: [ view_parse ] --END-- [ RunTime:0.008139s ]
INFO: [ view_filter ] --START--
INFO: Run Behavior\WriteHtmlCacheBehavior [ RunTime:0.000722s ]
INFO: [ view_filter ] --END-- [ RunTime:0.000745s ]
INFO: [ app_end ] --START--
INFO: Run Behavior\ShowPageTraceBehavior [ RunTime:0.001087s ]
INFO: [ app_end ] --END-- [ RunTime:0.001119s ]

[ 2019-11-09T02:32:55+08:00 ] 127.0.0.1 /bsys/index.php/Index/Hotspot/getHotspotList
INFO: [ app_init ] --START--
INFO: Run Behavior\BuildLiteBehavior [ RunTime:0.000013s ]
INFO: [ app_init ] --END-- [ RunTime:0.001147s ]
INFO: [ app_begin ] --START--
INFO: Run Behavior\ReadHtmlCacheBehavior [ RunTime:0.001348s ]
INFO: [ app_begin ] --END-- [ RunTime:0.001398s ]
SQL: SHOW COLUMNS FROM `ysq_series` [ RunTime:0.0087s ]
NOTIC: [8] Undefined index: series_created_timestamp D:\xampp2\htdocs\bsys\Application\Index\Controller\HotspotController.class.php 第 39 行.
SQL: SELECT * FROM `ysq_series` WHERE `series_status` = 1 AND `is_on_shelves` = 1 ORDER BY series_created_timestamp desc LIMIT 20   [ RunTime:0.0006s ]

[ 2019-11-09T02:32:56+08:00 ] 127.0.0.1 /bsys/index.php/Index/hotspot/play?series_id=2
INFO: [ app_init ] --START--
INFO: Run Behavior\BuildLiteBehavior [ RunTime:0.000007s ]
INFO: [ app_init ] --END-- [ RunTime:0.000684s ]
INFO: [ app_begin ] --START--
INFO: Run Behavior\ReadHtmlCacheBehavior [ RunTime:0.000994s ]
INFO: [ app_begin ] --END-- [ RunTime:0.001031s ]
INFO: [ view_parse ] --START--
INFO: [ template_filter ] --START--
INFO: Run Behavior\ContentReplaceBehavior [ RunTime:0.000100s ]
INFO: [ template_filter ] --END-- [ RunTime:0.000140s ]
INFO: Run Behavior\ParseTemplateBehavior [ RunTime:0.007748s ]
INFO: [ view_parse ] --END-- [ RunTime:0.007792s ]
INFO: [ view_filter ] --START--
INFO: Run Behavior\WriteHtmlCacheBehavior [ RunTime:0.000877s ]
INFO: [ view_filter ] --END-- [ RunTime:0.000905s ]
INFO: [ app_end ] --START--
INFO: Run Behavior\ShowPageTraceBehavior [ RunTime:0.001220s ]
INFO: [ app_end ] --END-- [ RunTime:0.001258s ]

[ 2019-11-09T02:32:56+08:00 ] 127.0.0.1 /bsys/index.php/Index/hotspot/my_video.mp4
INFO: [ app_init ] --START--
INFO: Run Behavior\BuildLiteBehavior [ RunTime:0.000012s ]
INFO: [ app_init ] --END-- [ RunTime:0.000852s ]
INFO: [ app_begin ] --START--
INFO: Run Behavior\ReadHtmlCacheBehavior [ RunTime:0.001316s ]
INFO: [ app_begin ] --END-- [ RunTime:0.001370s ]
ERR: 非法操作:my_video.mp4

[ 2019-11-09T02:32:56+08:00 ] 127.0.0.1 /bsys/index.php/Index/hotspot/my_video.mp4
INFO: [ app_init ] --START--
INFO: Run Behavior\BuildLiteBehavior [ RunTime:0.000007s ]
INFO: [ app_init ] --END-- [ RunTime:0.000644s ]
INFO: [ app_begin ] --START--
INFO: Run Behavior\ReadHtmlCacheBehavior [ RunTime:0.000939s ]
INFO: [ app_begin ] --END-- [ RunTime:0.000968s ]
ERR: 非法操作:my_video.mp4

[ 2019-11-09T02:32:56+08:00 ] 127.0.0.1 /bsys/index.php/Index/Hotspot/getEpisode?series_id=2
INFO: [ app_init ] --START--
INFO: Run Behavior\BuildLiteBehavior [ RunTime:0.000010s ]
INFO: [ app_init ] --END-- [ RunTime:0.000723s ]
INFO: [ app_begin ] --START--
INFO: Run Behavior\ReadHtmlCacheBehavior [ RunTime:0.000967s ]
INFO: [ app_begin ] --END-- [ RunTime:0.000997s ]
SQL: SHOW COLUMNS FROM `ysq_videos` [ RunTime:0.0071s ]
SQL: SHOW COLUMNS FROM `ysq_series` [ RunTime:0.0072s ]
SQL: SELECT * FROM `ysq_videos` WHERE `series_id` = 2 AND `video_status` = 1 ORDER BY video_episode  [ RunTime:0.0005s ]
SQL: SELECT `series_coverpath` FROM `ysq_series` WHERE `series_id` = 2 LIMIT 1   [ RunTime:0.0003s ]
SQL: SELECT `video_upload_timestamp` FROM `ysq_videos` WHERE `series_id` = 2 AND `video_status` = 1 ORDER BY video_episode desc LIMIT 1   [ RunTime:0.0003s ]
SQL: SELECT `series_title` FROM `ysq_series` WHERE `series_id` = 2 LIMIT 1   [ RunTime:0.0003s ]
SQL: SELECT `series_profile` FROM `ysq_series` WHERE `series_id` = 2 LIMIT 1   [ RunTime:0.0003s ]

[ 2019-11-09T02:32:57+08:00 ] 127.0.0.1 /bsys/index.php/Index/Hotspot/getHotspotList
INFO: [ app_init ] --START--
INFO: Run Behavior\BuildLiteBehavior [ RunTime:0.000009s ]
INFO: [ app_init ] --END-- [ RunTime:0.000923s ]
INFO: [ app_begin ] --START--
INFO: Run Behavior\ReadHtmlCacheBehavior [ RunTime:0.001400s ]
INFO: [ app_begin ] --END-- [ RunTime:0.001454s ]
SQL: SHOW COLUMNS FROM `ysq_series` [ RunTime:0.0076s ]
NOTIC: [8] Undefined index: series_created_timestamp D:\xampp2\htdocs\bsys\Application\Index\Controller\HotspotController.class.php 第 39 行.
SQL: SELECT * FROM `ysq_series` WHERE `series_status` = 1 AND `is_on_shelves` = 1 ORDER BY series_created_timestamp desc LIMIT 20   [ RunTime:0.0005s ]

[ 2019-11-09T02:32:57+08:00 ] 127.0.0.1 /bsys/index.php/Index/hotspot/play?series_id=4
INFO: [ app_init ] --START--
INFO: Run Behavior\BuildLiteBehavior [ RunTime:0.000008s ]
INFO: [ app_init ] --END-- [ RunTime:0.000695s ]
INFO: [ app_begin ] --START--
INFO: Run Behavior\ReadHtmlCacheBehavior [ RunTime:0.000965s ]
INFO: [ app_begin ] --END-- [ RunTime:0.000998s ]
INFO: [ view_parse ] --START--
INFO: [ template_filter ] --START--
INFO: Run Behavior\ContentReplaceBehavior [ RunTime:0.000087s ]
INFO: [ template_filter ] --END-- [ RunTime:0.000121s ]
INFO: Run Behavior\ParseTemplateBehavior [ RunTime:0.008208s ]
INFO: [ view_parse ] --END-- [ RunTime:0.008256s ]
INFO: [ view_filter ] --START--
INFO: Run Behavior\WriteHtmlCacheBehavior [ RunTime:0.001029s ]
INFO: [ view_filter ] --END-- [ RunTime:0.001068s ]
INFO: [ app_end ] --START--
INFO: Run Behavior\ShowPageTraceBehavior [ RunTime:0.001466s ]
INFO: [ app_end ] --END-- [ RunTime:0.001530s ]

[ 2019-11-09T02:32:58+08:00 ] 127.0.0.1 /bsys/index.php/Index/hotspot/my_video.mp4
INFO: [ app_init ] --START--
INFO: Run Behavior\BuildLiteBehavior [ RunTime:0.000013s ]
INFO: [ app_init ] --END-- [ RunTime:0.000852s ]
INFO: [ app_begin ] --START--
INFO: Run Behavior\ReadHtmlCacheBehavior [ RunTime:0.001055s ]
INFO: [ app_begin ] --END-- [ RunTime:0.001098s ]
ERR: 非法操作:my_video.mp4

[ 2019-11-09T02:32:58+08:00 ] 127.0.0.1 /bsys/index.php/Index/hotspot/my_video.mp4
INFO: [ app_init ] --START--
INFO: Run Behavior\BuildLiteBehavior [ RunTime:0.000007s ]
INFO: [ app_init ] --END-- [ RunTime:0.000665s ]
INFO: [ app_begin ] --START--
INFO: Run Behavior\ReadHtmlCacheBehavior [ RunTime:0.000927s ]
INFO: [ app_begin ] --END-- [ RunTime:0.000960s ]
ERR: 非法操作:my_video.mp4

[ 2019-11-09T02:32:58+08:00 ] 127.0.0.1 /bsys/index.php/Index/Hotspot/getEpisode?series_id=4
INFO: [ app_init ] --START--
INFO: Run Behavior\BuildLiteBehavior [ RunTime:0.000008s ]
INFO: [ app_init ] --END-- [ RunTime:0.000641s ]
INFO: [ app_begin ] --START--
INFO: Run Behavior\ReadHtmlCacheBehavior [ RunTime:0.000933s ]
INFO: [ app_begin ] --END-- [ RunTime:0.000967s ]
SQL: SHOW COLUMNS FROM `ysq_videos` [ RunTime:0.0071s ]
SQL: SHOW COLUMNS FROM `ysq_series` [ RunTime:0.0067s ]
SQL: SELECT * FROM `ysq_videos` WHERE `series_id` = 4 AND `video_status` = 1 ORDER BY video_episode  [ RunTime:0.0006s ]
SQL: SELECT `series_coverpath` FROM `ysq_series` WHERE `series_id` = 4 LIMIT 1   [ RunTime:0.0003s ]
SQL: SELECT `video_upload_timestamp` FROM `ysq_videos` WHERE `series_id` = 4 AND `video_status` = 1 ORDER BY video_episode desc LIMIT 1   [ RunTime:0.0003s ]
SQL: SELECT `series_title` FROM `ysq_series` WHERE `series_id` = 4 LIMIT 1   [ RunTime:0.0003s ]
SQL: SELECT `series_profile` FROM `ysq_series` WHERE `series_id` = 4 LIMIT 1   [ RunTime:0.0003s ]

[ 2019-11-09T02:32:59+08:00 ] 127.0.0.1 /bsys/index.php/Index/Hotspot/getHotspotList
INFO: [ app_init ] --START--
INFO: Run Behavior\BuildLiteBehavior [ RunTime:0.000008s ]
INFO: [ app_init ] --END-- [ RunTime:0.000678s ]
INFO: [ app_begin ] --START--
INFO: Run Behavior\ReadHtmlCacheBehavior [ RunTime:0.000899s ]
INFO: [ app_begin ] --END-- [ RunTime:0.000926s ]
SQL: SHOW COLUMNS FROM `ysq_series` [ RunTime:0.0080s ]
NOTIC: [8] Undefined index: series_created_timestamp D:\xampp2\htdocs\bsys\Application\Index\Controller\HotspotController.class.php 第 39 行.
SQL: SELECT * FROM `ysq_series` WHERE `series_status` = 1 AND `is_on_shelves` = 1 ORDER BY series_created_timestamp desc LIMIT 20   [ RunTime:0.0004s ]

